[INFO] 14:19:14:143 discordiador/(18349:18349): N° proceso: 18349
[INFO] 14:19:16:051 discordiador/(18349:18368): [Shared Library]: Se creo un socket listenner en el puerto: 5000 
[INFO] 14:19:16:163 discordiador/(18349:18368): [Shared Library]: Esperando conexiones en puerto: 5000
[INFO] 14:19:31:244 discordiador/(18349:18349): Entró comando: INICIAR_PATOTA
[INFO] 14:19:31:307 discordiador/(18349:18349): 1
[INFO] 14:19:31:383 discordiador/(18349:18349): Las tareas a mandar son: ARREGLAR_REACTOR;0;0;600
[INFO] 14:19:31:440 discordiador/(18349:18349): CantidadActual: 1
[INFO] 14:19:31:462 discordiador/(18349:18349): Intentando conexion a IP: 127.0.0.1 y PORT: 5001 ..
[INFO] 14:19:31:470 discordiador/(18349:18349): [Shared Library]: Conexion exitosa. (╯°o°)ᕗ
[INFO] 14:19:31:488 discordiador/(18349:18349): [Shared Library]: ╰( ⁰ ਊ ⁰ )━☆ﾟ.*･｡ﾟ Mensaje enviado correctamente.
[INFO] 14:19:31:502 discordiador/(18349:18349): Recibi el siguiente mensaje..
[INFO] 14:19:31:512 discordiador/(18349:18349): Proceso: RAM
[INFO] 14:19:31:516 discordiador/(18349:18349): Comando: 200
[INFO] 14:19:31:520 discordiador/(18349:18349): Tamanio: 9
[INFO] 14:19:31:526 discordiador/(18349:18349): Se guardó en Memoria OK
[INFO] 14:19:31:552 discordiador/(18349:18349): Intentando conexion a IP: 127.0.0.1 y PORT: 5001 ..
[INFO] 14:19:31:556 discordiador/(18349:18349): [Shared Library]: Conexion exitosa. (╯°o°)ᕗ
[INFO] 14:19:31:560 discordiador/(18349:18349): [Shared Library]: ╰( ⁰ ਊ ⁰ )━☆ﾟ.*･｡ﾟ Mensaje enviado correctamente.
[INFO] 14:19:31:574 discordiador/(18349:18349): Recibi el siguiente mensaje..
[INFO] 14:19:31:576 discordiador/(18349:18349): Proceso: RAM
[INFO] 14:19:31:578 discordiador/(18349:18349): Comando: 200
[INFO] 14:19:31:579 discordiador/(18349:18349): Tamanio: 28
[INFO] 14:19:31:607 discordiador/(18349:18349): Tarea Inicial: ARREGLAR_REACTOR;0;0;600
[INFO] 14:19:45:427 discordiador/(18349:18349): Entró comando: INICIAR_PATOTA
[INFO] 14:19:45:489 discordiador/(18349:18349): 1
[INFO] 14:19:45:569 discordiador/(18349:18349): Las tareas a mandar son: EMPALMANDO_CABLES;8;0;600
[INFO] 14:19:45:580 discordiador/(18349:18349): CantidadActual: 2
[INFO] 14:19:45:587 discordiador/(18349:18349): Intentando conexion a IP: 127.0.0.1 y PORT: 5001 ..
[INFO] 14:19:45:589 discordiador/(18349:18349): [Shared Library]: Conexion exitosa. (╯°o°)ᕗ
[INFO] 14:19:45:592 discordiador/(18349:18349): [Shared Library]: ╰( ⁰ ਊ ⁰ )━☆ﾟ.*･｡ﾟ Mensaje enviado correctamente.
[INFO] 14:19:45:596 discordiador/(18349:18349): Recibi el siguiente mensaje..
[INFO] 14:19:45:618 discordiador/(18349:18349): Proceso: RAM
[INFO] 14:19:45:624 discordiador/(18349:18349): Comando: 200
[INFO] 14:19:45:626 discordiador/(18349:18349): Tamanio: 9
[INFO] 14:19:45:630 discordiador/(18349:18349): Se guardó en Memoria OK
[INFO] 14:19:45:638 discordiador/(18349:18349): Intentando conexion a IP: 127.0.0.1 y PORT: 5001 ..
[INFO] 14:19:45:640 discordiador/(18349:18349): [Shared Library]: Conexion exitosa. (╯°o°)ᕗ
[INFO] 14:19:45:643 discordiador/(18349:18349): [Shared Library]: ╰( ⁰ ਊ ⁰ )━☆ﾟ.*･｡ﾟ Mensaje enviado correctamente.
[INFO] 14:19:45:661 discordiador/(18349:18349): Recibi el siguiente mensaje..
[INFO] 14:19:45:668 discordiador/(18349:18349): Proceso: RAM
[INFO] 14:19:45:670 discordiador/(18349:18349): Comando: 200
[INFO] 14:19:45:673 discordiador/(18349:18349): Tamanio: 29
[INFO] 14:19:45:691 discordiador/(18349:18349): Tarea Inicial: EMPALMANDO_CABLES;8;0;600
[INFO] 14:19:59:556 discordiador/(18349:18349): Entró comando: INICIAR_PATOTA
[INFO] 14:19:59:620 discordiador/(18349:18349): 1
[INFO] 14:19:59:697 discordiador/(18349:18349): Las tareas a mandar son: ROMPIENDO_ASTEROIDES;8;8;600
[INFO] 14:19:59:702 discordiador/(18349:18349): CantidadActual: 3
[INFO] 14:19:59:704 discordiador/(18349:18349): Intentando conexion a IP: 127.0.0.1 y PORT: 5001 ..
[INFO] 14:19:59:707 discordiador/(18349:18349): [Shared Library]: Conexion exitosa. (╯°o°)ᕗ
[INFO] 14:19:59:710 discordiador/(18349:18349): [Shared Library]: ╰( ⁰ ਊ ⁰ )━☆ﾟ.*･｡ﾟ Mensaje enviado correctamente.
[INFO] 14:19:59:722 discordiador/(18349:18349): Recibi el siguiente mensaje..
[INFO] 14:19:59:744 discordiador/(18349:18349): Proceso: RAM
[INFO] 14:19:59:746 discordiador/(18349:18349): Comando: 200
[INFO] 14:19:59:750 discordiador/(18349:18349): Tamanio: 9
[INFO] 14:19:59:753 discordiador/(18349:18349): Se guardó en Memoria OK
[INFO] 14:19:59:756 discordiador/(18349:18349): Intentando conexion a IP: 127.0.0.1 y PORT: 5001 ..
[INFO] 14:19:59:759 discordiador/(18349:18349): [Shared Library]: Conexion exitosa. (╯°o°)ᕗ
[INFO] 14:19:59:762 discordiador/(18349:18349): [Shared Library]: ╰( ⁰ ਊ ⁰ )━☆ﾟ.*･｡ﾟ Mensaje enviado correctamente.
[INFO] 14:19:59:780 discordiador/(18349:18349): Recibi el siguiente mensaje..
[INFO] 14:19:59:784 discordiador/(18349:18349): Proceso: RAM
[INFO] 14:19:59:792 discordiador/(18349:18349): Comando: 200
[INFO] 14:19:59:793 discordiador/(18349:18349): Tamanio: 32
[INFO] 14:19:59:796 discordiador/(18349:18349): Tarea Inicial: ROMPIENDO_ASTEROIDES;8;8;600
[INFO] 14:20:12:918 discordiador/(18349:18349): Entró comando: INICIAR_PATOTA
[INFO] 14:20:12:980 discordiador/(18349:18349): 1
[INFO] 14:20:13:057 discordiador/(18349:18349): Las tareas a mandar son: CEBANDO_MATES;0;8;600
[INFO] 14:20:13:061 discordiador/(18349:18349): CantidadActual: 4
[INFO] 14:20:13:063 discordiador/(18349:18349): Intentando conexion a IP: 127.0.0.1 y PORT: 5001 ..
[INFO] 14:20:13:066 discordiador/(18349:18349): [Shared Library]: Conexion exitosa. (╯°o°)ᕗ
[INFO] 14:20:13:074 discordiador/(18349:18349): [Shared Library]: ╰( ⁰ ਊ ⁰ )━☆ﾟ.*･｡ﾟ Mensaje enviado correctamente.
[INFO] 14:20:13:083 discordiador/(18349:18349): Recibi el siguiente mensaje..
[INFO] 14:20:13:103 discordiador/(18349:18349): Proceso: RAM
[INFO] 14:20:13:107 discordiador/(18349:18349): Comando: 200
[INFO] 14:20:13:111 discordiador/(18349:18349): Tamanio: 9
[INFO] 14:20:13:114 discordiador/(18349:18349): Se guardó en Memoria OK
[INFO] 14:20:13:119 discordiador/(18349:18349): Intentando conexion a IP: 127.0.0.1 y PORT: 5001 ..
[INFO] 14:20:13:122 discordiador/(18349:18349): [Shared Library]: Conexion exitosa. (╯°o°)ᕗ
[INFO] 14:20:13:125 discordiador/(18349:18349): [Shared Library]: ╰( ⁰ ਊ ⁰ )━☆ﾟ.*･｡ﾟ Mensaje enviado correctamente.
[INFO] 14:20:13:142 discordiador/(18349:18349): Recibi el siguiente mensaje..
[INFO] 14:20:13:148 discordiador/(18349:18349): Proceso: RAM
[INFO] 14:20:13:150 discordiador/(18349:18349): Comando: 200
[INFO] 14:20:13:155 discordiador/(18349:18349): Tamanio: 25
[INFO] 14:20:13:157 discordiador/(18349:18349): Tarea Inicial: CEBANDO_MATES;0;8;600
[INFO] 14:20:18:640 discordiador/(18349:18349): Entró comando: INICIAR_PLANIFICACION
[INFO] 14:20:18:644 discordiador/(18349:18349): Se inició la planificación. Estado de la flag: 1
[INFO] 14:20:18:667 discordiador/(18349:18359): ----------------------------------
[INFO] 14:20:18:679 discordiador/(18349:18359): Se ejecuta el hilo de New a Ready
[INFO] 14:20:18:695 discordiador/(18349:18359): Tripulante: 0 encontrado en New. Moviéndolo a Ready...
[INFO] 14:20:18:698 discordiador/(18349:18359): Instruccion Actual: ARREGLAR_REACTOR;0;0;600
[INFO] 14:20:18:702 discordiador/(18349:18359): ----------------------------------
[INFO] 14:20:18:704 discordiador/(18349:18359): Se ejecutó NEW->READY
[INFO] 14:20:18:706 discordiador/(18349:18359): ----------------------------------
[INFO] 14:20:18:715 discordiador/(18349:18359): ----------------------------------
[INFO] 14:20:18:720 discordiador/(18349:18359): Se ejecuta el hilo de New a Ready
[INFO] 14:20:18:726 discordiador/(18349:18359): Tripulante: 1 encontrado en New. Moviéndolo a Ready...
[INFO] 14:20:18:728 discordiador/(18349:18359): Instruccion Actual: EMPALMANDO_CABLES;8;0;600
[INFO] 14:20:18:730 discordiador/(18349:18359): ----------------------------------
[INFO] 14:20:18:732 discordiador/(18349:18359): Se ejecutó NEW->READY
[INFO] 14:20:18:734 discordiador/(18349:18359): ----------------------------------
[INFO] 14:20:18:736 discordiador/(18349:18359): ----------------------------------
[INFO] 14:20:18:747 discordiador/(18349:18359): Se ejecuta el hilo de New a Ready
[INFO] 14:20:18:753 discordiador/(18349:18359): Tripulante: 2 encontrado en New. Moviéndolo a Ready...
[INFO] 14:20:18:755 discordiador/(18349:18359): Instruccion Actual: ROMPIENDO_ASTEROIDES;8;8;600
[INFO] 14:20:18:757 discordiador/(18349:18359): ----------------------------------
[INFO] 14:20:18:760 discordiador/(18349:18359): Se ejecutó NEW->READY
[INFO] 14:20:18:762 discordiador/(18349:18359): ----------------------------------
[INFO] 14:20:18:763 discordiador/(18349:18359): ----------------------------------
[INFO] 14:20:18:765 discordiador/(18349:18359): Se ejecuta el hilo de New a Ready
[INFO] 14:20:18:767 discordiador/(18349:18359): Tripulante: 3 encontrado en New. Moviéndolo a Ready...
[INFO] 14:20:18:779 discordiador/(18349:18359): Instruccion Actual: CEBANDO_MATES;0;8;600
[INFO] 14:20:18:781 discordiador/(18349:18359): ----------------------------------
[INFO] 14:20:18:785 discordiador/(18349:18359): Se ejecutó NEW->READY
[INFO] 14:20:18:787 discordiador/(18349:18359): ----------------------------------
[INFO] 14:20:18:796 discordiador/(18349:18360): Tripulante: 0 encontrado en Ready. Moviéndolo a Exec...
[INFO] 14:20:18:807 discordiador/(18349:18360): Instrucción Actual: ARREGLAR_REACTOR;0;0;600
[INFO] 14:20:18:817 discordiador/(18349:18360): Se paso Tripulante a Exec
[INFO] 14:20:18:820 discordiador/(18349:18360): Hay 1 nodos en Exec
[INFO] 14:20:18:822 discordiador/(18349:18360): Se ejecutó Ready->Exec
[INFO] 14:20:18:824 discordiador/(18349:18360): ----------------------------------
[INFO] 14:20:18:853 discordiador/(18349:18404): parametro: ARREGLAR_REACTOR;0;0;600
[INFO] 14:20:18:877 discordiador/(18349:18404): [Tripulante 0] Se debe realizar una tarea normal
[INFO] 14:20:18:884 discordiador/(18349:18404): nombre de tarea (tarea normal): ARREGLAR_REACTOR
[INFO] 14:20:18:907 discordiador/(18349:18404): Intentando conexion a IP: 127.0.0.1 y PORT: 5002 ..
[INFO] 14:20:18:911 discordiador/(18349:18404): [Shared Library]: Conexion exitosa. (╯°o°)ᕗ
[INFO] 14:20:18:914 discordiador/(18349:18404): [Shared Library]: ╰( ⁰ ਊ ⁰ )━☆ﾟ.*･｡ﾟ Mensaje enviado correctamente.
[INFO] 14:20:18:951 discordiador/(18349:18404): El tiempo en exec del tripulante 0 es: 1
[INFO] 14:20:20:007 discordiador/(18349:18362): Se ejecutó Exec->BlockedIO
[INFO] 14:20:20:012 discordiador/(18349:18362): ----------------------------------
[INFO] 14:20:20:018 discordiador/(18349:18361): ----------------------------------
[INFO] 14:20:20:020 discordiador/(18349:18361): Se ejecuta el hilo de Exec a Ready
[INFO] 14:20:20:028 discordiador/(18349:18361): Se ejecutó Exec->Ready
[INFO] 14:20:20:031 discordiador/(18349:18361): ----------------------------------
[INFO] 14:20:20:037 discordiador/(18349:18363): Se ejecutó Exec->Exit
[INFO] 14:20:20:049 discordiador/(18349:18363): ----------------------------------
[INFO] 14:20:20:059 discordiador/(18349:18404): parametro: ARREGLAR_REACTOR;0;0;600
[INFO] 14:20:20:061 discordiador/(18349:18404): [Tripulante 0] Se debe realizar una tarea normal
[INFO] 14:20:20:065 discordiador/(18349:18404): nombre de tarea (tarea normal): ARREGLAR_REACTOR
[INFO] 14:20:20:069 discordiador/(18349:18404): El tiempo en exec del tripulante 0 es: 2
[INFO] 14:20:21:072 discordiador/(18349:18362): Se ejecutó Exec->BlockedIO
[INFO] 14:20:21:074 discordiador/(18349:18362): ----------------------------------
[INFO] 14:20:21:076 discordiador/(18349:18361): ----------------------------------
[INFO] 14:20:21:078 discordiador/(18349:18361): Se ejecuta el hilo de Exec a Ready
[INFO] 14:20:21:081 discordiador/(18349:18361): Se ejecutó Exec->Ready
[INFO] 14:20:21:083 discordiador/(18349:18361): ----------------------------------
[INFO] 14:20:21:085 discordiador/(18349:18363): Se ejecutó Exec->Exit
[INFO] 14:20:21:092 discordiador/(18349:18363): ----------------------------------
[INFO] 14:20:21:095 discordiador/(18349:18404): parametro: ARREGLAR_REACTOR;0;0;600
[INFO] 14:20:21:097 discordiador/(18349:18404): [Tripulante 0] Se debe realizar una tarea normal
[INFO] 14:20:21:100 discordiador/(18349:18404): nombre de tarea (tarea normal): ARREGLAR_REACTOR
[INFO] 14:20:21:111 discordiador/(18349:18404): El tiempo en exec del tripulante 0 es: 3
[INFO] 14:20:22:115 discordiador/(18349:18362): Se ejecutó Exec->BlockedIO
[INFO] 14:20:22:119 discordiador/(18349:18362): ----------------------------------
[INFO] 14:20:22:123 discordiador/(18349:18361): ----------------------------------
[INFO] 14:20:22:127 discordiador/(18349:18361): Se ejecuta el hilo de Exec a Ready
[INFO] 14:20:22:139 discordiador/(18349:18361): Se ejecutó Exec->Ready
[INFO] 14:20:22:143 discordiador/(18349:18361): ----------------------------------
[INFO] 14:20:22:155 discordiador/(18349:18363): Se ejecutó Exec->Exit
[INFO] 14:20:22:157 discordiador/(18349:18363): ----------------------------------
[INFO] 14:20:22:161 discordiador/(18349:18404): parametro: ARREGLAR_REACTOR;0;0;600
[INFO] 14:20:22:163 discordiador/(18349:18404): [Tripulante 0] Se debe realizar una tarea normal
[INFO] 14:20:22:166 discordiador/(18349:18404): nombre de tarea (tarea normal): ARREGLAR_REACTOR
[INFO] 14:20:22:168 discordiador/(18349:18404): El tiempo en exec del tripulante 0 es: 4
[INFO] 14:20:23:171 discordiador/(18349:18362): Se ejecutó Exec->BlockedIO
[INFO] 14:20:23:177 discordiador/(18349:18362): ----------------------------------
[INFO] 14:20:23:180 discordiador/(18349:18361): ----------------------------------
[INFO] 14:20:23:186 discordiador/(18349:18361): Se ejecuta el hilo de Exec a Ready
[INFO] 14:20:23:193 discordiador/(18349:18361): Se ejecutó Exec->Ready
[INFO] 14:20:23:207 discordiador/(18349:18361): ----------------------------------
[INFO] 14:20:23:209 discordiador/(18349:18363): Se ejecutó Exec->Exit
[INFO] 14:20:23:211 discordiador/(18349:18363): ----------------------------------
[INFO] 14:20:23:216 discordiador/(18349:18404): parametro: ARREGLAR_REACTOR;0;0;600
[INFO] 14:20:23:218 discordiador/(18349:18404): [Tripulante 0] Se debe realizar una tarea normal
[INFO] 14:20:23:231 discordiador/(18349:18404): nombre de tarea (tarea normal): ARREGLAR_REACTOR
[INFO] 14:20:23:235 discordiador/(18349:18404): El tiempo en exec del tripulante 0 es: 5
[INFO] 14:20:24:241 discordiador/(18349:18362): Se ejecutó Exec->BlockedIO
[INFO] 14:20:24:245 discordiador/(18349:18362): ----------------------------------
[INFO] 14:20:24:249 discordiador/(18349:18361): ----------------------------------
[INFO] 14:20:24:252 discordiador/(18349:18361): Se ejecuta el hilo de Exec a Ready
[INFO] 14:20:24:264 discordiador/(18349:18361): Se ejecutó Exec->Ready
[INFO] 14:20:24:268 discordiador/(18349:18361): ----------------------------------
[INFO] 14:20:24:276 discordiador/(18349:18363): Se ejecutó Exec->Exit
[INFO] 14:20:24:283 discordiador/(18349:18363): ----------------------------------
[INFO] 14:20:24:294 discordiador/(18349:18404): parametro: ARREGLAR_REACTOR;0;0;600
[INFO] 14:20:24:296 discordiador/(18349:18404): [Tripulante 0] Se debe realizar una tarea normal
[INFO] 14:20:24:302 discordiador/(18349:18404): nombre de tarea (tarea normal): ARREGLAR_REACTOR
[INFO] 14:20:24:305 discordiador/(18349:18404): El tiempo en exec del tripulante 0 es: 6
[INFO] 14:20:25:308 discordiador/(18349:18362): Se ejecutó Exec->BlockedIO
[INFO] 14:20:25:314 discordiador/(18349:18362): ----------------------------------
[INFO] 14:20:25:318 discordiador/(18349:18361): ----------------------------------
[INFO] 14:20:25:331 discordiador/(18349:18361): Se ejecuta el hilo de Exec a Ready
[INFO] 14:20:25:333 discordiador/(18349:18361): Se ejecutó Exec->Ready
[INFO] 14:20:25:336 discordiador/(18349:18361): ----------------------------------
[INFO] 14:20:25:343 discordiador/(18349:18363): Se ejecutó Exec->Exit
[INFO] 14:20:25:345 discordiador/(18349:18363): ----------------------------------
[INFO] 14:20:25:347 discordiador/(18349:18404): parametro: ARREGLAR_REACTOR;0;0;600
[INFO] 14:20:25:349 discordiador/(18349:18404): [Tripulante 0] Se debe realizar una tarea normal
[INFO] 14:20:25:365 discordiador/(18349:18404): nombre de tarea (tarea normal): ARREGLAR_REACTOR
[INFO] 14:20:25:368 discordiador/(18349:18404): El tiempo en exec del tripulante 0 es: 7
[INFO] 14:20:26:373 discordiador/(18349:18362): Se ejecutó Exec->BlockedIO
[INFO] 14:20:26:376 discordiador/(18349:18362): ----------------------------------
[INFO] 14:20:26:379 discordiador/(18349:18361): ----------------------------------
[INFO] 14:20:26:381 discordiador/(18349:18361): Se ejecuta el hilo de Exec a Ready
[INFO] 14:20:26:383 discordiador/(18349:18361): Se ejecutó Exec->Ready
[INFO] 14:20:26:385 discordiador/(18349:18361): ----------------------------------
[INFO] 14:20:26:391 discordiador/(18349:18363): Se ejecutó Exec->Exit
[INFO] 14:20:26:393 discordiador/(18349:18363): ----------------------------------
[INFO] 14:20:26:395 discordiador/(18349:18404): parametro: ARREGLAR_REACTOR;0;0;600
[INFO] 14:20:26:397 discordiador/(18349:18404): [Tripulante 0] Se debe realizar una tarea normal
[INFO] 14:20:26:400 discordiador/(18349:18404): nombre de tarea (tarea normal): ARREGLAR_REACTOR
[INFO] 14:20:26:411 discordiador/(18349:18404): El tiempo en exec del tripulante 0 es: 8
[INFO] 14:20:27:414 discordiador/(18349:18362): Se ejecutó Exec->BlockedIO
[INFO] 14:20:27:420 discordiador/(18349:18362): ----------------------------------
[INFO] 14:20:27:424 discordiador/(18349:18361): ----------------------------------
[INFO] 14:20:27:427 discordiador/(18349:18361): Se ejecuta el hilo de Exec a Ready
[INFO] 14:20:27:436 discordiador/(18349:18361): Se ejecutó Exec->Ready
[INFO] 14:20:27:438 discordiador/(18349:18361): ----------------------------------
[INFO] 14:20:27:441 discordiador/(18349:18363): Se ejecutó Exec->Exit
[INFO] 14:20:27:443 discordiador/(18349:18363): ----------------------------------
[INFO] 14:20:27:446 discordiador/(18349:18404): parametro: ARREGLAR_REACTOR;0;0;600
[INFO] 14:20:27:452 discordiador/(18349:18404): [Tripulante 0] Se debe realizar una tarea normal
[INFO] 14:20:27:460 discordiador/(18349:18404): nombre de tarea (tarea normal): ARREGLAR_REACTOR
[INFO] 14:20:27:468 discordiador/(18349:18404): El tiempo en exec del tripulante 0 es: 9
[INFO] 14:20:28:470 discordiador/(18349:18362): Se ejecutó Exec->BlockedIO
[INFO] 14:20:28:472 discordiador/(18349:18362): ----------------------------------
[INFO] 14:20:28:473 discordiador/(18349:18361): ----------------------------------
[INFO] 14:20:28:475 discordiador/(18349:18361): Se ejecuta el hilo de Exec a Ready
[INFO] 14:20:28:477 discordiador/(18349:18361): Se ejecutó Exec->Ready
[INFO] 14:20:28:478 discordiador/(18349:18361): ----------------------------------
[INFO] 14:20:28:480 discordiador/(18349:18363): Se ejecutó Exec->Exit
[INFO] 14:20:28:486 discordiador/(18349:18363): ----------------------------------
[INFO] 14:20:28:488 discordiador/(18349:18404): parametro: ARREGLAR_REACTOR;0;0;600
[INFO] 14:20:28:490 discordiador/(18349:18404): [Tripulante 0] Se debe realizar una tarea normal
[INFO] 14:20:28:492 discordiador/(18349:18404): nombre de tarea (tarea normal): ARREGLAR_REACTOR
[INFO] 14:20:28:494 discordiador/(18349:18404): El tiempo en exec del tripulante 0 es: 10
[INFO] 14:20:29:496 discordiador/(18349:18362): Se ejecutó Exec->BlockedIO
[INFO] 14:20:29:498 discordiador/(18349:18362): ----------------------------------
[INFO] 14:20:29:501 discordiador/(18349:18361): ----------------------------------
[INFO] 14:20:29:506 discordiador/(18349:18361): Se ejecuta el hilo de Exec a Ready
[INFO] 14:20:29:521 discordiador/(18349:18361): Se ejecutó Exec->Ready
[INFO] 14:20:29:535 discordiador/(18349:18361): ----------------------------------
[INFO] 14:20:29:544 discordiador/(18349:18363): Se ejecutó Exec->Exit
[INFO] 14:20:29:546 discordiador/(18349:18363): ----------------------------------
[INFO] 14:20:29:548 discordiador/(18349:18404): parametro: ARREGLAR_REACTOR;0;0;600
[INFO] 14:20:29:552 discordiador/(18349:18404): [Tripulante 0] Se debe realizar una tarea normal
[INFO] 14:20:29:557 discordiador/(18349:18404): nombre de tarea (tarea normal): ARREGLAR_REACTOR
[INFO] 14:20:29:561 discordiador/(18349:18404): El tiempo en exec del tripulante 0 es: 11
[INFO] 14:20:30:563 discordiador/(18349:18362): Se ejecutó Exec->BlockedIO
[INFO] 14:20:30:565 discordiador/(18349:18362): ----------------------------------
[INFO] 14:20:30:567 discordiador/(18349:18361): ----------------------------------
[INFO] 14:20:30:569 discordiador/(18349:18361): Se ejecuta el hilo de Exec a Ready
[INFO] 14:20:30:571 discordiador/(18349:18361): Se ejecutó Exec->Ready
[INFO] 14:20:30:581 discordiador/(18349:18361): ----------------------------------
[INFO] 14:20:30:582 discordiador/(18349:18363): Se ejecutó Exec->Exit
[INFO] 14:20:30:584 discordiador/(18349:18363): ----------------------------------
[INFO] 14:20:30:588 discordiador/(18349:18404): parametro: ARREGLAR_REACTOR;0;0;600
[INFO] 14:20:30:590 discordiador/(18349:18404): [Tripulante 0] Se debe realizar una tarea normal
[INFO] 14:20:30:596 discordiador/(18349:18404): nombre de tarea (tarea normal): ARREGLAR_REACTOR
[INFO] 14:20:30:608 discordiador/(18349:18404): El tiempo en exec del tripulante 0 es: 12
[INFO] 14:20:31:611 discordiador/(18349:18362): Se ejecutó Exec->BlockedIO
[INFO] 14:20:31:615 discordiador/(18349:18362): ----------------------------------
[INFO] 14:20:31:618 discordiador/(18349:18361): ----------------------------------
[INFO] 14:20:31:622 discordiador/(18349:18361): Se ejecuta el hilo de Exec a Ready
[INFO] 14:20:31:632 discordiador/(18349:18361): Se ejecutó Exec->Ready
[INFO] 14:20:31:637 discordiador/(18349:18361): ----------------------------------
[INFO] 14:20:31:639 discordiador/(18349:18363): Se ejecutó Exec->Exit
[INFO] 14:20:31:648 discordiador/(18349:18363): ----------------------------------
[INFO] 14:20:31:653 discordiador/(18349:18404): parametro: ARREGLAR_REACTOR;0;0;600
[INFO] 14:20:31:655 discordiador/(18349:18404): [Tripulante 0] Se debe realizar una tarea normal
[INFO] 14:20:31:659 discordiador/(18349:18404): nombre de tarea (tarea normal): ARREGLAR_REACTOR
[INFO] 14:20:31:661 discordiador/(18349:18404): El tiempo en exec del tripulante 0 es: 13
[INFO] 14:20:32:663 discordiador/(18349:18362): Se ejecutó Exec->BlockedIO
[INFO] 14:20:32:667 discordiador/(18349:18362): ----------------------------------
[INFO] 14:20:32:671 discordiador/(18349:18361): ----------------------------------
[INFO] 14:20:32:674 discordiador/(18349:18361): Se ejecuta el hilo de Exec a Ready
[INFO] 14:20:32:684 discordiador/(18349:18361): Se ejecutó Exec->Ready
[INFO] 14:20:32:685 discordiador/(18349:18361): ----------------------------------
[INFO] 14:20:32:687 discordiador/(18349:18363): Se ejecutó Exec->Exit
[INFO] 14:20:32:689 discordiador/(18349:18363): ----------------------------------
[INFO] 14:20:32:691 discordiador/(18349:18404): parametro: ARREGLAR_REACTOR;0;0;600
[INFO] 14:20:32:703 discordiador/(18349:18404): [Tripulante 0] Se debe realizar una tarea normal
[INFO] 14:20:32:706 discordiador/(18349:18404): nombre de tarea (tarea normal): ARREGLAR_REACTOR
[INFO] 14:20:32:709 discordiador/(18349:18404): El tiempo en exec del tripulante 0 es: 14
[INFO] 14:20:33:713 discordiador/(18349:18362): Se ejecutó Exec->BlockedIO
[INFO] 14:20:33:717 discordiador/(18349:18362): ----------------------------------
[INFO] 14:20:33:720 discordiador/(18349:18361): ----------------------------------
[INFO] 14:20:33:724 discordiador/(18349:18361): Se ejecuta el hilo de Exec a Ready
[INFO] 14:20:33:734 discordiador/(18349:18361): Se ejecutó Exec->Ready
[INFO] 14:20:33:736 discordiador/(18349:18361): ----------------------------------
[INFO] 14:20:33:738 discordiador/(18349:18363): Se ejecutó Exec->Exit
[INFO] 14:20:33:739 discordiador/(18349:18363): ----------------------------------
[INFO] 14:20:33:742 discordiador/(18349:18404): parametro: ARREGLAR_REACTOR;0;0;600
[INFO] 14:20:33:752 discordiador/(18349:18404): [Tripulante 0] Se debe realizar una tarea normal
[INFO] 14:20:33:758 discordiador/(18349:18404): nombre de tarea (tarea normal): ARREGLAR_REACTOR
[INFO] 14:20:33:762 discordiador/(18349:18404): El tiempo en exec del tripulante 0 es: 15
[INFO] 14:20:34:765 discordiador/(18349:18362): Se ejecutó Exec->BlockedIO
[INFO] 14:20:34:768 discordiador/(18349:18362): ----------------------------------
[INFO] 14:20:34:772 discordiador/(18349:18361): ----------------------------------
[INFO] 14:20:34:775 discordiador/(18349:18361): Se ejecuta el hilo de Exec a Ready
[INFO] 14:20:34:785 discordiador/(18349:18361): Se ejecutó Exec->Ready
[INFO] 14:20:34:787 discordiador/(18349:18361): ----------------------------------
[INFO] 14:20:34:789 discordiador/(18349:18363): Se ejecutó Exec->Exit
[INFO] 14:20:34:791 discordiador/(18349:18363): ----------------------------------
[INFO] 14:20:34:793 discordiador/(18349:18404): parametro: ARREGLAR_REACTOR;0;0;600
[INFO] 14:20:34:804 discordiador/(18349:18404): [Tripulante 0] Se debe realizar una tarea normal
[INFO] 14:20:34:809 discordiador/(18349:18404): nombre de tarea (tarea normal): ARREGLAR_REACTOR
[INFO] 14:20:34:813 discordiador/(18349:18404): El tiempo en exec del tripulante 0 es: 16
[INFO] 14:20:35:816 discordiador/(18349:18362): Se ejecutó Exec->BlockedIO
[INFO] 14:20:35:818 discordiador/(18349:18362): ----------------------------------
[INFO] 14:20:35:819 discordiador/(18349:18361): ----------------------------------
[INFO] 14:20:35:821 discordiador/(18349:18361): Se ejecuta el hilo de Exec a Ready
[INFO] 14:20:35:823 discordiador/(18349:18361): Se ejecutó Exec->Ready
[INFO] 14:20:35:825 discordiador/(18349:18361): ----------------------------------
[INFO] 14:20:35:836 discordiador/(18349:18363): Se ejecutó Exec->Exit
[INFO] 14:20:35:838 discordiador/(18349:18363): ----------------------------------
[INFO] 14:20:35:842 discordiador/(18349:18404): parametro: ARREGLAR_REACTOR;0;0;600
[INFO] 14:20:35:852 discordiador/(18349:18404): [Tripulante 0] Se debe realizar una tarea normal
[INFO] 14:20:35:872 discordiador/(18349:18404): nombre de tarea (tarea normal): ARREGLAR_REACTOR
[INFO] 14:20:35:881 discordiador/(18349:18404): El tiempo en exec del tripulante 0 es: 17
[INFO] 14:20:36:892 discordiador/(18349:18362): Se ejecutó Exec->BlockedIO
[INFO] 14:20:36:896 discordiador/(18349:18362): ----------------------------------
[INFO] 14:20:36:902 discordiador/(18349:18361): ----------------------------------
[INFO] 14:20:36:913 discordiador/(18349:18361): Se ejecuta el hilo de Exec a Ready
[INFO] 14:20:36:916 discordiador/(18349:18361): Se ejecutó Exec->Ready
[INFO] 14:20:36:918 discordiador/(18349:18361): ----------------------------------
[INFO] 14:20:36:920 discordiador/(18349:18363): Se ejecutó Exec->Exit
[INFO] 14:20:36:923 discordiador/(18349:18363): ----------------------------------
[INFO] 14:20:36:932 discordiador/(18349:18404): parametro: ARREGLAR_REACTOR;0;0;600
[INFO] 14:20:36:936 discordiador/(18349:18404): [Tripulante 0] Se debe realizar una tarea normal
[INFO] 14:20:36:939 discordiador/(18349:18404): nombre de tarea (tarea normal): ARREGLAR_REACTOR
[INFO] 14:20:36:942 discordiador/(18349:18404): El tiempo en exec del tripulante 0 es: 18
[INFO] 14:20:37:946 discordiador/(18349:18362): Se ejecutó Exec->BlockedIO
[INFO] 14:20:37:950 discordiador/(18349:18362): ----------------------------------
[INFO] 14:20:37:954 discordiador/(18349:18361): ----------------------------------
[INFO] 14:20:37:958 discordiador/(18349:18361): Se ejecuta el hilo de Exec a Ready
[INFO] 14:20:37:970 discordiador/(18349:18361): Se ejecutó Exec->Ready
[INFO] 14:20:37:974 discordiador/(18349:18361): ----------------------------------
[INFO] 14:20:37:989 discordiador/(18349:18363): Se ejecutó Exec->Exit
[INFO] 14:20:37:996 discordiador/(18349:18363): ----------------------------------
[INFO] 14:20:38:001 discordiador/(18349:18404): parametro: ARREGLAR_REACTOR;0;0;600
[INFO] 14:20:38:003 discordiador/(18349:18404): [Tripulante 0] Se debe realizar una tarea normal
[INFO] 14:20:38:006 discordiador/(18349:18404): nombre de tarea (tarea normal): ARREGLAR_REACTOR
[INFO] 14:20:38:008 discordiador/(18349:18404): El tiempo en exec del tripulante 0 es: 19
[INFO] 14:20:39:010 discordiador/(18349:18362): Se ejecutó Exec->BlockedIO
[INFO] 14:20:39:014 discordiador/(18349:18362): ----------------------------------
[INFO] 14:20:39:018 discordiador/(18349:18361): ----------------------------------
[INFO] 14:20:39:022 discordiador/(18349:18361): Se ejecuta el hilo de Exec a Ready
[INFO] 14:20:39:033 discordiador/(18349:18361): Se ejecutó Exec->Ready
[INFO] 14:20:39:037 discordiador/(18349:18361): ----------------------------------
[INFO] 14:20:39:043 discordiador/(18349:18363): Se ejecutó Exec->Exit
[INFO] 14:20:39:045 discordiador/(18349:18363): ----------------------------------
[INFO] 14:20:39:052 discordiador/(18349:18404): parametro: ARREGLAR_REACTOR;0;0;600
[INFO] 14:20:39:058 discordiador/(18349:18404): [Tripulante 0] Se debe realizar una tarea normal
[INFO] 14:20:39:061 discordiador/(18349:18404): nombre de tarea (tarea normal): ARREGLAR_REACTOR
[INFO] 14:20:39:064 discordiador/(18349:18404): El tiempo en exec del tripulante 0 es: 20
[INFO] 14:20:39:278 discordiador/(18349:18368): [Shared Library]: Nueva conexion ID: 7
[INFO] 14:20:39:545 discordiador/(18349:18550): [Shared Library]: Starting new thread for connection handling. Client ID: 7
[INFO] 14:20:39:556 discordiador/(18349:18550): Llego comando COMIENZA_SABOTAJE con posición en 0-0
[INFO] 14:20:40:067 discordiador/(18349:18362): Se ejecutó Exec->BlockedIO
[INFO] 14:20:40:069 discordiador/(18349:18362): ----------------------------------
[INFO] 14:20:40:071 discordiador/(18349:18361): ----------------------------------
[INFO] 14:20:40:074 discordiador/(18349:18361): Se ejecuta el hilo de Exec a Ready
[INFO] 14:20:40:076 discordiador/(18349:18361): Se ejecutó Exec->Ready
[INFO] 14:20:40:078 discordiador/(18349:18361): ----------------------------------
[INFO] 14:20:40:086 discordiador/(18349:18363): Se ejecutó Exec->Exit
[INFO] 14:20:40:089 discordiador/(18349:18363): ----------------------------------
[INFO] 14:20:40:093 discordiador/(18349:18366): Entró a ReadyExec->BlockedEmer
[INFO] 14:20:40:208 discordiador/(18349:18366): Intrucción actual del tripulante fixer: ARREGLAR_REACTOR;0;0;600
[INFO] 14:34:29:872 discordiador/(19541:19541): N° proceso: 19541
[INFO] 14:34:31:806 discordiador/(19541:19560): [Shared Library]: Se creo un socket listenner en el puerto: 5000 
[INFO] 14:34:31:914 discordiador/(19541:19560): [Shared Library]: Esperando conexiones en puerto: 5000
[INFO] 14:34:56:431 discordiador/(19541:19541): Entró comando: INICIAR_PATOTA
[INFO] 14:34:56:493 discordiador/(19541:19541): 1
[INFO] 14:34:56:567 discordiador/(19541:19541): Las tareas a mandar son: ARREGLAR_REACTOR;0;0;600
[INFO] 14:34:56:623 discordiador/(19541:19541): CantidadActual: 1
[INFO] 14:34:56:647 discordiador/(19541:19541): Intentando conexion a IP: 127.0.0.1 y PORT: 5001 ..
[INFO] 14:34:56:655 discordiador/(19541:19541): [Shared Library]: Conexion exitosa. (╯°o°)ᕗ
[INFO] 14:34:56:689 discordiador/(19541:19541): [Shared Library]: ╰( ⁰ ਊ ⁰ )━☆ﾟ.*･｡ﾟ Mensaje enviado correctamente.
[INFO] 14:34:56:697 discordiador/(19541:19541): Recibi el siguiente mensaje..
[INFO] 14:34:56:711 discordiador/(19541:19541): Proceso: RAM
[INFO] 14:34:56:721 discordiador/(19541:19541): Comando: 200
[INFO] 14:34:56:733 discordiador/(19541:19541): Tamanio: 9
[INFO] 14:34:56:745 discordiador/(19541:19541): Se guardó en Memoria OK
[INFO] 14:34:56:784 discordiador/(19541:19541): Intentando conexion a IP: 127.0.0.1 y PORT: 5001 ..
[INFO] 14:34:56:790 discordiador/(19541:19541): [Shared Library]: Conexion exitosa. (╯°o°)ᕗ
[INFO] 14:34:56:803 discordiador/(19541:19541): [Shared Library]: ╰( ⁰ ਊ ⁰ )━☆ﾟ.*･｡ﾟ Mensaje enviado correctamente.
[INFO] 14:34:56:809 discordiador/(19541:19541): Recibi el siguiente mensaje..
[INFO] 14:34:56:811 discordiador/(19541:19541): Proceso: RAM
[INFO] 14:34:56:813 discordiador/(19541:19541): Comando: 200
[INFO] 14:34:56:814 discordiador/(19541:19541): Tamanio: 28
[INFO] 14:34:56:834 discordiador/(19541:19541): Tarea Inicial: ARREGLAR_REACTOR;0;0;600
[INFO] 14:35:09:970 discordiador/(19541:19541): Entró comando: INICIAR_PATOTA
[INFO] 14:35:10:036 discordiador/(19541:19541): 1
[INFO] 14:35:10:118 discordiador/(19541:19541): Las tareas a mandar son: EMPALMANDO_CABLES;8;0;600
[INFO] 14:35:10:129 discordiador/(19541:19541): CantidadActual: 2
[INFO] 14:35:10:136 discordiador/(19541:19541): Intentando conexion a IP: 127.0.0.1 y PORT: 5001 ..
[INFO] 14:35:10:138 discordiador/(19541:19541): [Shared Library]: Conexion exitosa. (╯°o°)ᕗ
[INFO] 14:35:10:141 discordiador/(19541:19541): [Shared Library]: ╰( ⁰ ਊ ⁰ )━☆ﾟ.*･｡ﾟ Mensaje enviado correctamente.
[INFO] 14:35:10:153 discordiador/(19541:19541): Recibi el siguiente mensaje..
[INFO] 14:35:10:164 discordiador/(19541:19541): Proceso: RAM
[INFO] 14:35:10:176 discordiador/(19541:19541): Comando: 200
[INFO] 14:35:10:178 discordiador/(19541:19541): Tamanio: 9
[INFO] 14:35:10:180 discordiador/(19541:19541): Se guardó en Memoria OK
[INFO] 14:35:10:189 discordiador/(19541:19541): Intentando conexion a IP: 127.0.0.1 y PORT: 5001 ..
[INFO] 14:35:10:191 discordiador/(19541:19541): [Shared Library]: Conexion exitosa. (╯°o°)ᕗ
[INFO] 14:35:10:194 discordiador/(19541:19541): [Shared Library]: ╰( ⁰ ਊ ⁰ )━☆ﾟ.*･｡ﾟ Mensaje enviado correctamente.
[INFO] 14:35:10:217 discordiador/(19541:19541): Recibi el siguiente mensaje..
[INFO] 14:35:10:222 discordiador/(19541:19541): Proceso: RAM
[INFO] 14:35:10:224 discordiador/(19541:19541): Comando: 200
[INFO] 14:35:10:233 discordiador/(19541:19541): Tamanio: 29
[INFO] 14:35:10:251 discordiador/(19541:19541): Tarea Inicial: EMPALMANDO_CABLES;8;0;600
[INFO] 14:35:21:825 discordiador/(19541:19541): Entró comando: INICIAR_PATOTA
[INFO] 14:35:21:889 discordiador/(19541:19541): 1
[INFO] 14:35:21:965 discordiador/(19541:19541): Las tareas a mandar son: ROMPIENDO_ASTEROIDES;8;8;600
[INFO] 14:35:21:969 discordiador/(19541:19541): CantidadActual: 3
[INFO] 14:35:21:971 discordiador/(19541:19541): Intentando conexion a IP: 127.0.0.1 y PORT: 5001 ..
[INFO] 14:35:21:974 discordiador/(19541:19541): [Shared Library]: Conexion exitosa. (╯°o°)ᕗ
[INFO] 14:35:21:976 discordiador/(19541:19541): [Shared Library]: ╰( ⁰ ਊ ⁰ )━☆ﾟ.*･｡ﾟ Mensaje enviado correctamente.
[INFO] 14:35:21:989 discordiador/(19541:19541): Recibi el siguiente mensaje..
[INFO] 14:35:22:007 discordiador/(19541:19541): Proceso: RAM
[INFO] 14:35:22:013 discordiador/(19541:19541): Comando: 200
[INFO] 14:35:22:018 discordiador/(19541:19541): Tamanio: 9
[INFO] 14:35:22:020 discordiador/(19541:19541): Se guardó en Memoria OK
[INFO] 14:35:22:024 discordiador/(19541:19541): Intentando conexion a IP: 127.0.0.1 y PORT: 5001 ..
[INFO] 14:35:22:027 discordiador/(19541:19541): [Shared Library]: Conexion exitosa. (╯°o°)ᕗ
[INFO] 14:35:22:031 discordiador/(19541:19541): [Shared Library]: ╰( ⁰ ਊ ⁰ )━☆ﾟ.*･｡ﾟ Mensaje enviado correctamente.
[INFO] 14:35:22:036 discordiador/(19541:19541): Recibi el siguiente mensaje..
[INFO] 14:35:22:050 discordiador/(19541:19541): Proceso: RAM
[INFO] 14:35:22:057 discordiador/(19541:19541): Comando: 200
[INFO] 14:35:22:058 discordiador/(19541:19541): Tamanio: 32
[INFO] 14:35:22:061 discordiador/(19541:19541): Tarea Inicial: ROMPIENDO_ASTEROIDES;8;8;600
[INFO] 14:35:33:435 discordiador/(19541:19541): Entró comando: INICIAR_PATOTA
[INFO] 14:35:33:497 discordiador/(19541:19541): 1
[INFO] 14:35:33:574 discordiador/(19541:19541): Las tareas a mandar son: CEBANDO_MATES;0;8;600
[INFO] 14:35:33:578 discordiador/(19541:19541): CantidadActual: 4
[INFO] 14:35:33:580 discordiador/(19541:19541): Intentando conexion a IP: 127.0.0.1 y PORT: 5001 ..
[INFO] 14:35:33:583 discordiador/(19541:19541): [Shared Library]: Conexion exitosa. (╯°o°)ᕗ
[INFO] 14:35:33:585 discordiador/(19541:19541): [Shared Library]: ╰( ⁰ ਊ ⁰ )━☆ﾟ.*･｡ﾟ Mensaje enviado correctamente.
[INFO] 14:35:33:600 discordiador/(19541:19541): Recibi el siguiente mensaje..
[INFO] 14:35:33:621 discordiador/(19541:19541): Proceso: RAM
[INFO] 14:35:33:623 discordiador/(19541:19541): Comando: 200
[INFO] 14:35:33:629 discordiador/(19541:19541): Tamanio: 9
[INFO] 14:35:33:631 discordiador/(19541:19541): Se guardó en Memoria OK
[INFO] 14:35:33:637 discordiador/(19541:19541): Intentando conexion a IP: 127.0.0.1 y PORT: 5001 ..
[INFO] 14:35:33:640 discordiador/(19541:19541): [Shared Library]: Conexion exitosa. (╯°o°)ᕗ
[INFO] 14:35:33:642 discordiador/(19541:19541): [Shared Library]: ╰( ⁰ ਊ ⁰ )━☆ﾟ.*･｡ﾟ Mensaje enviado correctamente.
[INFO] 14:35:33:662 discordiador/(19541:19541): Recibi el siguiente mensaje..
[INFO] 14:35:33:669 discordiador/(19541:19541): Proceso: RAM
[INFO] 14:35:33:670 discordiador/(19541:19541): Comando: 200
[INFO] 14:35:33:672 discordiador/(19541:19541): Tamanio: 25
[INFO] 14:35:33:692 discordiador/(19541:19541): Tarea Inicial: CEBANDO_MATES;0;8;600
[INFO] 14:35:39:159 discordiador/(19541:19541): Entró comando: INICIAR_PLANIFICACION
[INFO] 14:35:39:162 discordiador/(19541:19541): Se inició la planificación. Estado de la flag: 1
[INFO] 14:35:39:191 discordiador/(19541:19548): ----------------------------------
[INFO] 14:35:39:201 discordiador/(19541:19548): Se ejecuta el hilo de New a Ready
[INFO] 14:35:39:218 discordiador/(19541:19548): Tripulante: 0 encontrado en New. Moviéndolo a Ready...
[INFO] 14:35:39:229 discordiador/(19541:19548): Instruccion Actual: ARREGLAR_REACTOR;0;0;600
[INFO] 14:35:39:239 discordiador/(19541:19548): ----------------------------------
[INFO] 14:35:39:242 discordiador/(19541:19548): Se ejecutó NEW->READY
[INFO] 14:35:39:245 discordiador/(19541:19548): ----------------------------------
[INFO] 14:35:39:247 discordiador/(19541:19548): ----------------------------------
[INFO] 14:35:39:249 discordiador/(19541:19548): Se ejecuta el hilo de New a Ready
[INFO] 14:35:39:261 discordiador/(19541:19548): Tripulante: 1 encontrado en New. Moviéndolo a Ready...
[INFO] 14:35:39:263 discordiador/(19541:19548): Instruccion Actual: EMPALMANDO_CABLES;8;0;600
[INFO] 14:35:39:267 discordiador/(19541:19548): ----------------------------------
[INFO] 14:35:39:270 discordiador/(19541:19548): Se ejecutó NEW->READY
[INFO] 14:35:39:272 discordiador/(19541:19548): ----------------------------------
[INFO] 14:35:39:274 discordiador/(19541:19548): ----------------------------------
[INFO] 14:35:39:276 discordiador/(19541:19548): Se ejecuta el hilo de New a Ready
[INFO] 14:35:39:278 discordiador/(19541:19548): Tripulante: 2 encontrado en New. Moviéndolo a Ready...
[INFO] 14:35:39:280 discordiador/(19541:19548): Instruccion Actual: ROMPIENDO_ASTEROIDES;8;8;600
[INFO] 14:35:39:291 discordiador/(19541:19548): ----------------------------------
[INFO] 14:35:39:296 discordiador/(19541:19548): Se ejecutó NEW->READY
[INFO] 14:35:39:298 discordiador/(19541:19548): ----------------------------------
[INFO] 14:35:39:300 discordiador/(19541:19548): ----------------------------------
[INFO] 14:35:39:302 discordiador/(19541:19548): Se ejecuta el hilo de New a Ready
[INFO] 14:35:39:304 discordiador/(19541:19548): Tripulante: 3 encontrado en New. Moviéndolo a Ready...
[INFO] 14:35:39:306 discordiador/(19541:19548): Instruccion Actual: CEBANDO_MATES;0;8;600
[INFO] 14:35:39:308 discordiador/(19541:19548): ----------------------------------
[INFO] 14:35:39:310 discordiador/(19541:19548): Se ejecutó NEW->READY
[INFO] 14:35:39:321 discordiador/(19541:19548): ----------------------------------
[INFO] 14:35:39:333 discordiador/(19541:19549): Tripulante: 0 encontrado en Ready. Moviéndolo a Exec...
[INFO] 14:35:39:337 discordiador/(19541:19549): Instrucción Actual: ARREGLAR_REACTOR;0;0;600
[INFO] 14:35:39:349 discordiador/(19541:19549): Se paso Tripulante a Exec
[INFO] 14:35:39:357 discordiador/(19541:19549): Hay 1 nodos en Exec
[INFO] 14:35:39:360 discordiador/(19541:19549): Se ejecutó Ready->Exec
[INFO] 14:35:39:363 discordiador/(19541:19549): ----------------------------------
[INFO] 14:35:39:392 discordiador/(19541:19609): parametro: ARREGLAR_REACTOR;0;0;600
[INFO] 14:35:39:413 discordiador/(19541:19609): [Tripulante 0] Se debe realizar una tarea normal
[INFO] 14:35:39:423 discordiador/(19541:19609): nombre de tarea (tarea normal): ARREGLAR_REACTOR
[INFO] 14:35:39:434 discordiador/(19541:19609): Intentando conexion a IP: 127.0.0.1 y PORT: 5002 ..
[INFO] 14:35:39:447 discordiador/(19541:19609): [Shared Library]: Conexion exitosa. (╯°o°)ᕗ
[INFO] 14:35:39:456 discordiador/(19541:19609): [Shared Library]: ╰( ⁰ ਊ ⁰ )━☆ﾟ.*･｡ﾟ Mensaje enviado correctamente.
[INFO] 14:35:39:494 discordiador/(19541:19609): El tiempo en exec del tripulante 0 es: 1
[INFO] 14:35:40:565 discordiador/(19541:19554): Se ejecutó Exec->BlockedIO
[INFO] 14:35:40:570 discordiador/(19541:19554): ----------------------------------
[INFO] 14:35:40:574 discordiador/(19541:19550): ----------------------------------
[INFO] 14:35:40:577 discordiador/(19541:19550): Se ejecuta el hilo de Exec a Ready
[INFO] 14:35:40:585 discordiador/(19541:19550): Se ejecutó Exec->Ready
[INFO] 14:35:40:588 discordiador/(19541:19550): ----------------------------------
[INFO] 14:35:40:593 discordiador/(19541:19555): Se ejecutó Exec->Exit
[INFO] 14:35:40:604 discordiador/(19541:19555): ----------------------------------
[INFO] 14:35:40:618 discordiador/(19541:19609): parametro: ARREGLAR_REACTOR;0;0;600
[INFO] 14:35:40:620 discordiador/(19541:19609): [Tripulante 0] Se debe realizar una tarea normal
[INFO] 14:35:40:623 discordiador/(19541:19609): nombre de tarea (tarea normal): ARREGLAR_REACTOR
[INFO] 14:35:40:627 discordiador/(19541:19609): El tiempo en exec del tripulante 0 es: 2
[INFO] 14:35:41:630 discordiador/(19541:19554): Se ejecutó Exec->BlockedIO
[INFO] 14:35:41:635 discordiador/(19541:19554): ----------------------------------
[INFO] 14:35:41:639 discordiador/(19541:19550): ----------------------------------
[INFO] 14:35:41:643 discordiador/(19541:19550): Se ejecuta el hilo de Exec a Ready
[INFO] 14:35:41:652 discordiador/(19541:19550): Se ejecutó Exec->Ready
[INFO] 14:35:41:654 discordiador/(19541:19550): ----------------------------------
[INFO] 14:35:41:656 discordiador/(19541:19555): Se ejecutó Exec->Exit
[INFO] 14:35:41:658 discordiador/(19541:19555): ----------------------------------
[INFO] 14:35:41:665 discordiador/(19541:19609): parametro: ARREGLAR_REACTOR;0;0;600
[INFO] 14:35:41:667 discordiador/(19541:19609): [Tripulante 0] Se debe realizar una tarea normal
[INFO] 14:35:41:677 discordiador/(19541:19609): nombre de tarea (tarea normal): ARREGLAR_REACTOR
[INFO] 14:35:41:680 discordiador/(19541:19609): El tiempo en exec del tripulante 0 es: 3
[INFO] 14:35:42:685 discordiador/(19541:19554): Se ejecutó Exec->BlockedIO
[INFO] 14:35:42:687 discordiador/(19541:19554): ----------------------------------
[INFO] 14:35:42:689 discordiador/(19541:19550): ----------------------------------
[INFO] 14:35:42:691 discordiador/(19541:19550): Se ejecuta el hilo de Exec a Ready
[INFO] 14:35:42:693 discordiador/(19541:19550): Se ejecutó Exec->Ready
[INFO] 14:35:42:695 discordiador/(19541:19550): ----------------------------------
[INFO] 14:35:42:697 discordiador/(19541:19555): Se ejecutó Exec->Exit
[INFO] 14:35:42:707 discordiador/(19541:19555): ----------------------------------
[INFO] 14:35:42:709 discordiador/(19541:19609): parametro: ARREGLAR_REACTOR;0;0;600
[INFO] 14:35:42:711 discordiador/(19541:19609): [Tripulante 0] Se debe realizar una tarea normal
[INFO] 14:35:42:714 discordiador/(19541:19609): nombre de tarea (tarea normal): ARREGLAR_REACTOR
[INFO] 14:35:42:726 discordiador/(19541:19609): El tiempo en exec del tripulante 0 es: 4
[INFO] 14:35:43:740 discordiador/(19541:19554): Se ejecutó Exec->BlockedIO
[INFO] 14:35:43:742 discordiador/(19541:19554): ----------------------------------
[INFO] 14:35:43:744 discordiador/(19541:19550): ----------------------------------
[INFO] 14:35:43:746 discordiador/(19541:19550): Se ejecuta el hilo de Exec a Ready
[INFO] 14:35:43:751 discordiador/(19541:19550): Se ejecutó Exec->Ready
[INFO] 14:35:43:762 discordiador/(19541:19550): ----------------------------------
[INFO] 14:35:43:766 discordiador/(19541:19555): Se ejecutó Exec->Exit
[INFO] 14:35:43:769 discordiador/(19541:19555): ----------------------------------
[INFO] 14:35:43:771 discordiador/(19541:19609): parametro: ARREGLAR_REACTOR;0;0;600
[INFO] 14:35:43:773 discordiador/(19541:19609): [Tripulante 0] Se debe realizar una tarea normal
[INFO] 14:35:43:784 discordiador/(19541:19609): nombre de tarea (tarea normal): ARREGLAR_REACTOR
[INFO] 14:35:43:789 discordiador/(19541:19609): El tiempo en exec del tripulante 0 es: 5
[INFO] 14:35:44:795 discordiador/(19541:19554): Se ejecutó Exec->BlockedIO
[INFO] 14:35:44:799 discordiador/(19541:19554): ----------------------------------
[INFO] 14:35:44:803 discordiador/(19541:19550): ----------------------------------
[INFO] 14:35:44:807 discordiador/(19541:19550): Se ejecuta el hilo de Exec a Ready
[INFO] 14:35:44:818 discordiador/(19541:19550): Se ejecutó Exec->Ready
[INFO] 14:35:44:823 discordiador/(19541:19550): ----------------------------------
[INFO] 14:35:44:834 discordiador/(19541:19555): Se ejecutó Exec->Exit
[INFO] 14:35:44:840 discordiador/(19541:19555): ----------------------------------
[INFO] 14:35:44:842 discordiador/(19541:19609): parametro: ARREGLAR_REACTOR;0;0;600
[INFO] 14:35:44:844 discordiador/(19541:19609): [Tripulante 0] Se debe realizar una tarea normal
[INFO] 14:35:44:846 discordiador/(19541:19609): nombre de tarea (tarea normal): ARREGLAR_REACTOR
[INFO] 14:35:44:849 discordiador/(19541:19609): El tiempo en exec del tripulante 0 es: 6
[INFO] 14:35:45:851 discordiador/(19541:19554): Se ejecutó Exec->BlockedIO
[INFO] 14:35:45:855 discordiador/(19541:19554): ----------------------------------
[INFO] 14:35:45:861 discordiador/(19541:19550): ----------------------------------
[INFO] 14:35:45:864 discordiador/(19541:19550): Se ejecuta el hilo de Exec a Ready
[INFO] 14:35:45:877 discordiador/(19541:19550): Se ejecutó Exec->Ready
[INFO] 14:35:45:879 discordiador/(19541:19550): ----------------------------------
[INFO] 14:35:45:890 discordiador/(19541:19555): Se ejecutó Exec->Exit
[INFO] 14:35:45:896 discordiador/(19541:19555): ----------------------------------
[INFO] 14:35:45:899 discordiador/(19541:19609): parametro: ARREGLAR_REACTOR;0;0;600
[INFO] 14:35:45:902 discordiador/(19541:19609): [Tripulante 0] Se debe realizar una tarea normal
[INFO] 14:35:45:907 discordiador/(19541:19609): nombre de tarea (tarea normal): ARREGLAR_REACTOR
[INFO] 14:35:45:909 discordiador/(19541:19609): El tiempo en exec del tripulante 0 es: 7
[INFO] 14:35:46:911 discordiador/(19541:19554): Se ejecutó Exec->BlockedIO
[INFO] 14:35:46:915 discordiador/(19541:19554): ----------------------------------
[INFO] 14:35:46:919 discordiador/(19541:19550): ----------------------------------
[INFO] 14:35:46:922 discordiador/(19541:19550): Se ejecuta el hilo de Exec a Ready
[INFO] 14:35:46:934 discordiador/(19541:19550): Se ejecutó Exec->Ready
[INFO] 14:35:46:938 discordiador/(19541:19550): ----------------------------------
[INFO] 14:35:46:945 discordiador/(19541:19555): Se ejecutó Exec->Exit
[INFO] 14:35:46:948 discordiador/(19541:19555): ----------------------------------
[INFO] 14:35:46:960 discordiador/(19541:19609): parametro: ARREGLAR_REACTOR;0;0;600
[INFO] 14:35:46:962 discordiador/(19541:19609): [Tripulante 0] Se debe realizar una tarea normal
[INFO] 14:35:46:966 discordiador/(19541:19609): nombre de tarea (tarea normal): ARREGLAR_REACTOR
[INFO] 14:35:46:970 discordiador/(19541:19609): El tiempo en exec del tripulante 0 es: 8
[INFO] 14:35:47:972 discordiador/(19541:19554): Se ejecutó Exec->BlockedIO
[INFO] 14:35:47:974 discordiador/(19541:19554): ----------------------------------
[INFO] 14:35:47:976 discordiador/(19541:19550): ----------------------------------
[INFO] 14:35:47:977 discordiador/(19541:19550): Se ejecuta el hilo de Exec a Ready
[INFO] 14:35:47:979 discordiador/(19541:19550): Se ejecutó Exec->Ready
[INFO] 14:35:47:982 discordiador/(19541:19550): ----------------------------------
[INFO] 14:35:47:998 discordiador/(19541:19555): Se ejecutó Exec->Exit
[INFO] 14:35:48:008 discordiador/(19541:19555): ----------------------------------
[INFO] 14:35:48:014 discordiador/(19541:19609): parametro: ARREGLAR_REACTOR;0;0;600
[INFO] 14:35:48:016 discordiador/(19541:19609): [Tripulante 0] Se debe realizar una tarea normal
[INFO] 14:35:48:023 discordiador/(19541:19609): nombre de tarea (tarea normal): ARREGLAR_REACTOR
[INFO] 14:35:48:038 discordiador/(19541:19609): El tiempo en exec del tripulante 0 es: 9
[INFO] 14:35:49:053 discordiador/(19541:19554): Se ejecutó Exec->BlockedIO
[INFO] 14:35:49:059 discordiador/(19541:19554): ----------------------------------
[INFO] 14:35:49:063 discordiador/(19541:19550): ----------------------------------
[INFO] 14:35:49:068 discordiador/(19541:19550): Se ejecuta el hilo de Exec a Ready
[INFO] 14:35:49:083 discordiador/(19541:19550): Se ejecutó Exec->Ready
[INFO] 14:35:49:093 discordiador/(19541:19550): ----------------------------------
[INFO] 14:35:49:099 discordiador/(19541:19555): Se ejecutó Exec->Exit
[INFO] 14:35:49:101 discordiador/(19541:19555): ----------------------------------
[INFO] 14:35:49:104 discordiador/(19541:19609): parametro: ARREGLAR_REACTOR;0;0;600
[INFO] 14:35:49:106 discordiador/(19541:19609): [Tripulante 0] Se debe realizar una tarea normal
[INFO] 14:35:49:109 discordiador/(19541:19609): nombre de tarea (tarea normal): ARREGLAR_REACTOR
[INFO] 14:35:49:111 discordiador/(19541:19609): El tiempo en exec del tripulante 0 es: 10
[INFO] 14:35:50:114 discordiador/(19541:19554): Se ejecutó Exec->BlockedIO
[INFO] 14:35:50:118 discordiador/(19541:19554): ----------------------------------
[INFO] 14:35:50:122 discordiador/(19541:19550): ----------------------------------
[INFO] 14:35:50:125 discordiador/(19541:19550): Se ejecuta el hilo de Exec a Ready
[INFO] 14:35:50:136 discordiador/(19541:19550): Se ejecutó Exec->Ready
[INFO] 14:35:50:138 discordiador/(19541:19550): ----------------------------------
[INFO] 14:35:50:141 discordiador/(19541:19555): Se ejecutó Exec->Exit
[INFO] 14:35:50:144 discordiador/(19541:19555): ----------------------------------
[INFO] 14:35:50:157 discordiador/(19541:19609): parametro: ARREGLAR_REACTOR;0;0;600
[INFO] 14:35:50:164 discordiador/(19541:19609): [Tripulante 0] Se debe realizar una tarea normal
[INFO] 14:35:50:167 discordiador/(19541:19609): nombre de tarea (tarea normal): ARREGLAR_REACTOR
[INFO] 14:35:50:171 discordiador/(19541:19609): El tiempo en exec del tripulante 0 es: 11
[INFO] 14:35:51:174 discordiador/(19541:19554): Se ejecutó Exec->BlockedIO
[INFO] 14:35:51:178 discordiador/(19541:19554): ----------------------------------
[INFO] 14:35:51:182 discordiador/(19541:19550): ----------------------------------
[INFO] 14:35:51:185 discordiador/(19541:19550): Se ejecuta el hilo de Exec a Ready
[INFO] 14:35:51:197 discordiador/(19541:19550): Se ejecutó Exec->Ready
[INFO] 14:35:51:201 discordiador/(19541:19550): ----------------------------------
[INFO] 14:35:51:208 discordiador/(19541:19555): Se ejecutó Exec->Exit
[INFO] 14:35:51:212 discordiador/(19541:19555): ----------------------------------
[INFO] 14:35:51:221 discordiador/(19541:19609): parametro: ARREGLAR_REACTOR;0;0;600
[INFO] 14:35:51:223 discordiador/(19541:19609): [Tripulante 0] Se debe realizar una tarea normal
[INFO] 14:35:51:227 discordiador/(19541:19609): nombre de tarea (tarea normal): ARREGLAR_REACTOR
[INFO] 14:35:51:230 discordiador/(19541:19609): El tiempo en exec del tripulante 0 es: 12
[INFO] 14:35:51:403 discordiador/(19541:19560): [Shared Library]: Nueva conexion ID: 7
[INFO] 14:35:51:634 discordiador/(19541:19726): [Shared Library]: Starting new thread for connection handling. Client ID: 7
[INFO] 14:35:51:644 discordiador/(19541:19726): Llego comando COMIENZA_SABOTAJE con posición en 0-0
[INFO] 14:35:52:233 discordiador/(19541:19554): Se ejecutó Exec->BlockedIO
[INFO] 14:35:52:234 discordiador/(19541:19554): ----------------------------------
[INFO] 14:35:52:237 discordiador/(19541:19550): ----------------------------------
[INFO] 14:35:52:239 discordiador/(19541:19550): Se ejecuta el hilo de Exec a Ready
[INFO] 14:35:52:240 discordiador/(19541:19550): Se ejecutó Exec->Ready
[INFO] 14:35:52:243 discordiador/(19541:19550): ----------------------------------
[INFO] 14:35:52:245 discordiador/(19541:19555): Se ejecutó Exec->Exit
[INFO] 14:35:52:251 discordiador/(19541:19555): ----------------------------------
[INFO] 14:35:52:255 discordiador/(19541:19558): Entró a ReadyExec->BlockedEmer
[INFO] 14:35:52:370 discordiador/(19541:19558): Intrucción actual del tripulante fixer: EMPALMANDO_CABLES;8;0;600
[INFO] 14:35:52:395 discordiador/(19541:19558): Intentando conexion a IP: 127.0.0.1 y PORT: 5002 ..
[INFO] 14:35:52:399 discordiador/(19541:19558): [Shared Library]: Conexion exitosa. (╯°o°)ᕗ
[INFO] 14:35:52:438 discordiador/(19541:19558): [Shared Library]: ╰( ⁰ ਊ ⁰ )━☆ﾟ.*･｡ﾟ Mensaje enviado correctamente.
[INFO] 14:35:52:489 discordiador/(19541:19558): Se ejecutó ReadyExec->BlockedEmer
[INFO] 14:35:52:491 discordiador/(19541:19558): ----------------------------------
[INFO] 14:35:54:502 discordiador/(19541:19549): Tripulante: 1 encontrado en Ready. Moviéndolo a Exec...
[INFO] 14:35:54:507 discordiador/(19541:19549): Instrucción Actual: ATENDER SABOTAJE
[INFO] 14:35:54:512 discordiador/(19541:19549): Se paso Tripulante a Exec
[INFO] 14:35:54:524 discordiador/(19541:19549): Hay 1 nodos en Exec
[INFO] 14:35:54:528 discordiador/(19541:19549): Se ejecutó Ready->Exec
[INFO] 14:35:54:536 discordiador/(19541:19549): ----------------------------------
[INFO] 14:35:54:547 discordiador/(19541:19641): [Tripulante 1] Se está atendiendo sabotaje
[INFO] 14:35:54:556 discordiador/(19541:19641): La posición en X|Y del sabotaje es: 7|1 con duración: 10
[INFO] 14:35:54:564 discordiador/(19541:19641): Moviendo al tripulante 1 de 8|0 a 7|1
[INFO] 14:35:54:574 discordiador/(19541:19641): Intentando conexion a IP: 127.0.0.1 y PORT: 5001 ..
[INFO] 14:35:54:577 discordiador/(19541:19641): [Shared Library]: Conexion exitosa. (╯°o°)ᕗ
[INFO] 14:35:54:582 discordiador/(19541:19641): [Shared Library]: ╰( ⁰ ਊ ⁰ )━☆ﾟ.*･｡ﾟ Mensaje enviado correctamente.
[INFO] 14:35:54:612 discordiador/(19541:19641): Recibi el siguiente mensaje..
[INFO] 14:35:54:624 discordiador/(19541:19641): Proceso: RAM
[INFO] 14:35:54:626 discordiador/(19541:19641): Comando: 200
[INFO] 14:35:54:631 discordiador/(19541:19641): Tamanio: 9
[INFO] 14:35:54:658 discordiador/(19541:19641): Intentando conexion a IP: 127.0.0.1 y PORT: 5002 ..
[INFO] 14:35:54:663 discordiador/(19541:19641): [Shared Library]: Conexion exitosa. (╯°o°)ᕗ
[INFO] 14:35:54:666 discordiador/(19541:19641): [Shared Library]: ╰( ⁰ ਊ ⁰ )━☆ﾟ.*･｡ﾟ Mensaje enviado correctamente.
[INFO] 14:35:54:704 discordiador/(19541:19641): El tripulante 1 fue movido de 8|0 a 7|0
[INFO] 14:35:55:725 discordiador/(19541:19554): Se ejecutó Exec->BlockedIO
[INFO] 14:35:55:728 discordiador/(19541:19554): ----------------------------------
[INFO] 14:35:55:732 discordiador/(19541:19550): ----------------------------------
[INFO] 14:35:55:736 discordiador/(19541:19550): Se ejecuta el hilo de Exec a Ready
[INFO] 14:35:55:745 discordiador/(19541:19550): Se ejecutó Exec->Ready
[INFO] 14:35:55:746 discordiador/(19541:19550): ----------------------------------
[INFO] 14:35:55:748 discordiador/(19541:19555): Se ejecutó Exec->Exit
[INFO] 14:35:55:750 discordiador/(19541:19555): ----------------------------------
[INFO] 14:35:55:752 discordiador/(19541:19558): Entró a ReadyExec->BlockedEmer
[INFO] 14:35:55:766 discordiador/(19541:19558): Intrucción actual del tripulante fixer: EMPALMANDO_CABLES;8;0;600
[INFO] 14:35:55:772 discordiador/(19541:19558): Se ejecutó ReadyExec->BlockedEmer
[INFO] 14:35:55:774 discordiador/(19541:19558): ----------------------------------
[INFO] 14:35:57:777 discordiador/(19541:19549): Tripulante: 1 encontrado en Ready. Moviéndolo a Exec...
[INFO] 14:35:57:781 discordiador/(19541:19549): Instrucción Actual: ATENDER SABOTAJE
[INFO] 14:35:57:785 discordiador/(19541:19549): Se paso Tripulante a Exec
[INFO] 14:35:57:789 discordiador/(19541:19549): Hay 1 nodos en Exec
[INFO] 14:35:57:801 discordiador/(19541:19549): Se ejecutó Ready->Exec
[INFO] 14:35:57:804 discordiador/(19541:19549): ----------------------------------
[INFO] 14:35:57:817 discordiador/(19541:19641): [Tripulante 1] Se está atendiendo sabotaje
[INFO] 14:35:57:821 discordiador/(19541:19641): La posición en X|Y del sabotaje es: 7|1 con duración: 10
[INFO] 14:35:57:823 discordiador/(19541:19641): Moviendo al tripulante 1 de 7|0 a 7|1
[INFO] 14:35:57:833 discordiador/(19541:19641): Intentando conexion a IP: 127.0.0.1 y PORT: 5001 ..
[INFO] 14:35:57:836 discordiador/(19541:19641): [Shared Library]: Conexion exitosa. (╯°o°)ᕗ
[INFO] 14:35:57:841 discordiador/(19541:19641): [Shared Library]: ╰( ⁰ ਊ ⁰ )━☆ﾟ.*･｡ﾟ Mensaje enviado correctamente.
[INFO] 14:35:57:851 discordiador/(19541:19641): Recibi el siguiente mensaje..
[INFO] 14:35:57:853 discordiador/(19541:19641): Proceso: RAM
[INFO] 14:35:57:855 discordiador/(19541:19641): Comando: 200
[INFO] 14:35:57:872 discordiador/(19541:19641): Tamanio: 9
[INFO] 14:35:57:883 discordiador/(19541:19641): Intentando conexion a IP: 127.0.0.1 y PORT: 5002 ..
[INFO] 14:35:57:898 discordiador/(19541:19641): [Shared Library]: Conexion exitosa. (╯°o°)ᕗ
[INFO] 14:35:57:915 discordiador/(19541:19641): [Shared Library]: ╰( ⁰ ਊ ⁰ )━☆ﾟ.*･｡ﾟ Mensaje enviado correctamente.
[INFO] 14:35:57:947 discordiador/(19541:19641): El tripulante 1 fue movido de 7|0 a 7|1
[INFO] 14:35:58:966 discordiador/(19541:19554): Se ejecutó Exec->BlockedIO
[INFO] 14:35:58:970 discordiador/(19541:19554): ----------------------------------
[INFO] 14:35:58:973 discordiador/(19541:19550): ----------------------------------
[INFO] 14:35:58:977 discordiador/(19541:19550): Se ejecuta el hilo de Exec a Ready
[INFO] 14:35:58:990 discordiador/(19541:19550): Se ejecutó Exec->Ready
[INFO] 14:35:58:994 discordiador/(19541:19550): ----------------------------------
[INFO] 14:35:59:009 discordiador/(19541:19555): Se ejecutó Exec->Exit
[INFO] 14:35:59:016 discordiador/(19541:19555): ----------------------------------
[INFO] 14:35:59:018 discordiador/(19541:19558): Entró a ReadyExec->BlockedEmer
[INFO] 14:35:59:022 discordiador/(19541:19558): Intrucción actual del tripulante fixer: EMPALMANDO_CABLES;8;0;600
[INFO] 14:35:59:027 discordiador/(19541:19558): Se ejecutó ReadyExec->BlockedEmer
[INFO] 14:35:59:029 discordiador/(19541:19558): ----------------------------------
[INFO] 14:36:01:032 discordiador/(19541:19549): Tripulante: 1 encontrado en Ready. Moviéndolo a Exec...
[INFO] 14:36:01:036 discordiador/(19541:19549): Instrucción Actual: ATENDER SABOTAJE
[INFO] 14:36:01:040 discordiador/(19541:19549): Se paso Tripulante a Exec
[INFO] 14:36:01:044 discordiador/(19541:19549): Hay 1 nodos en Exec
[INFO] 14:36:01:056 discordiador/(19541:19549): Se ejecutó Ready->Exec
[INFO] 14:36:01:060 discordiador/(19541:19549): ----------------------------------
[INFO] 14:36:01:069 discordiador/(19541:19641): [Tripulante 1] Se está atendiendo sabotaje
[INFO] 14:36:01:073 discordiador/(19541:19641): La posición en X|Y del sabotaje es: 7|1 con duración: 10
[INFO] 14:36:01:093 discordiador/(19541:19641): Intentando conexion a IP: 127.0.0.1 y PORT: 5002 ..
[INFO] 14:36:01:095 discordiador/(19541:19641): [Shared Library]: Conexion exitosa. (╯°o°)ᕗ
[INFO] 14:36:01:099 discordiador/(19541:19641): [Shared Library]: ╰( ⁰ ਊ ⁰ )━☆ﾟ.*･｡ﾟ Mensaje enviado correctamente.
[INFO] 14:36:01:139 discordiador/(19541:19641): Ciclos transcurridos del sabotaje: 1
[INFO] 14:36:02:154 discordiador/(19541:19554): Se ejecutó Exec->BlockedIO
[INFO] 14:36:02:157 discordiador/(19541:19554): ----------------------------------
[INFO] 14:36:02:159 discordiador/(19541:19550): ----------------------------------
[INFO] 14:36:02:162 discordiador/(19541:19550): Se ejecuta el hilo de Exec a Ready
[INFO] 14:36:02:164 discordiador/(19541:19550): Se ejecutó Exec->Ready
[INFO] 14:36:02:174 discordiador/(19541:19550): ----------------------------------
[INFO] 14:36:02:179 discordiador/(19541:19555): Se ejecutó Exec->Exit
[INFO] 14:36:02:182 discordiador/(19541:19555): ----------------------------------
[INFO] 14:36:02:187 discordiador/(19541:19558): Entró a ReadyExec->BlockedEmer
[INFO] 14:36:02:192 discordiador/(19541:19558): Intrucción actual del tripulante fixer: EMPALMANDO_CABLES;8;0;600
[INFO] 14:36:02:203 discordiador/(19541:19558): Se ejecutó ReadyExec->BlockedEmer
[INFO] 14:36:02:213 discordiador/(19541:19558): ----------------------------------
[INFO] 14:36:04:217 discordiador/(19541:19549): Tripulante: 1 encontrado en Ready. Moviéndolo a Exec...
[INFO] 14:36:04:219 discordiador/(19541:19549): Instrucción Actual: ATENDER SABOTAJE
[INFO] 14:36:04:221 discordiador/(19541:19549): Se paso Tripulante a Exec
[INFO] 14:36:04:223 discordiador/(19541:19549): Hay 1 nodos en Exec
[INFO] 14:36:04:225 discordiador/(19541:19549): Se ejecutó Ready->Exec
[INFO] 14:36:04:227 discordiador/(19541:19549): ----------------------------------
[INFO] 14:36:04:229 discordiador/(19541:19641): [Tripulante 1] Se está atendiendo sabotaje
[INFO] 14:36:04:235 discordiador/(19541:19641): La posición en X|Y del sabotaje es: 7|1 con duración: 10
[INFO] 14:36:04:238 discordiador/(19541:19641): Ciclos transcurridos del sabotaje: 1
[INFO] 14:36:05:241 discordiador/(19541:19554): Se ejecutó Exec->BlockedIO
[INFO] 14:36:05:243 discordiador/(19541:19554): ----------------------------------
[INFO] 14:36:05:245 discordiador/(19541:19550): ----------------------------------
[INFO] 14:36:05:248 discordiador/(19541:19550): Se ejecuta el hilo de Exec a Ready
[INFO] 14:36:05:250 discordiador/(19541:19550): Se ejecutó Exec->Ready
[INFO] 14:36:05:252 discordiador/(19541:19550): ----------------------------------
[INFO] 14:36:05:258 discordiador/(19541:19555): Se ejecutó Exec->Exit
[INFO] 14:36:05:260 discordiador/(19541:19555): ----------------------------------
[INFO] 14:36:05:262 discordiador/(19541:19558): Entró a ReadyExec->BlockedEmer
[INFO] 14:36:05:266 discordiador/(19541:19558): Intrucción actual del tripulante fixer: EMPALMANDO_CABLES;8;0;600
[INFO] 14:36:05:273 discordiador/(19541:19558): Se ejecutó ReadyExec->BlockedEmer
[INFO] 14:36:05:282 discordiador/(19541:19558): ----------------------------------
[INFO] 14:36:07:289 discordiador/(19541:19549): Tripulante: 1 encontrado en Ready. Moviéndolo a Exec...
[INFO] 14:36:07:291 discordiador/(19541:19549): Instrucción Actual: ATENDER SABOTAJE
[INFO] 14:36:07:293 discordiador/(19541:19549): Se paso Tripulante a Exec
[INFO] 14:36:07:295 discordiador/(19541:19549): Hay 1 nodos en Exec
[INFO] 14:36:07:297 discordiador/(19541:19549): Se ejecutó Ready->Exec
[INFO] 14:36:07:299 discordiador/(19541:19549): ----------------------------------
[INFO] 14:36:07:306 discordiador/(19541:19641): [Tripulante 1] Se está atendiendo sabotaje
[INFO] 14:36:07:308 discordiador/(19541:19641): La posición en X|Y del sabotaje es: 7|1 con duración: 10
[INFO] 14:36:07:310 discordiador/(19541:19641): Ciclos transcurridos del sabotaje: 1
[INFO] 14:36:08:313 discordiador/(19541:19554): Se ejecutó Exec->BlockedIO
[INFO] 14:36:08:315 discordiador/(19541:19554): ----------------------------------
[INFO] 14:36:08:317 discordiador/(19541:19550): ----------------------------------
[INFO] 14:36:08:318 discordiador/(19541:19550): Se ejecuta el hilo de Exec a Ready
[INFO] 14:36:08:320 discordiador/(19541:19550): Se ejecutó Exec->Ready
[INFO] 14:36:08:322 discordiador/(19541:19550): ----------------------------------
[INFO] 14:36:08:323 discordiador/(19541:19555): Se ejecutó Exec->Exit
[INFO] 14:36:08:329 discordiador/(19541:19555): ----------------------------------
[INFO] 14:36:08:331 discordiador/(19541:19558): Entró a ReadyExec->BlockedEmer
[INFO] 14:36:08:335 discordiador/(19541:19558): Intrucción actual del tripulante fixer: EMPALMANDO_CABLES;8;0;600
[INFO] 14:36:08:338 discordiador/(19541:19558): Se ejecutó ReadyExec->BlockedEmer
[INFO] 14:36:08:348 discordiador/(19541:19558): ----------------------------------
[INFO] 14:36:10:356 discordiador/(19541:19549): Tripulante: 1 encontrado en Ready. Moviéndolo a Exec...
[INFO] 14:36:10:361 discordiador/(19541:19549): Instrucción Actual: ATENDER SABOTAJE
[INFO] 14:36:10:365 discordiador/(19541:19549): Se paso Tripulante a Exec
[INFO] 14:36:10:370 discordiador/(19541:19549): Hay 1 nodos en Exec
[INFO] 14:36:10:384 discordiador/(19541:19549): Se ejecutó Ready->Exec
[INFO] 14:36:10:396 discordiador/(19541:19549): ----------------------------------
[INFO] 14:36:10:409 discordiador/(19541:19641): [Tripulante 1] Se está atendiendo sabotaje
[INFO] 14:36:10:411 discordiador/(19541:19641): La posición en X|Y del sabotaje es: 7|1 con duración: 10
[INFO] 14:36:10:416 discordiador/(19541:19641): Ciclos transcurridos del sabotaje: 1
[INFO] 14:36:11:420 discordiador/(19541:19554): Se ejecutó Exec->BlockedIO
[INFO] 14:36:11:424 discordiador/(19541:19554): ----------------------------------
[INFO] 14:36:11:428 discordiador/(19541:19550): ----------------------------------
[INFO] 14:36:11:432 discordiador/(19541:19550): Se ejecuta el hilo de Exec a Ready
[INFO] 14:36:11:444 discordiador/(19541:19550): Se ejecutó Exec->Ready
[INFO] 14:36:11:447 discordiador/(19541:19550): ----------------------------------
[INFO] 14:36:11:459 discordiador/(19541:19555): Se ejecutó Exec->Exit
[INFO] 14:36:11:464 discordiador/(19541:19555): ----------------------------------
[INFO] 14:36:11:466 discordiador/(19541:19558): Entró a ReadyExec->BlockedEmer
[INFO] 14:36:11:470 discordiador/(19541:19558): Intrucción actual del tripulante fixer: EMPALMANDO_CABLES;8;0;600
[INFO] 14:36:11:475 discordiador/(19541:19558): Se ejecutó ReadyExec->BlockedEmer
[INFO] 14:36:11:477 discordiador/(19541:19558): ----------------------------------
[INFO] 14:36:13:480 discordiador/(19541:19549): Tripulante: 1 encontrado en Ready. Moviéndolo a Exec...
[INFO] 14:36:13:486 discordiador/(19541:19549): Instrucción Actual: ATENDER SABOTAJE
[INFO] 14:36:13:489 discordiador/(19541:19549): Se paso Tripulante a Exec
[INFO] 14:36:13:493 discordiador/(19541:19549): Hay 1 nodos en Exec
[INFO] 14:36:13:505 discordiador/(19541:19549): Se ejecutó Ready->Exec
[INFO] 14:36:13:510 discordiador/(19541:19549): ----------------------------------
[INFO] 14:36:13:525 discordiador/(19541:19641): [Tripulante 1] Se está atendiendo sabotaje
[INFO] 14:36:13:527 discordiador/(19541:19641): La posición en X|Y del sabotaje es: 7|1 con duración: 10
[INFO] 14:36:13:534 discordiador/(19541:19641): Ciclos transcurridos del sabotaje: 1
[INFO] 14:36:14:537 discordiador/(19541:19554): Se ejecutó Exec->BlockedIO
[INFO] 14:36:14:541 discordiador/(19541:19554): ----------------------------------
[INFO] 14:36:14:545 discordiador/(19541:19550): ----------------------------------
[INFO] 14:36:14:548 discordiador/(19541:19550): Se ejecuta el hilo de Exec a Ready
[INFO] 14:36:14:560 discordiador/(19541:19550): Se ejecutó Exec->Ready
[INFO] 14:36:14:564 discordiador/(19541:19550): ----------------------------------
[INFO] 14:36:14:577 discordiador/(19541:19555): Se ejecutó Exec->Exit
[INFO] 14:36:14:582 discordiador/(19541:19555): ----------------------------------
[INFO] 14:36:14:584 discordiador/(19541:19558): Entró a ReadyExec->BlockedEmer
[INFO] 14:36:14:588 discordiador/(19541:19558): Intrucción actual del tripulante fixer: EMPALMANDO_CABLES;8;0;600
[INFO] 14:36:14:592 discordiador/(19541:19558): Se ejecutó ReadyExec->BlockedEmer
[INFO] 14:36:14:594 discordiador/(19541:19558): ----------------------------------
[INFO] 14:36:16:599 discordiador/(19541:19549): Tripulante: 1 encontrado en Ready. Moviéndolo a Exec...
[INFO] 14:36:16:602 discordiador/(19541:19549): Instrucción Actual: ATENDER SABOTAJE
[INFO] 14:36:16:604 discordiador/(19541:19549): Se paso Tripulante a Exec
[INFO] 14:36:16:606 discordiador/(19541:19549): Hay 1 nodos en Exec
[INFO] 14:36:16:608 discordiador/(19541:19549): Se ejecutó Ready->Exec
[INFO] 14:36:16:610 discordiador/(19541:19549): ----------------------------------
[INFO] 14:36:16:616 discordiador/(19541:19641): [Tripulante 1] Se está atendiendo sabotaje
[INFO] 14:36:16:619 discordiador/(19541:19641): La posición en X|Y del sabotaje es: 7|1 con duración: 10
[INFO] 14:36:16:621 discordiador/(19541:19641): Ciclos transcurridos del sabotaje: 1
[INFO] 14:36:17:624 discordiador/(19541:19554): Se ejecutó Exec->BlockedIO
[INFO] 14:36:17:627 discordiador/(19541:19554): ----------------------------------
[INFO] 14:36:17:630 discordiador/(19541:19550): ----------------------------------
[INFO] 14:36:17:633 discordiador/(19541:19550): Se ejecuta el hilo de Exec a Ready
[INFO] 14:36:17:635 discordiador/(19541:19550): Se ejecutó Exec->Ready
[INFO] 14:36:17:637 discordiador/(19541:19550): ----------------------------------
[INFO] 14:36:17:639 discordiador/(19541:19555): Se ejecutó Exec->Exit
[INFO] 14:36:17:645 discordiador/(19541:19555): ----------------------------------
[INFO] 14:36:17:648 discordiador/(19541:19558): Entró a ReadyExec->BlockedEmer
[INFO] 14:36:17:652 discordiador/(19541:19558): Intrucción actual del tripulante fixer: EMPALMANDO_CABLES;8;0;600
[INFO] 14:36:17:665 discordiador/(19541:19558): Se ejecutó ReadyExec->BlockedEmer
[INFO] 14:36:17:671 discordiador/(19541:19558): ----------------------------------
[INFO] 14:36:19:674 discordiador/(19541:19549): Tripulante: 1 encontrado en Ready. Moviéndolo a Exec...
[INFO] 14:36:19:678 discordiador/(19541:19549): Instrucción Actual: ATENDER SABOTAJE
[INFO] 14:36:19:682 discordiador/(19541:19549): Se paso Tripulante a Exec
[INFO] 14:36:19:685 discordiador/(19541:19549): Hay 1 nodos en Exec
[INFO] 14:36:19:692 discordiador/(19541:19549): Se ejecutó Ready->Exec
[INFO] 14:36:19:701 discordiador/(19541:19549): ----------------------------------
[INFO] 14:36:19:703 discordiador/(19541:19641): [Tripulante 1] Se está atendiendo sabotaje
[INFO] 14:36:19:709 discordiador/(19541:19641): La posición en X|Y del sabotaje es: 7|1 con duración: 10
[INFO] 14:36:19:717 discordiador/(19541:19641): Ciclos transcurridos del sabotaje: 1
[INFO] 14:36:20:725 discordiador/(19541:19554): Se ejecutó Exec->BlockedIO
[INFO] 14:36:20:729 discordiador/(19541:19554): ----------------------------------
[INFO] 14:36:20:733 discordiador/(19541:19550): ----------------------------------
[INFO] 14:36:20:737 discordiador/(19541:19550): Se ejecuta el hilo de Exec a Ready
[INFO] 14:36:20:748 discordiador/(19541:19550): Se ejecutó Exec->Ready
[INFO] 14:36:20:750 discordiador/(19541:19550): ----------------------------------
[INFO] 14:36:20:752 discordiador/(19541:19555): Se ejecutó Exec->Exit
[INFO] 14:36:20:764 discordiador/(19541:19555): ----------------------------------
[INFO] 14:36:20:766 discordiador/(19541:19558): Entró a ReadyExec->BlockedEmer
[INFO] 14:36:20:770 discordiador/(19541:19558): Intrucción actual del tripulante fixer: EMPALMANDO_CABLES;8;0;600
[INFO] 14:36:20:776 discordiador/(19541:19558): Se ejecutó ReadyExec->BlockedEmer
[INFO] 14:36:20:778 discordiador/(19541:19558): ----------------------------------
[INFO] 14:36:22:781 discordiador/(19541:19549): Tripulante: 1 encontrado en Ready. Moviéndolo a Exec...
[INFO] 14:36:22:785 discordiador/(19541:19549): Instrucción Actual: ATENDER SABOTAJE
[INFO] 14:36:22:789 discordiador/(19541:19549): Se paso Tripulante a Exec
[INFO] 14:36:22:792 discordiador/(19541:19549): Hay 1 nodos en Exec
[INFO] 14:36:22:804 discordiador/(19541:19549): Se ejecutó Ready->Exec
[INFO] 14:36:22:808 discordiador/(19541:19549): ----------------------------------
[INFO] 14:36:22:817 discordiador/(19541:19641): [Tripulante 1] Se está atendiendo sabotaje
[INFO] 14:36:22:818 discordiador/(19541:19641): La posición en X|Y del sabotaje es: 7|1 con duración: 10
[INFO] 14:36:22:820 discordiador/(19541:19641): Ciclos transcurridos del sabotaje: 1
[INFO] 14:36:23:830 discordiador/(19541:19554): Se ejecutó Exec->BlockedIO
[INFO] 14:36:23:833 discordiador/(19541:19554): ----------------------------------
[INFO] 14:36:23:837 discordiador/(19541:19550): ----------------------------------
[INFO] 14:36:23:841 discordiador/(19541:19550): Se ejecuta el hilo de Exec a Ready
[INFO] 14:36:23:853 discordiador/(19541:19550): Se ejecutó Exec->Ready
[INFO] 14:36:23:857 discordiador/(19541:19550): ----------------------------------
[INFO] 14:36:23:865 discordiador/(19541:19555): Se ejecutó Exec->Exit
[INFO] 14:36:23:868 discordiador/(19541:19555): ----------------------------------
[INFO] 14:36:23:877 discordiador/(19541:19558): Entró a ReadyExec->BlockedEmer
[INFO] 14:36:23:883 discordiador/(19541:19558): Intrucción actual del tripulante fixer: EMPALMANDO_CABLES;8;0;600
[INFO] 14:36:23:888 discordiador/(19541:19558): Se ejecutó ReadyExec->BlockedEmer
[INFO] 14:36:23:890 discordiador/(19541:19558): ----------------------------------
[INFO] 14:36:25:894 discordiador/(19541:19549): Tripulante: 1 encontrado en Ready. Moviéndolo a Exec...
[INFO] 14:36:25:896 discordiador/(19541:19549): Instrucción Actual: ATENDER SABOTAJE
[INFO] 14:36:25:897 discordiador/(19541:19549): Se paso Tripulante a Exec
[INFO] 14:36:25:899 discordiador/(19541:19549): Hay 1 nodos en Exec
[INFO] 14:36:25:901 discordiador/(19541:19549): Se ejecutó Ready->Exec
[INFO] 14:36:25:902 discordiador/(19541:19549): ----------------------------------
[INFO] 14:36:25:904 discordiador/(19541:19641): [Tripulante 1] Se está atendiendo sabotaje
[INFO] 14:36:25:908 discordiador/(19541:19641): La posición en X|Y del sabotaje es: 7|1 con duración: 10
[INFO] 14:36:25:918 discordiador/(19541:19641): Ciclos transcurridos del sabotaje: 1
[INFO] 14:36:26:925 discordiador/(19541:19554): Se ejecutó Exec->BlockedIO
[INFO] 14:36:26:929 discordiador/(19541:19554): ----------------------------------
[INFO] 14:36:26:933 discordiador/(19541:19550): ----------------------------------
[INFO] 14:36:26:936 discordiador/(19541:19550): Se ejecuta el hilo de Exec a Ready
[INFO] 14:36:26:948 discordiador/(19541:19550): Se ejecutó Exec->Ready
[INFO] 14:36:26:952 discordiador/(19541:19550): ----------------------------------
[INFO] 14:36:26:964 discordiador/(19541:19555): Se ejecutó Exec->Exit
[INFO] 14:36:26:969 discordiador/(19541:19555): ----------------------------------
[INFO] 14:36:26:970 discordiador/(19541:19558): Entró a ReadyExec->BlockedEmer
[INFO] 14:36:26:974 discordiador/(19541:19558): Intrucción actual del tripulante fixer: EMPALMANDO_CABLES;8;0;600
[INFO] 14:36:26:979 discordiador/(19541:19558): Se ejecutó ReadyExec->BlockedEmer
[INFO] 14:36:26:981 discordiador/(19541:19558): ----------------------------------
[INFO] 14:36:28:985 discordiador/(19541:19549): Tripulante: 1 encontrado en Ready. Moviéndolo a Exec...
[INFO] 14:36:28:988 discordiador/(19541:19549): Instrucción Actual: ATENDER SABOTAJE
[INFO] 14:36:28:992 discordiador/(19541:19549): Se paso Tripulante a Exec
[INFO] 14:36:28:996 discordiador/(19541:19549): Hay 1 nodos en Exec
[INFO] 14:36:29:008 discordiador/(19541:19549): Se ejecutó Ready->Exec
[INFO] 14:36:29:013 discordiador/(19541:19549): ----------------------------------
[INFO] 14:36:29:023 discordiador/(19541:19641): [Tripulante 1] Se está atendiendo sabotaje
[INFO] 14:36:29:025 discordiador/(19541:19641): La posición en X|Y del sabotaje es: 7|1 con duración: 10
[INFO] 14:36:29:033 discordiador/(19541:19641): Ciclos transcurridos del sabotaje: 1
[INFO] 14:36:30:039 discordiador/(19541:19554): Se ejecutó Exec->BlockedIO
[INFO] 14:36:30:043 discordiador/(19541:19554): ----------------------------------
[INFO] 14:36:30:047 discordiador/(19541:19550): ----------------------------------
[INFO] 14:36:30:050 discordiador/(19541:19550): Se ejecuta el hilo de Exec a Ready
[INFO] 14:36:30:061 discordiador/(19541:19550): Se ejecutó Exec->Ready
[INFO] 14:36:30:066 discordiador/(19541:19550): ----------------------------------
[INFO] 14:36:30:080 discordiador/(19541:19555): Se ejecutó Exec->Exit
[INFO] 14:36:30:085 discordiador/(19541:19555): ----------------------------------
[INFO] 14:36:30:087 discordiador/(19541:19558): Entró a ReadyExec->BlockedEmer
[INFO] 14:36:30:101 discordiador/(19541:19558): Se ejecutó ReadyExec->BlockedEmer
[INFO] 14:36:30:103 discordiador/(19541:19558): ----------------------------------
[INFO] 14:36:31:106 discordiador/(19541:19559): Entró a BlockedEmer->Ready
[INFO] 14:36:31:151 discordiador/(19541:19559): Intentando conexion a IP: 127.0.0.1 y PORT: 5002 ..
[INFO] 14:36:31:160 discordiador/(19541:19559): [Shared Library]: Conexion exitosa. (╯°o°)ᕗ
[INFO] 14:36:31:165 discordiador/(19541:19559): [Shared Library]: ╰( ⁰ ਊ ⁰ )━☆ﾟ.*･｡ﾟ Mensaje enviado correctamente.
[INFO] 14:36:31:174 discordiador/(19541:19559): Se ejecutó BlockedEmer->Ready
[INFO] 14:36:31:176 discordiador/(19541:19559): ----------------------------------
[INFO] 14:36:32:180 discordiador/(19541:19549): Tripulante: 0 encontrado en Ready. Moviéndolo a Exec...
[INFO] 14:36:32:184 discordiador/(19541:19549): Instrucción Actual: ARREGLAR_REACTOR;0;0;600
[INFO] 14:36:32:188 discordiador/(19541:19549): Se paso Tripulante a Exec
[INFO] 14:36:32:191 discordiador/(19541:19549): Hay 1 nodos en Exec
[INFO] 14:36:32:203 discordiador/(19541:19549): Se ejecutó Ready->Exec
[INFO] 14:36:32:205 discordiador/(19541:19549): ----------------------------------
[INFO] 14:36:32:207 discordiador/(19541:19609): parametro: ARREGLAR_REACTOR;0;0;600
[INFO] 14:36:32:209 discordiador/(19541:19609): [Tripulante 0] Se debe realizar una tarea normal
[INFO] 14:36:32:221 discordiador/(19541:19609): nombre de tarea (tarea normal): ARREGLAR_REACTOR
[INFO] 14:36:32:224 discordiador/(19541:19609): El tiempo en exec del tripulante 0 es: 13
[INFO] 14:36:33:228 discordiador/(19541:19554): Se ejecutó Exec->BlockedIO
[INFO] 14:36:33:232 discordiador/(19541:19554): ----------------------------------
[INFO] 14:36:33:236 discordiador/(19541:19550): ----------------------------------
[INFO] 14:36:33:239 discordiador/(19541:19550): Se ejecuta el hilo de Exec a Ready
[INFO] 14:36:33:249 discordiador/(19541:19550): Se ejecutó Exec->Ready
[INFO] 14:36:33:254 discordiador/(19541:19550): ----------------------------------
[INFO] 14:36:33:255 discordiador/(19541:19555): Se ejecutó Exec->Exit
[INFO] 14:36:33:257 discordiador/(19541:19555): ----------------------------------
[INFO] 14:36:33:269 discordiador/(19541:19609): parametro: ARREGLAR_REACTOR;0;0;600
[INFO] 14:36:33:271 discordiador/(19541:19609): [Tripulante 0] Se debe realizar una tarea normal
[INFO] 14:36:33:274 discordiador/(19541:19609): nombre de tarea (tarea normal): ARREGLAR_REACTOR
[INFO] 14:36:33:278 discordiador/(19541:19609): El tiempo en exec del tripulante 0 es: 14
[INFO] 14:36:34:281 discordiador/(19541:19554): Se ejecutó Exec->BlockedIO
[INFO] 14:36:34:284 discordiador/(19541:19554): ----------------------------------
[INFO] 14:36:34:288 discordiador/(19541:19550): ----------------------------------
[INFO] 14:36:34:292 discordiador/(19541:19550): Se ejecuta el hilo de Exec a Ready
[INFO] 14:36:34:303 discordiador/(19541:19550): Se ejecutó Exec->Ready
[INFO] 14:36:34:307 discordiador/(19541:19550): ----------------------------------
[INFO] 14:36:34:309 discordiador/(19541:19555): Se ejecutó Exec->Exit
[INFO] 14:36:34:312 discordiador/(19541:19555): ----------------------------------
[INFO] 14:36:34:321 discordiador/(19541:19609): parametro: ARREGLAR_REACTOR;0;0;600
[INFO] 14:36:34:325 discordiador/(19541:19609): [Tripulante 0] Se debe realizar una tarea normal
[INFO] 14:36:34:328 discordiador/(19541:19609): nombre de tarea (tarea normal): ARREGLAR_REACTOR
[INFO] 14:36:34:331 discordiador/(19541:19609): El tiempo en exec del tripulante 0 es: 15
[INFO] 14:36:35:334 discordiador/(19541:19554): Se ejecutó Exec->BlockedIO
[INFO] 14:36:35:337 discordiador/(19541:19554): ----------------------------------
[INFO] 14:36:35:341 discordiador/(19541:19550): ----------------------------------
[INFO] 14:36:35:345 discordiador/(19541:19550): Se ejecuta el hilo de Exec a Ready
[INFO] 14:36:35:355 discordiador/(19541:19550): Se ejecutó Exec->Ready
[INFO] 14:36:35:357 discordiador/(19541:19550): ----------------------------------
[INFO] 14:36:35:360 discordiador/(19541:19555): Se ejecutó Exec->Exit
[INFO] 14:36:35:362 discordiador/(19541:19555): ----------------------------------
[INFO] 14:36:35:374 discordiador/(19541:19609): parametro: ARREGLAR_REACTOR;0;0;600
[INFO] 14:36:35:380 discordiador/(19541:19609): [Tripulante 0] Se debe realizar una tarea normal
[INFO] 14:36:35:383 discordiador/(19541:19609): nombre de tarea (tarea normal): ARREGLAR_REACTOR
[INFO] 14:36:35:388 discordiador/(19541:19609): El tiempo en exec del tripulante 0 es: 16
[INFO] 14:36:36:390 discordiador/(19541:19554): Se ejecutó Exec->BlockedIO
[INFO] 14:36:36:394 discordiador/(19541:19554): ----------------------------------
[INFO] 14:36:36:397 discordiador/(19541:19550): ----------------------------------
[INFO] 14:36:36:401 discordiador/(19541:19550): Se ejecuta el hilo de Exec a Ready
[INFO] 14:36:36:403 discordiador/(19541:19550): Se ejecutó Exec->Ready
[INFO] 14:36:36:411 discordiador/(19541:19550): ----------------------------------
[INFO] 14:36:36:414 discordiador/(19541:19555): Se ejecutó Exec->Exit
[INFO] 14:36:36:416 discordiador/(19541:19555): ----------------------------------
[INFO] 14:36:36:419 discordiador/(19541:19609): parametro: ARREGLAR_REACTOR;0;0;600
[INFO] 14:36:36:425 discordiador/(19541:19609): [Tripulante 0] Se debe realizar una tarea normal
[INFO] 14:36:36:434 discordiador/(19541:19609): nombre de tarea (tarea normal): ARREGLAR_REACTOR
[INFO] 14:36:36:441 discordiador/(19541:19609): El tiempo en exec del tripulante 0 es: 17
[INFO] 14:36:37:443 discordiador/(19541:19554): Se ejecutó Exec->BlockedIO
[INFO] 14:36:37:445 discordiador/(19541:19554): ----------------------------------
[INFO] 14:36:37:447 discordiador/(19541:19550): ----------------------------------
[INFO] 14:36:37:448 discordiador/(19541:19550): Se ejecuta el hilo de Exec a Ready
[INFO] 14:36:37:450 discordiador/(19541:19550): Se ejecutó Exec->Ready
[INFO] 14:36:37:452 discordiador/(19541:19550): ----------------------------------
[INFO] 14:36:37:454 discordiador/(19541:19555): Se ejecutó Exec->Exit
[INFO] 14:36:37:460 discordiador/(19541:19555): ----------------------------------
[INFO] 14:36:37:463 discordiador/(19541:19609): parametro: ARREGLAR_REACTOR;0;0;600
[INFO] 14:36:37:468 discordiador/(19541:19609): [Tripulante 0] Se debe realizar una tarea normal
[INFO] 14:36:37:471 discordiador/(19541:19609): nombre de tarea (tarea normal): ARREGLAR_REACTOR
[INFO] 14:36:37:485 discordiador/(19541:19609): El tiempo en exec del tripulante 0 es: 18
[INFO] 14:36:38:492 discordiador/(19541:19554): Se ejecutó Exec->BlockedIO
[INFO] 14:36:38:494 discordiador/(19541:19554): ----------------------------------
[INFO] 14:36:38:496 discordiador/(19541:19550): ----------------------------------
[INFO] 14:36:38:499 discordiador/(19541:19550): Se ejecuta el hilo de Exec a Ready
[INFO] 14:36:38:501 discordiador/(19541:19550): Se ejecutó Exec->Ready
[INFO] 14:36:38:503 discordiador/(19541:19550): ----------------------------------
[INFO] 14:36:38:515 discordiador/(19541:19555): Se ejecutó Exec->Exit
[INFO] 14:36:38:517 discordiador/(19541:19555): ----------------------------------
[INFO] 14:36:38:519 discordiador/(19541:19609): parametro: ARREGLAR_REACTOR;0;0;600
[INFO] 14:36:38:522 discordiador/(19541:19609): [Tripulante 0] Se debe realizar una tarea normal
[INFO] 14:36:38:531 discordiador/(19541:19609): nombre de tarea (tarea normal): ARREGLAR_REACTOR
[INFO] 14:36:38:540 discordiador/(19541:19609): El tiempo en exec del tripulante 0 es: 19
[INFO] 14:36:39:544 discordiador/(19541:19554): Se ejecutó Exec->BlockedIO
[INFO] 14:36:39:548 discordiador/(19541:19554): ----------------------------------
[INFO] 14:36:39:553 discordiador/(19541:19550): ----------------------------------
[INFO] 14:36:39:557 discordiador/(19541:19550): Se ejecuta el hilo de Exec a Ready
[INFO] 14:36:39:567 discordiador/(19541:19550): Se ejecutó Exec->Ready
[INFO] 14:36:39:581 discordiador/(19541:19550): ----------------------------------
[INFO] 14:36:39:586 discordiador/(19541:19555): Se ejecutó Exec->Exit
[INFO] 14:36:39:587 discordiador/(19541:19555): ----------------------------------
[INFO] 14:36:39:589 discordiador/(19541:19609): parametro: ARREGLAR_REACTOR;0;0;600
[INFO] 14:36:39:591 discordiador/(19541:19609): [Tripulante 0] Se debe realizar una tarea normal
[INFO] 14:36:39:598 discordiador/(19541:19609): nombre de tarea (tarea normal): ARREGLAR_REACTOR
[INFO] 14:36:39:602 discordiador/(19541:19609): El tiempo en exec del tripulante 0 es: 20
[INFO] 14:36:40:604 discordiador/(19541:19554): Se ejecutó Exec->BlockedIO
[INFO] 14:36:40:606 discordiador/(19541:19554): ----------------------------------
[INFO] 14:36:40:609 discordiador/(19541:19550): ----------------------------------
[INFO] 14:36:40:611 discordiador/(19541:19550): Se ejecuta el hilo de Exec a Ready
[INFO] 14:36:40:613 discordiador/(19541:19550): Se ejecutó Exec->Ready
[INFO] 14:36:40:615 discordiador/(19541:19550): ----------------------------------
[INFO] 14:36:40:617 discordiador/(19541:19555): Se ejecutó Exec->Exit
[INFO] 14:36:40:624 discordiador/(19541:19555): ----------------------------------
[INFO] 14:36:40:627 discordiador/(19541:19609): parametro: ARREGLAR_REACTOR;0;0;600
[INFO] 14:36:40:629 discordiador/(19541:19609): [Tripulante 0] Se debe realizar una tarea normal
[INFO] 14:36:40:632 discordiador/(19541:19609): nombre de tarea (tarea normal): ARREGLAR_REACTOR
[INFO] 14:36:40:641 discordiador/(19541:19609): El tiempo en exec del tripulante 0 es: 21
[INFO] 14:36:41:649 discordiador/(19541:19554): Se ejecutó Exec->BlockedIO
[INFO] 14:36:41:652 discordiador/(19541:19554): ----------------------------------
[INFO] 14:36:41:656 discordiador/(19541:19550): ----------------------------------
[INFO] 14:36:41:660 discordiador/(19541:19550): Se ejecuta el hilo de Exec a Ready
[INFO] 14:36:41:672 discordiador/(19541:19550): Se ejecutó Exec->Ready
[INFO] 14:36:41:675 discordiador/(19541:19550): ----------------------------------
[INFO] 14:36:41:688 discordiador/(19541:19555): Se ejecutó Exec->Exit
[INFO] 14:36:41:690 discordiador/(19541:19555): ----------------------------------
[INFO] 14:36:41:693 discordiador/(19541:19609): parametro: ARREGLAR_REACTOR;0;0;600
[INFO] 14:36:41:695 discordiador/(19541:19609): [Tripulante 0] Se debe realizar una tarea normal
[INFO] 14:36:41:698 discordiador/(19541:19609): nombre de tarea (tarea normal): ARREGLAR_REACTOR
[INFO] 14:36:41:700 discordiador/(19541:19609): El tiempo en exec del tripulante 0 es: 22
[INFO] 14:36:42:703 discordiador/(19541:19554): Se ejecutó Exec->BlockedIO
[INFO] 14:36:42:705 discordiador/(19541:19554): ----------------------------------
[INFO] 14:36:42:708 discordiador/(19541:19550): ----------------------------------
[INFO] 14:36:42:710 discordiador/(19541:19550): Se ejecuta el hilo de Exec a Ready
[INFO] 14:36:42:712 discordiador/(19541:19550): Se ejecutó Exec->Ready
[INFO] 14:36:42:715 discordiador/(19541:19550): ----------------------------------
[INFO] 14:36:42:723 discordiador/(19541:19555): Se ejecutó Exec->Exit
[INFO] 14:36:42:725 discordiador/(19541:19555): ----------------------------------
[INFO] 14:36:42:728 discordiador/(19541:19609): parametro: ARREGLAR_REACTOR;0;0;600
[INFO] 14:36:42:730 discordiador/(19541:19609): [Tripulante 0] Se debe realizar una tarea normal
[INFO] 14:36:42:733 discordiador/(19541:19609): nombre de tarea (tarea normal): ARREGLAR_REACTOR
[INFO] 14:36:42:747 discordiador/(19541:19609): El tiempo en exec del tripulante 0 es: 23
[INFO] 14:36:43:346 discordiador/(19541:19541): El mensaje ingresado no corresponde a una acción propia del Discordiador
[INFO] 14:36:43:750 discordiador/(19541:19554): Se ejecutó Exec->BlockedIO
[INFO] 14:36:43:754 discordiador/(19541:19554): ----------------------------------
[INFO] 14:36:43:758 discordiador/(19541:19550): ----------------------------------
[INFO] 14:36:43:761 discordiador/(19541:19550): Se ejecuta el hilo de Exec a Ready
[INFO] 14:36:43:773 discordiador/(19541:19550): Se ejecutó Exec->Ready
[INFO] 14:36:43:777 discordiador/(19541:19550): ----------------------------------
[INFO] 14:36:43:779 discordiador/(19541:19555): Se ejecutó Exec->Exit
[INFO] 14:36:43:789 discordiador/(19541:19555): ----------------------------------
[INFO] 14:36:43:794 discordiador/(19541:19609): parametro: ARREGLAR_REACTOR;0;0;600
[INFO] 14:36:43:795 discordiador/(19541:19609): [Tripulante 0] Se debe realizar una tarea normal
[INFO] 14:36:43:799 discordiador/(19541:19609): nombre de tarea (tarea normal): ARREGLAR_REACTOR
[INFO] 14:36:43:801 discordiador/(19541:19609): El tiempo en exec del tripulante 0 es: 24
[INFO] 14:36:44:804 discordiador/(19541:19554): Se ejecutó Exec->BlockedIO
[INFO] 14:36:44:808 discordiador/(19541:19554): ----------------------------------
[INFO] 14:36:44:811 discordiador/(19541:19550): ----------------------------------
[INFO] 14:36:44:815 discordiador/(19541:19550): Se ejecuta el hilo de Exec a Ready
[INFO] 14:36:44:828 discordiador/(19541:19550): Se ejecutó Exec->Ready
[INFO] 14:36:44:830 discordiador/(19541:19550): ----------------------------------
[INFO] 14:36:44:832 discordiador/(19541:19555): Se ejecutó Exec->Exit
[INFO] 14:36:44:840 discordiador/(19541:19555): ----------------------------------
[INFO] 14:36:44:845 discordiador/(19541:19609): parametro: ARREGLAR_REACTOR;0;0;600
[INFO] 14:36:44:849 discordiador/(19541:19609): [Tripulante 0] Se debe realizar una tarea normal
[INFO] 14:36:44:852 discordiador/(19541:19609): nombre de tarea (tarea normal): ARREGLAR_REACTOR
[INFO] 14:36:44:854 discordiador/(19541:19609): El tiempo en exec del tripulante 0 es: 25
[INFO] 14:36:45:859 discordiador/(19541:19554): Se ejecutó Exec->BlockedIO
[INFO] 14:36:45:864 discordiador/(19541:19554): ----------------------------------
[INFO] 14:36:45:868 discordiador/(19541:19550): ----------------------------------
[INFO] 14:36:45:877 discordiador/(19541:19550): Se ejecuta el hilo de Exec a Ready
[INFO] 14:36:45:883 discordiador/(19541:19550): Se ejecutó Exec->Ready
[INFO] 14:36:45:885 discordiador/(19541:19550): ----------------------------------
[INFO] 14:36:45:889 discordiador/(19541:19555): Se ejecutó Exec->Exit
[INFO] 14:36:45:892 discordiador/(19541:19555): ----------------------------------
[INFO] 14:36:45:901 discordiador/(19541:19609): parametro: ARREGLAR_REACTOR;0;0;600
[INFO] 14:36:45:906 discordiador/(19541:19609): [Tripulante 0] Se debe realizar una tarea normal
[INFO] 14:36:45:911 discordiador/(19541:19609): nombre de tarea (tarea normal): ARREGLAR_REACTOR
[INFO] 14:36:45:914 discordiador/(19541:19609): El tiempo en exec del tripulante 0 es: 26
[INFO] 14:36:46:917 discordiador/(19541:19554): Se ejecutó Exec->BlockedIO
[INFO] 14:36:46:921 discordiador/(19541:19554): ----------------------------------
[INFO] 14:36:46:925 discordiador/(19541:19550): ----------------------------------
[INFO] 14:36:46:928 discordiador/(19541:19550): Se ejecuta el hilo de Exec a Ready
[INFO] 14:36:46:941 discordiador/(19541:19550): Se ejecutó Exec->Ready
[INFO] 14:36:46:945 discordiador/(19541:19550): ----------------------------------
[INFO] 14:36:46:954 discordiador/(19541:19555): Se ejecutó Exec->Exit
[INFO] 14:36:46:957 discordiador/(19541:19555): ----------------------------------
[INFO] 14:36:46:965 discordiador/(19541:19609): parametro: ARREGLAR_REACTOR;0;0;600
[INFO] 14:36:46:972 discordiador/(19541:19609): [Tripulante 0] Se debe realizar una tarea normal
[INFO] 14:36:46:975 discordiador/(19541:19609): nombre de tarea (tarea normal): ARREGLAR_REACTOR
[INFO] 14:36:46:980 discordiador/(19541:19609): El tiempo en exec del tripulante 0 es: 27
[INFO] 14:36:47:983 discordiador/(19541:19554): Se ejecutó Exec->BlockedIO
[INFO] 14:36:47:986 discordiador/(19541:19554): ----------------------------------
[INFO] 14:36:47:990 discordiador/(19541:19550): ----------------------------------
[INFO] 14:36:47:994 discordiador/(19541:19550): Se ejecuta el hilo de Exec a Ready
[INFO] 14:36:48:005 discordiador/(19541:19550): Se ejecutó Exec->Ready
[INFO] 14:36:48:008 discordiador/(19541:19550): ----------------------------------
[INFO] 14:36:48:010 discordiador/(19541:19555): Se ejecutó Exec->Exit
[INFO] 14:36:48:011 discordiador/(19541:19555): ----------------------------------
[INFO] 14:36:48:017 discordiador/(19541:19609): parametro: ARREGLAR_REACTOR;0;0;600
[INFO] 14:36:48:024 discordiador/(19541:19609): [Tripulante 0] Se debe realizar una tarea normal
[INFO] 14:36:48:027 discordiador/(19541:19609): nombre de tarea (tarea normal): ARREGLAR_REACTOR
[INFO] 14:36:48:032 discordiador/(19541:19609): El tiempo en exec del tripulante 0 es: 28
[INFO] 14:36:49:035 discordiador/(19541:19554): Se ejecutó Exec->BlockedIO
[INFO] 14:36:49:039 discordiador/(19541:19554): ----------------------------------
[INFO] 14:36:49:043 discordiador/(19541:19550): ----------------------------------
[INFO] 14:36:49:047 discordiador/(19541:19550): Se ejecuta el hilo de Exec a Ready
[INFO] 14:36:49:057 discordiador/(19541:19550): Se ejecutó Exec->Ready
[INFO] 14:36:49:059 discordiador/(19541:19550): ----------------------------------
[INFO] 14:36:49:060 discordiador/(19541:19555): Se ejecutó Exec->Exit
[INFO] 14:36:49:062 discordiador/(19541:19555): ----------------------------------
[INFO] 14:36:49:064 discordiador/(19541:19609): parametro: ARREGLAR_REACTOR;0;0;600
[INFO] 14:36:49:068 discordiador/(19541:19609): [Tripulante 0] Se debe realizar una tarea normal
[INFO] 14:36:49:078 discordiador/(19541:19609): nombre de tarea (tarea normal): ARREGLAR_REACTOR
[INFO] 14:36:49:083 discordiador/(19541:19609): El tiempo en exec del tripulante 0 es: 29
[INFO] 14:36:49:673 discordiador/(19541:19541): --------------------------------------------------------------------
[INFO] 14:36:49:677 discordiador/(19541:19541): Entró comando: LISTAR_TRIPULANTES
[INFO] 14:36:49:752 discordiador/(19541:19541): Estado de la Nave: 02/08/21 14:36:49
[INFO] 14:36:49:783 discordiador/(19541:19541): Tripulante: 0	 Patota:1	 Tarea:ARREGLAR_REACTOR;0;0;600	
[INFO] 14:36:49:786 discordiador/(19541:19541): Posicion Actual X e Y: 0 - 0

[INFO] 14:36:49:795 discordiador/(19541:19541): Status: EXEC

[INFO] 14:36:49:804 discordiador/(19541:19541): -------------------------------------
[INFO] 14:36:49:807 discordiador/(19541:19541): Tripulante: 1	 Patota:2	 Tarea:EMPALMANDO_CABLES;8;0;600	
[INFO] 14:36:49:817 discordiador/(19541:19541): Posicion Actual X e Y: 7 - 1

[INFO] 14:36:49:820 discordiador/(19541:19541): Status: READY

[INFO] 14:36:49:823 discordiador/(19541:19541): -------------------------------------
[INFO] 14:36:49:824 discordiador/(19541:19541): Tripulante: 2	 Patota:3	 Tarea:ROMPIENDO_ASTEROIDES;8;8;600	
[INFO] 14:36:49:827 discordiador/(19541:19541): Posicion Actual X e Y: 8 - 8

[INFO] 14:36:49:829 discordiador/(19541:19541): Status: READY

[INFO] 14:36:49:840 discordiador/(19541:19541): -------------------------------------
[INFO] 14:36:49:842 discordiador/(19541:19541): Tripulante: 3	 Patota:4	 Tarea:CEBANDO_MATES;0;8;600	
[INFO] 14:36:49:847 discordiador/(19541:19541): Posicion Actual X e Y: 0 - 8

[INFO] 14:36:49:849 discordiador/(19541:19541): Status: READY

[INFO] 14:36:49:851 discordiador/(19541:19541): -------------------------------------
[INFO] 14:36:50:086 discordiador/(19541:19554): Se ejecutó Exec->BlockedIO
[INFO] 14:36:50:089 discordiador/(19541:19554): ----------------------------------
[INFO] 14:36:50:093 discordiador/(19541:19550): ----------------------------------
[INFO] 14:36:50:096 discordiador/(19541:19550): Se ejecuta el hilo de Exec a Ready
[INFO] 14:36:50:100 discordiador/(19541:19550): Se ejecutó Exec->Ready
[INFO] 14:36:50:109 discordiador/(19541:19550): ----------------------------------
[INFO] 14:36:50:112 discordiador/(19541:19555): Se ejecutó Exec->Exit
[INFO] 14:36:50:114 discordiador/(19541:19555): ----------------------------------
[INFO] 14:36:50:117 discordiador/(19541:19609): parametro: ARREGLAR_REACTOR;0;0;600
[INFO] 14:36:50:122 discordiador/(19541:19609): [Tripulante 0] Se debe realizar una tarea normal
[INFO] 14:36:50:125 discordiador/(19541:19609): nombre de tarea (tarea normal): ARREGLAR_REACTOR
[INFO] 14:36:50:134 discordiador/(19541:19609): El tiempo en exec del tripulante 0 es: 30
[INFO] 14:36:51:140 discordiador/(19541:19554): Se ejecutó Exec->BlockedIO
[INFO] 14:36:51:143 discordiador/(19541:19554): ----------------------------------
[INFO] 14:36:51:147 discordiador/(19541:19550): ----------------------------------
[INFO] 14:36:51:151 discordiador/(19541:19550): Se ejecuta el hilo de Exec a Ready
[INFO] 14:36:51:159 discordiador/(19541:19550): Se ejecutó Exec->Ready
[INFO] 14:36:51:161 discordiador/(19541:19550): ----------------------------------
[INFO] 14:36:51:164 discordiador/(19541:19555): Se ejecutó Exec->Exit
[INFO] 14:36:51:166 discordiador/(19541:19555): ----------------------------------
[INFO] 14:36:51:168 discordiador/(19541:19609): parametro: ARREGLAR_REACTOR;0;0;600
[INFO] 14:36:51:180 discordiador/(19541:19609): [Tripulante 0] Se debe realizar una tarea normal
[INFO] 14:36:51:183 discordiador/(19541:19609): nombre de tarea (tarea normal): ARREGLAR_REACTOR
[INFO] 14:36:51:189 discordiador/(19541:19609): El tiempo en exec del tripulante 0 es: 31
[INFO] 14:36:52:192 discordiador/(19541:19554): Se ejecutó Exec->BlockedIO
[INFO] 14:36:52:195 discordiador/(19541:19554): ----------------------------------
[INFO] 14:36:52:199 discordiador/(19541:19550): ----------------------------------
[INFO] 14:36:52:203 discordiador/(19541:19550): Se ejecuta el hilo de Exec a Ready
[INFO] 14:36:52:215 discordiador/(19541:19550): Se ejecutó Exec->Ready
[INFO] 14:36:52:219 discordiador/(19541:19550): ----------------------------------
[INFO] 14:36:52:227 discordiador/(19541:19555): Se ejecutó Exec->Exit
[INFO] 14:36:52:231 discordiador/(19541:19555): ----------------------------------
[INFO] 14:36:52:241 discordiador/(19541:19609): parametro: ARREGLAR_REACTOR;0;0;600
[INFO] 14:36:52:242 discordiador/(19541:19609): [Tripulante 0] Se debe realizar una tarea normal
[INFO] 14:36:52:247 discordiador/(19541:19609): nombre de tarea (tarea normal): ARREGLAR_REACTOR
[INFO] 14:36:52:250 discordiador/(19541:19609): El tiempo en exec del tripulante 0 es: 32
[INFO] 14:36:52:935 discordiador/(19541:19541): Salimos de la consola
