[INFO] 14:58:48:058 discordiador/(26245:26245): CantidadVieja: 0
[INFO] 14:58:48:058 discordiador/(26245:26245): CantidadActual: 0
[INFO] 14:58:48:059 discordiador/(26245:26245): Validador: 1
[INFO] 14:58:48:059 discordiador/(26245:26245): PlanificacionViva: 0
[INFO] 14:58:48:060 discordiador/(26245:26245): SabotajeActivado: 0
[INFO] 14:58:48:060 discordiador/(26245:26245): Intentando conexion a IP: 127.0.0.1 y PORT: 5001 ..
[INFO] 14:58:48:061 discordiador/(26245:26245): [Shared Library]: Conexion exitosa. (╯°o°)ᕗ
[INFO] 14:58:48:061 discordiador/(26245:26245): Intentando conexion a IP: 127.0.0.1 y PORT: 5002 ..
[ERROR] 14:58:48:062 discordiador/(26245:26245): [Shared Library]: Error al conectarse con servidor /n (╯°□°）╯︵ ┻━┻
[ERROR] 14:58:48:063 discordiador/(26245:26245): [Shared Library]: Error al enviar mensaje. (╯°□°）╯︵ ┻━┻
[INFO] 14:58:48:063 discordiador/(26245:26245): N° proceso: 26245
[INFO] 14:58:48:067 discordiador/(26245:26255): [Shared Library]: Se creo un socket listenner en el puerto: 5000 
[INFO] 14:58:48:068 discordiador/(26245:26255): [Shared Library]: Esperando conexiones en puerto: 5000
[INFO] 14:59:00:346 discordiador/(26245:26245): Entró comando: INICIAR_PATOTA
[INFO] 14:59:00:354 discordiador/(26245:26245): 3
[INFO] 14:59:00:357 discordiador/(26245:26245): Las tareas a mandar son: ARREGLAR_REACTOR;7;2;5BARRER;7;7;5SALUDAR;2;7;1

[INFO] 14:59:00:358 discordiador/(26245:26245): CantidadActual: 1
[INFO] 14:59:00:359 discordiador/(26245:26245): [Shared Library]: ╰( ⁰ ਊ ⁰ )━☆ﾟ.*･｡ﾟ Mensaje enviado correctamente.
[INFO] 14:59:00:361 discordiador/(26245:26245): Recibi el siguiente mensaje..
[INFO] 14:59:00:361 discordiador/(26245:26245): Proceso: RAM
[INFO] 14:59:00:362 discordiador/(26245:26245): Comando: 200
[INFO] 14:59:00:362 discordiador/(26245:26245): Tamanio: 9
[INFO] 14:59:00:362 discordiador/(26245:26245): Se guardó en Memoria OK
[INFO] 14:59:00:362 discordiador/(26245:26245): Inicializo Semaforo de TCB 0
[INFO] 14:59:00:363 discordiador/(26245:26245): [Shared Library]: ╰( ⁰ ਊ ⁰ )━☆ﾟ.*･｡ﾟ Mensaje enviado correctamente.
[INFO] 14:59:00:363 discordiador/(26245:26245): Recibi el siguiente mensaje..
[INFO] 14:59:00:405 discordiador/(26245:26245): Proceso: RAM
[INFO] 14:59:00:443 discordiador/(26245:26245): Comando: 200
[INFO] 14:59:00:443 discordiador/(26245:26245): Tamanio: 27
[INFO] 14:59:00:444 discordiador/(26245:26245): Tarea Inicial: ARREGLAR_REACTOR;7;2;5
[INFO] 14:59:00:444 discordiador/(26245:26245): CantidadVieja: 1
[INFO] 14:59:00:444 discordiador/(26245:26245): CantidadActual: 1
[INFO] 14:59:00:451 discordiador/(26245:26276): Tripulante: 0 esta esperando el signal
[INFO] 14:59:10:101 discordiador/(26245:26245): Entró comando: INICIAR_PATOTA
[INFO] 14:59:10:111 discordiador/(26245:26245): 3
[INFO] 14:59:10:116 discordiador/(26245:26245): Las tareas a mandar son: ARREGLAR_REACTOR;7;2;5BARRER;7;7;5SALUDAR;2;7;1

[INFO] 14:59:10:117 discordiador/(26245:26245): CantidadActual: 2
[INFO] 14:59:10:117 discordiador/(26245:26245): [Shared Library]: ╰( ⁰ ਊ ⁰ )━☆ﾟ.*･｡ﾟ Mensaje enviado correctamente.
[INFO] 14:59:10:118 discordiador/(26245:26245): Recibi el siguiente mensaje..
[INFO] 14:59:10:156 discordiador/(26245:26245): Proceso: RAM
[INFO] 14:59:10:157 discordiador/(26245:26245): Comando: 200
[INFO] 14:59:10:157 discordiador/(26245:26245): Tamanio: 9
[INFO] 14:59:10:157 discordiador/(26245:26245): Se guardó en Memoria OK
[INFO] 14:59:10:157 discordiador/(26245:26245): Inicializo Semaforo de TCB 1
[INFO] 14:59:10:158 discordiador/(26245:26245): [Shared Library]: ╰( ⁰ ਊ ⁰ )━☆ﾟ.*･｡ﾟ Mensaje enviado correctamente.
[INFO] 14:59:10:158 discordiador/(26245:26245): Recibi el siguiente mensaje..
[INFO] 14:59:10:199 discordiador/(26245:26245): Proceso: RAM
[INFO] 14:59:10:238 discordiador/(26245:26245): Comando: 200
[INFO] 14:59:10:239 discordiador/(26245:26245): Tamanio: 27
[INFO] 14:59:10:239 discordiador/(26245:26245): Tarea Inicial: ARREGLAR_REACTOR;7;2;5
[INFO] 14:59:10:240 discordiador/(26245:26245): CantidadVieja: 2
[INFO] 14:59:10:240 discordiador/(26245:26245): CantidadActual: 2
[INFO] 14:59:10:243 discordiador/(26245:26291): Tripulante: 1 esta esperando el signal
[INFO] 14:59:17:817 discordiador/(26245:26245): Entró comando: INICIAR_PLANIFICACION
[INFO] 14:59:17:817 discordiador/(26245:26245): Se inició la planificación. Estado de la flag: 1
[INFO] 14:59:17:818 discordiador/(26245:26248): ----------------------------------
[INFO] 14:59:17:819 discordiador/(26245:26248): Se ejecuta el hilo de New a Ready
[INFO] 14:59:17:823 discordiador/(26245:26248): Tripulante: 0 encontrado en New. Moviéndolo a Ready...
[INFO] 14:59:17:823 discordiador/(26245:26248): Instruccion Actual: ARREGLAR_REACTOR;7;2;5
[INFO] 14:59:17:823 discordiador/(26245:26248): ----------------------------------
[INFO] 14:59:17:824 discordiador/(26245:26248): ----------------------------------
[INFO] 14:59:17:824 discordiador/(26245:26248): Se ejecuta el hilo de New a Ready
[INFO] 14:59:17:824 discordiador/(26245:26248): Tripulante: 1 encontrado en New. Moviéndolo a Ready...
[INFO] 14:59:17:824 discordiador/(26245:26248): Instruccion Actual: ARREGLAR_REACTOR;7;2;5
[INFO] 14:59:17:825 discordiador/(26245:26248): ----------------------------------
[INFO] 14:59:17:825 discordiador/(26245:26248): Se ejecutó NEW->READY
[INFO] 14:59:17:825 discordiador/(26245:26248): ----------------------------------
[INFO] 14:59:17:825 discordiador/(26245:26249): Tripulante: 0 encontrado en Ready. Moviéndolo a Exec...
[INFO] 14:59:17:825 discordiador/(26245:26249): Instrucción Actual: ARREGLAR_REACTOR;7;2;5
[INFO] 14:59:17:826 discordiador/(26245:26249): Se paso Tripulante a Exec
[INFO] 14:59:17:826 discordiador/(26245:26249): Hay 1 nodos en Exec
[INFO] 14:59:17:826 discordiador/(26245:26249): Cantidad tcb en exec: 1
[INFO] 14:59:17:827 discordiador/(26245:26249): Se ejecutó Ready->Exec
[INFO] 14:59:17:827 discordiador/(26245:26249): ----------------------------------
[INFO] 14:59:17:827 discordiador/(26245:26249): HAY tripulantes
[INFO] 14:59:17:827 discordiador/(26245:26249): se hizo un post al tripulante: 0
[INFO] 14:59:17:827 discordiador/(26245:26291): se recibió el post del tripulante: 1
