[INFO] 19:44:20:848 RAM/(18453:18453): PID: 18453

[INFO] 19:44:20:904 RAM/(18453:18453): Esquema utilizado: PAGINACION
[INFO] 19:44:20:907 RAM/(18453:18453): Tamanio de la memoria: 80
[INFO] 19:44:20:912 RAM/(18453:18453): Muestro valores del bitmap para REAL..
[INFO] 19:44:20:913 RAM/(18453:18453): Bit 0: 0
[INFO] 19:44:20:913 RAM/(18453:18453): Bit 1: 0
[INFO] 19:44:20:914 RAM/(18453:18453): Bit 2: 0
[INFO] 19:44:20:914 RAM/(18453:18453): Bit 3: 0
[INFO] 19:44:20:915 RAM/(18453:18453): Bit 4: 0
[INFO] 19:44:20:915 RAM/(18453:18453): Bit 5: 0
[INFO] 19:44:20:915 RAM/(18453:18453): Bit 6: 0
[INFO] 19:44:20:916 RAM/(18453:18453): Bit 7: 0
[INFO] 19:44:20:923 RAM/(18453:18453): Muestro valores INICIALES del bitmap para VIRTUAL..
[INFO] 19:44:20:924 RAM/(18453:18453): Bit 0: 0
[INFO] 19:44:20:925 RAM/(18453:18453): Bit 1: 0
[INFO] 19:44:20:925 RAM/(18453:18453): Bit 2: 0
[INFO] 19:44:20:926 RAM/(18453:18453): Bit 3: 0
[INFO] 19:44:20:926 RAM/(18453:18453): Bit 4: 0
[INFO] 19:44:20:926 RAM/(18453:18453): Bit 5: 0
[INFO] 19:44:20:927 RAM/(18453:18453): Bit 6: 0
[INFO] 19:44:20:927 RAM/(18453:18453): Bit 7: 0
[INFO] 19:44:20:927 RAM/(18453:18453): Bit 8: 0
[INFO] 19:44:20:928 RAM/(18453:18453): Bit 9: 0
[INFO] 19:44:20:928 RAM/(18453:18453): Bit 10: 0
[INFO] 19:44:20:928 RAM/(18453:18453): Bit 11: 0
[INFO] 19:44:20:929 RAM/(18453:18453): Bit 12: 0
[INFO] 19:44:20:929 RAM/(18453:18453): Bit 13: 0
[INFO] 19:44:20:929 RAM/(18453:18453): Bit 14: 0
[INFO] 19:44:20:930 RAM/(18453:18453): Bit 15: 0
[INFO] 19:44:20:966 RAM/(18453:18453): [Shared Library]: Se creo un socket listenner en el puerto: 5001 
[INFO] 19:44:20:967 RAM/(18453:18453): [Shared Library]: Esperando conexiones en puerto: 5001
