==26849== Memcheck, a memory error detector
==26849== Copyright (C) 2002-2017, and GNU GPL'd, by Julian Seward et al.
==26849== Using Valgrind-3.13.0 and LibVEX; rerun with -h for copyright info
==26849== Command: ./main
==26849== Parent PID: 26848
==26849== 
--26849-- 
--26849-- Valgrind options:
--26849--    --leak-check=full
--26849--    --show-leak-kinds=all
--26849--    --track-origins=yes
--26849--    --log-file=valgrind.log
--26849--    --verbose
--26849-- Contents of /proc/version:
--26849--   Linux version 4.15.0-136-generic (buildd@lcy01-amd64-027) (gcc version 7.5.0 (Ubuntu 7.5.0-3ubuntu1~18.04)) #140-Ubuntu SMP Thu Jan 28 05:19:23 UTC 2021
--26849-- 
--26849-- Arch and hwcaps: X86, LittleEndian, x86-mmxext-sse1-sse2-sse3-lzcnt
--26849-- Page sizes: currently 4096, max supported 4096
--26849-- Valgrind library directory: /usr/lib/valgrind
--26849-- Reading syms from /home/utnso/Escritorio/TP/tp-2021-1c-Unnamed-Group/MiRAMHQ/main
--26849-- Reading syms from /lib/i386-linux-gnu/ld-2.27.so
--26849--   Considering /lib/i386-linux-gnu/ld-2.27.so ..
--26849--   .. CRC mismatch (computed 070ccee6 wanted e55629eb)
--26849--   Considering /usr/lib/debug/lib/i386-linux-gnu/ld-2.27.so ..
--26849--   .. CRC is valid
--26849-- Reading syms from /usr/lib/valgrind/memcheck-x86-linux
--26849--   Considering /usr/lib/valgrind/memcheck-x86-linux ..
--26849--   .. CRC mismatch (computed 657043de wanted a93b74ca)
--26849--    object doesn't have a symbol table
--26849--    object doesn't have a dynamic symbol table
--26849-- Scheduler: using generic scheduler lock implementation.
--26849-- Reading suppressions file: /usr/lib/valgrind/default.supp
==26849== embedded gdbserver: reading from /tmp/vgdb-pipe-from-vgdb-to-26849-by-utnso-on-???
==26849== embedded gdbserver: writing to   /tmp/vgdb-pipe-to-vgdb-from-26849-by-utnso-on-???
==26849== embedded gdbserver: shared mem   /tmp/vgdb-pipe-shared-mem-vgdb-26849-by-utnso-on-???
==26849== 
==26849== TO CONTROL THIS PROCESS USING vgdb (which you probably
==26849== don't want to do, unless you know exactly what you're doing,
==26849== or are doing some strange experiment):
==26849==   /usr/lib/valgrind/../../bin/vgdb --pid=26849 ...command...
==26849== 
==26849== TO DEBUG THIS PROCESS USING GDB: start GDB like this
==26849==   /path/to/gdb ./main
==26849== and then give GDB the following command
==26849==   target remote | /usr/lib/valgrind/../../bin/vgdb --pid=26849
==26849== --pid is optional if only one valgrind process is running
==26849== 
--26849-- REDIR: 0x401b560 (ld-linux.so.2:strlen) redirected to 0x58055ad3 (???)
--26849-- REDIR: 0x401b2c0 (ld-linux.so.2:index) redirected to 0x58055aae (???)
--26849-- Reading syms from /usr/lib/valgrind/vgpreload_core-x86-linux.so
--26849--   Considering /usr/lib/valgrind/vgpreload_core-x86-linux.so ..
--26849--   .. CRC mismatch (computed 86c0c51e wanted baca1012)
--26849--    object doesn't have a symbol table
--26849-- Reading syms from /usr/lib/valgrind/vgpreload_memcheck-x86-linux.so
--26849--   Considering /usr/lib/valgrind/vgpreload_memcheck-x86-linux.so ..
--26849--   .. CRC mismatch (computed bacf5249 wanted 9148b4d4)
--26849--    object doesn't have a symbol table
==26849== WARNING: new redirection conflicts with existing -- ignoring it
--26849--     old: 0x0401b560 (strlen              ) R-> (0000.0) 0x58055ad3 ???
--26849--     new: 0x0401b560 (strlen              ) R-> (2007.0) 0x04833430 strlen
--26849-- Reading syms from /usr/lib/libcommons.so
--26849-- Reading syms from /usr/lib/libunnamed.so
--26849-- Reading syms from /usr/lib/libnivel-gui.so
--26849-- Reading syms from /lib/i386-linux-gnu/libncurses.so.5.9
--26849--    object doesn't have a symbol table
--26849-- Reading syms from /lib/i386-linux-gnu/libm-2.27.so
--26849--   Considering /lib/i386-linux-gnu/libm-2.27.so ..
--26849--   .. CRC mismatch (computed 0aef0303 wanted ca669b33)
--26849--   Considering /usr/lib/debug/lib/i386-linux-gnu/libm-2.27.so ..
--26849--   .. CRC is valid
--26849-- Reading syms from /lib/i386-linux-gnu/libpthread-2.27.so
--26849--   Considering /usr/lib/debug/.build-id/cb/f9fd7a0af02e0db9d73557039202d4dcf9ece9.debug ..
--26849--   .. build-id is valid
--26849-- Reading syms from /lib/i386-linux-gnu/libc-2.27.so
--26849--   Considering /lib/i386-linux-gnu/libc-2.27.so ..
--26849--   .. CRC mismatch (computed 80e31c84 wanted 2f341772)
--26849--   Considering /usr/lib/debug/lib/i386-linux-gnu/libc-2.27.so ..
--26849--   .. CRC is valid
--26849-- Reading syms from /lib/i386-linux-gnu/libdl-2.27.so
--26849--   Considering /lib/i386-linux-gnu/libdl-2.27.so ..
--26849--   .. CRC mismatch (computed 2cfdaba6 wanted e5e33f9b)
--26849--   Considering /usr/lib/debug/lib/i386-linux-gnu/libdl-2.27.so ..
--26849--   .. CRC is valid
--26849-- Reading syms from /lib/i386-linux-gnu/libtinfo.so.5.9
--26849--    object doesn't have a symbol table
--26849-- REDIR: 0x4a33b00 (libc.so.6:strncasecmp) redirected to 0x482a560 (_vgnU_ifunc_wrapper)
--26849-- REDIR: 0x4a39f80 (libc.so.6:memrchr) redirected to 0x482a560 (_vgnU_ifunc_wrapper)
--26849-- REDIR: 0x4a4db30 (libc.so.6:wcslen) redirected to 0x482a560 (_vgnU_ifunc_wrapper)
--26849-- REDIR: 0x4a325b0 (libc.so.6:strcmp) redirected to 0x482a560 (_vgnU_ifunc_wrapper)
--26849-- REDIR: 0x4a33c30 (libc.so.6:memcpy) redirected to 0x482a560 (_vgnU_ifunc_wrapper)
--26849-- REDIR: 0x4a32620 (libc.so.6:strcpy) redirected to 0x482a560 (_vgnU_ifunc_wrapper)
--26849-- REDIR: 0x4abb0d0 (libc.so.6:__memcpy_chk) redirected to 0x482a560 (_vgnU_ifunc_wrapper)
--26849-- REDIR: 0x4a32570 (libc.so.6:index) redirected to 0x482a560 (_vgnU_ifunc_wrapper)
--26849-- REDIR: 0x4a32ac0 (libc.so.6:strlen) redirected to 0x482a560 (_vgnU_ifunc_wrapper)
--26849-- REDIR: 0x4a338c0 (libc.so.6:memset) redirected to 0x482a560 (_vgnU_ifunc_wrapper)
--26849-- REDIR: 0x4a32bb0 (libc.so.6:strncpy) redirected to 0x482a560 (_vgnU_ifunc_wrapper)
--26849-- REDIR: 0x4a32bf0 (libc.so.6:rindex) redirected to 0x482a560 (_vgnU_ifunc_wrapper)
--26849-- REDIR: 0x4a32b70 (libc.so.6:strncmp) redirected to 0x482a560 (_vgnU_ifunc_wrapper)
--26849-- REDIR: 0x4a32b30 (libc.so.6:strncat) redirected to 0x482a560 (_vgnU_ifunc_wrapper)
--26849-- REDIR: 0x4a33870 (libc.so.6:memmove) redirected to 0x482a560 (_vgnU_ifunc_wrapper)
--26849-- REDIR: 0x4a33830 (libc.so.6:bcmp) redirected to 0x482a560 (_vgnU_ifunc_wrapper)
--26849-- REDIR: 0x4a33400 (libc.so.6:strstr) redirected to 0x4837fa0 (strstr)
--26849-- REDIR: 0x4a4cd10 (libc.so.6:__GI_strrchr) redirected to 0x4832de0 (__GI_strrchr)
--26849-- REDIR: 0x4a2eed0 (libc.so.6:malloc) redirected to 0x48301b0 (malloc)
--26849-- REDIR: 0x4a4d1b0 (libc.so.6:__GI_strlen) redirected to 0x48333b0 (__GI_strlen)
--26849-- REDIR: 0x4a4c820 (libc.so.6:__GI_memcpy) redirected to 0x4835180 (__GI_memcpy)
--26849-- REDIR: 0x4a2fb30 (libc.so.6:calloc) redirected to 0x4832100 (calloc)
--26849-- REDIR: 0x4a4cf90 (libc.so.6:__GI_strcspn) redirected to 0x4838270 (__GI_strcspn)
--26849-- REDIR: 0x4a2f610 (libc.so.6:realloc) redirected to 0x4832340 (realloc)
--26849-- REDIR: 0x4a2f500 (libc.so.6:free) redirected to 0x4831370 (free)
--26849-- REDIR: 0x4a3a2b0 (libc.so.6:__strlen_sse2_bsf) redirected to 0x4833390 (strlen)
--26849-- REDIR: 0x4b04170 (libc.so.6:__strncmp_ssse3) redirected to 0x4833af0 (strncmp)
--26849-- REDIR: 0x4a35520 (libc.so.6:strchrnul) redirected to 0x4837900 (strchrnul)
--26849-- REDIR: 0x4a4c910 (libc.so.6:__GI_mempcpy) redirected to 0x4837b30 (__GI_mempcpy)
--26849-- REDIR: 0x4a32530 (libc.so.6:strcat) redirected to 0x482a560 (_vgnU_ifunc_wrapper)
--26849-- REDIR: 0x4a459a0 (libc.so.6:__strcat_ssse3) redirected to 0x4833010 (strcat)
--26849-- REDIR: 0x4af6720 (libc.so.6:__memcpy_ssse3) redirected to 0x4834e10 (memcpy)
--26849-- REDIR: 0x4a4c530 (libc.so.6:__GI_memcmp) redirected to 0x4836380 (__GI_memcmp)
--26849-- REDIR: 0x4a4cf60 (libc.so.6:__GI_strcmp) redirected to 0x4834540 (__GI_strcmp)
--26849-- REDIR: 0x4af4080 (libc.so.6:__memset_sse2) redirected to 0x4836f20 (memset)
--26849-- REDIR: 0x4b02d00 (libc.so.6:__strcmp_ssse3) redirected to 0x48344e0 (strcmp)
--26849-- REDIR: 0x4a3a200 (libc.so.6:__GI_strncmp) redirected to 0x4833b80 (__GI_strncmp)
--26849-- REDIR: 0x4a4bfe0 (libc.so.6:__GI_strnlen) redirected to 0x4833360 (__GI_strnlen)
--26849-- REDIR: 0x4a4b3a0 (libc.so.6:__strrchr_sse2_bsf) redirected to 0x4832db0 (rindex)
--26849-- REDIR: 0x4a4b290 (libc.so.6:__strchr_sse2_bsf) redirected to 0x4832fd0 (index)
--26849-- REDIR: 0x4a3a3e0 (libc.so.6:__strcpy_ssse3) redirected to 0x4833470 (strcpy)
--26849-- REDIR: 0x4af6710 (libc.so.6:__memcpy_chk_ssse3) redirected to 0x4837eb0 (__memcpy_chk)
--26849-- REDIR: 0x4a3bc30 (libc.so.6:__strncpy_ssse3) redirected to 0x4833670 (strncpy)
--26849-- REDIR: 0x4b0cf40 (libc.so.6:__memcmp_ssse3) redirected to 0x48365f0 (bcmp)
--26849-- REDIR: 0x4a4c390 (libc.so.6:__GI_memchr) redirected to 0x4834760 (__GI_memchr)
--26849-- REDIR: 0x4a4cb50 (libc.so.6:__GI_strchr) redirected to 0x4832f10 (__GI_strchr)
==26849== Thread 2:
==26849== Conditional jump or move depends on uninitialised value(s)
==26849==    at 0x10AD42: segmentation_handler (in /home/utnso/Escritorio/TP/tp-2021-1c-Unnamed-Group/MiRAMHQ/main)
==26849==    by 0x4863B22: _thread_function (in /usr/lib/libunnamed.so)
==26849==    by 0x499A3BC: start_thread (pthread_create.c:463)
==26849==    by 0x4AACC95: clone (clone.S:108)
==26849==  Uninitialised value was created by a stack allocation
==26849==    at 0x10A19E: segmentation_handler (in /home/utnso/Escritorio/TP/tp-2021-1c-Unnamed-Group/MiRAMHQ/main)
==26849== 
==26849== Conditional jump or move depends on uninitialised value(s)
==26849==    at 0x10AF98: segmentation_handler (in /home/utnso/Escritorio/TP/tp-2021-1c-Unnamed-Group/MiRAMHQ/main)
==26849==    by 0x4863B22: _thread_function (in /usr/lib/libunnamed.so)
==26849==    by 0x499A3BC: start_thread (pthread_create.c:463)
==26849==    by 0x4AACC95: clone (clone.S:108)
==26849==  Uninitialised value was created by a stack allocation
==26849==    at 0x10A19E: segmentation_handler (in /home/utnso/Escritorio/TP/tp-2021-1c-Unnamed-Group/MiRAMHQ/main)
==26849== 
--26849-- REDIR: 0x4afa700 (libc.so.6:__memmove_ssse3) redirected to 0x4837000 (memmove)
==26849== 
==26849== HEAP SUMMARY:
==26849==     in use at exit: 38,768 bytes in 305 blocks
==26849==   total heap usage: 39,793 allocs, 39,488 frees, 1,174,979 bytes allocated
==26849== 
==26849== Searching for pointers to 305 not-freed blocks
==26849== Checked 138,320 bytes
==26849== 
==26849== Thread 1:
==26849== 4 bytes in 1 blocks are still reachable in loss record 1 of 35
==26849==    at 0x48321A6: calloc (in /usr/lib/valgrind/vgpreload_memcheck-x86-linux.so)
==26849==    by 0x487E826: ??? (in /lib/i386-linux-gnu/libncurses.so.5.9)
==26849==    by 0x487BE26: newterm (in /lib/i386-linux-gnu/libncurses.so.5.9)
==26849==    by 0x4878470: initscr (in /lib/i386-linux-gnu/libncurses.so.5.9)
==26849==    by 0x4867F26: nivel_gui_inicializar (in /usr/lib/libnivel-gui.so)
==26849==    by 0x111366: create_map (in /home/utnso/Escritorio/TP/tp-2021-1c-Unnamed-Group/MiRAMHQ/main)
==26849==    by 0x109C30: main (in /home/utnso/Escritorio/TP/tp-2021-1c-Unnamed-Group/MiRAMHQ/main)
==26849== 
==26849== 12 bytes in 1 blocks are still reachable in loss record 2 of 35
==26849==    at 0x483021B: malloc (in /usr/lib/valgrind/vgpreload_memcheck-x86-linux.so)
==26849==    by 0x4A327F5: strdup (strdup.c:42)
==26849==    by 0x4B9CE16: ??? (in /lib/i386-linux-gnu/libtinfo.so.5.9)
==26849==    by 0x4B9D120: _nc_first_db (in /lib/i386-linux-gnu/libtinfo.so.5.9)
==26849==    by 0x4BA5AB4: _nc_read_entry (in /lib/i386-linux-gnu/libtinfo.so.5.9)
==26849==    by 0x4B9FCFA: ??? (in /lib/i386-linux-gnu/libtinfo.so.5.9)
==26849==    by 0x4BA007B: _nc_setupterm (in /lib/i386-linux-gnu/libtinfo.so.5.9)
==26849==    by 0x487BDDB: newterm (in /lib/i386-linux-gnu/libncurses.so.5.9)
==26849==    by 0x4878470: initscr (in /lib/i386-linux-gnu/libncurses.so.5.9)
==26849==    by 0x4867F26: nivel_gui_inicializar (in /usr/lib/libnivel-gui.so)
==26849==    by 0x111366: create_map (in /home/utnso/Escritorio/TP/tp-2021-1c-Unnamed-Group/MiRAMHQ/main)
==26849==    by 0x109C30: main (in /home/utnso/Escritorio/TP/tp-2021-1c-Unnamed-Group/MiRAMHQ/main)
==26849== 
==26849== 12 bytes in 1 blocks are still reachable in loss record 3 of 35
==26849==    at 0x48321A6: calloc (in /usr/lib/valgrind/vgpreload_memcheck-x86-linux.so)
==26849==    by 0x4B9B457: _nc_add_to_try (in /lib/i386-linux-gnu/libtinfo.so.5.9)
==26849==    by 0x4B9DB00: ??? (in /lib/i386-linux-gnu/libtinfo.so.5.9)
==26849==    by 0x4B9ED1E: _nc_keypad (in /lib/i386-linux-gnu/libtinfo.so.5.9)
==26849==    by 0x4B9ED67: keypad (in /lib/i386-linux-gnu/libtinfo.so.5.9)
==26849==    by 0x4867F3F: nivel_gui_inicializar (in /usr/lib/libnivel-gui.so)
==26849==    by 0x111366: create_map (in /home/utnso/Escritorio/TP/tp-2021-1c-Unnamed-Group/MiRAMHQ/main)
==26849==    by 0x109C30: main (in /home/utnso/Escritorio/TP/tp-2021-1c-Unnamed-Group/MiRAMHQ/main)
==26849== 
==26849== 15 bytes in 1 blocks are still reachable in loss record 4 of 35
==26849==    at 0x483021B: malloc (in /usr/lib/valgrind/vgpreload_memcheck-x86-linux.so)
==26849==    by 0x4A327F5: strdup (strdup.c:42)
==26849==    by 0x4BA00CA: _nc_setupterm (in /lib/i386-linux-gnu/libtinfo.so.5.9)
==26849==    by 0x487BDDB: newterm (in /lib/i386-linux-gnu/libncurses.so.5.9)
==26849==    by 0x4878470: initscr (in /lib/i386-linux-gnu/libncurses.so.5.9)
==26849==    by 0x4867F26: nivel_gui_inicializar (in /usr/lib/libnivel-gui.so)
==26849==    by 0x111366: create_map (in /home/utnso/Escritorio/TP/tp-2021-1c-Unnamed-Group/MiRAMHQ/main)
==26849==    by 0x109C30: main (in /home/utnso/Escritorio/TP/tp-2021-1c-Unnamed-Group/MiRAMHQ/main)
==26849== 
==26849== 24 bytes in 1 blocks are still reachable in loss record 5 of 35
==26849==    at 0x483021B: malloc (in /usr/lib/valgrind/vgpreload_memcheck-x86-linux.so)
==26849==    by 0x4B9DA33: _nc_home_terminfo (in /lib/i386-linux-gnu/libtinfo.so.5.9)
==26849==    by 0x4B9D10C: _nc_first_db (in /lib/i386-linux-gnu/libtinfo.so.5.9)
==26849==    by 0x4BA5AB4: _nc_read_entry (in /lib/i386-linux-gnu/libtinfo.so.5.9)
==26849==    by 0x4B9FCFA: ??? (in /lib/i386-linux-gnu/libtinfo.so.5.9)
==26849==    by 0x4BA007B: _nc_setupterm (in /lib/i386-linux-gnu/libtinfo.so.5.9)
==26849==    by 0x487BDDB: newterm (in /lib/i386-linux-gnu/libncurses.so.5.9)
==26849==    by 0x4878470: initscr (in /lib/i386-linux-gnu/libncurses.so.5.9)
==26849==    by 0x4867F26: nivel_gui_inicializar (in /usr/lib/libnivel-gui.so)
==26849==    by 0x111366: create_map (in /home/utnso/Escritorio/TP/tp-2021-1c-Unnamed-Group/MiRAMHQ/main)
==26849==    by 0x109C30: main (in /home/utnso/Escritorio/TP/tp-2021-1c-Unnamed-Group/MiRAMHQ/main)
==26849== 
==26849== 46 bytes in 1 blocks are still reachable in loss record 6 of 35
==26849==    at 0x48323BB: realloc (in /usr/lib/valgrind/vgpreload_memcheck-x86-linux.so)
==26849==    by 0x4B9D693: _nc_doalloc (in /lib/i386-linux-gnu/libtinfo.so.5.9)
==26849==    by 0x4BA51EC: _nc_read_termtype (in /lib/i386-linux-gnu/libtinfo.so.5.9)
==26849==    by 0x4BA55E6: ??? (in /lib/i386-linux-gnu/libtinfo.so.5.9)
==26849==    by 0x4BA58E3: ??? (in /lib/i386-linux-gnu/libtinfo.so.5.9)
==26849==    by 0x4BA5ADD: _nc_read_entry (in /lib/i386-linux-gnu/libtinfo.so.5.9)
==26849==    by 0x4B9FCFA: ??? (in /lib/i386-linux-gnu/libtinfo.so.5.9)
==26849==    by 0x4BA007B: _nc_setupterm (in /lib/i386-linux-gnu/libtinfo.so.5.9)
==26849==    by 0x487BDDB: newterm (in /lib/i386-linux-gnu/libncurses.so.5.9)
==26849==    by 0x4878470: initscr (in /lib/i386-linux-gnu/libncurses.so.5.9)
==26849==    by 0x4867F26: nivel_gui_inicializar (in /usr/lib/libnivel-gui.so)
==26849==    by 0x111366: create_map (in /home/utnso/Escritorio/TP/tp-2021-1c-Unnamed-Group/MiRAMHQ/main)
==26849== 
==26849== 66 bytes in 1 blocks are still reachable in loss record 7 of 35
==26849==    at 0x48323BB: realloc (in /usr/lib/valgrind/vgpreload_memcheck-x86-linux.so)
==26849==    by 0x4B9D693: _nc_doalloc (in /lib/i386-linux-gnu/libtinfo.so.5.9)
==26849==    by 0x4BA2326: tparm (in /lib/i386-linux-gnu/libtinfo.so.5.9)
==26849==    by 0x487B6BB: ??? (in /lib/i386-linux-gnu/libncurses.so.5.9)
==26849==    by 0x487BFE2: newterm (in /lib/i386-linux-gnu/libncurses.so.5.9)
==26849==    by 0x4878470: initscr (in /lib/i386-linux-gnu/libncurses.so.5.9)
==26849==    by 0x4867F26: nivel_gui_inicializar (in /usr/lib/libnivel-gui.so)
==26849==    by 0x111366: create_map (in /home/utnso/Escritorio/TP/tp-2021-1c-Unnamed-Group/MiRAMHQ/main)
==26849==    by 0x109C30: main (in /home/utnso/Escritorio/TP/tp-2021-1c-Unnamed-Group/MiRAMHQ/main)
==26849== 
==26849== 78 bytes in 1 blocks are still reachable in loss record 8 of 35
==26849==    at 0x48323BB: realloc (in /usr/lib/valgrind/vgpreload_memcheck-x86-linux.so)
==26849==    by 0x4B9D693: _nc_doalloc (in /lib/i386-linux-gnu/libtinfo.so.5.9)
==26849==    by 0x4BA520B: _nc_read_termtype (in /lib/i386-linux-gnu/libtinfo.so.5.9)
==26849==    by 0x4BA55E6: ??? (in /lib/i386-linux-gnu/libtinfo.so.5.9)
==26849==    by 0x4BA58E3: ??? (in /lib/i386-linux-gnu/libtinfo.so.5.9)
==26849==    by 0x4BA5ADD: _nc_read_entry (in /lib/i386-linux-gnu/libtinfo.so.5.9)
==26849==    by 0x4B9FCFA: ??? (in /lib/i386-linux-gnu/libtinfo.so.5.9)
==26849==    by 0x4BA007B: _nc_setupterm (in /lib/i386-linux-gnu/libtinfo.so.5.9)
==26849==    by 0x487BDDB: newterm (in /lib/i386-linux-gnu/libncurses.so.5.9)
==26849==    by 0x4878470: initscr (in /lib/i386-linux-gnu/libncurses.so.5.9)
==26849==    by 0x4867F26: nivel_gui_inicializar (in /usr/lib/libnivel-gui.so)
==26849==    by 0x111366: create_map (in /home/utnso/Escritorio/TP/tp-2021-1c-Unnamed-Group/MiRAMHQ/main)
==26849== 
==26849== 84 bytes in 1 blocks are still reachable in loss record 9 of 35
==26849==    at 0x48321A6: calloc (in /usr/lib/valgrind/vgpreload_memcheck-x86-linux.so)
==26849==    by 0x487C4B6: ??? (in /lib/i386-linux-gnu/libncurses.so.5.9)
==26849==    by 0x487C70C: newwin (in /lib/i386-linux-gnu/libncurses.so.5.9)
==26849==    by 0x487EC29: ??? (in /lib/i386-linux-gnu/libncurses.so.5.9)
==26849==    by 0x487BE26: newterm (in /lib/i386-linux-gnu/libncurses.so.5.9)
==26849==    by 0x4878470: initscr (in /lib/i386-linux-gnu/libncurses.so.5.9)
==26849==    by 0x4867F26: nivel_gui_inicializar (in /usr/lib/libnivel-gui.so)
==26849==    by 0x111366: create_map (in /home/utnso/Escritorio/TP/tp-2021-1c-Unnamed-Group/MiRAMHQ/main)
==26849==    by 0x109C30: main (in /home/utnso/Escritorio/TP/tp-2021-1c-Unnamed-Group/MiRAMHQ/main)
==26849== 
==26849== 84 bytes in 1 blocks are still reachable in loss record 10 of 35
==26849==    at 0x48321A6: calloc (in /usr/lib/valgrind/vgpreload_memcheck-x86-linux.so)
==26849==    by 0x487C4B6: ??? (in /lib/i386-linux-gnu/libncurses.so.5.9)
==26849==    by 0x487C70C: newwin (in /lib/i386-linux-gnu/libncurses.so.5.9)
==26849==    by 0x487EC48: ??? (in /lib/i386-linux-gnu/libncurses.so.5.9)
==26849==    by 0x487BE26: newterm (in /lib/i386-linux-gnu/libncurses.so.5.9)
==26849==    by 0x4878470: initscr (in /lib/i386-linux-gnu/libncurses.so.5.9)
==26849==    by 0x4867F26: nivel_gui_inicializar (in /usr/lib/libnivel-gui.so)
==26849==    by 0x111366: create_map (in /home/utnso/Escritorio/TP/tp-2021-1c-Unnamed-Group/MiRAMHQ/main)
==26849==    by 0x109C30: main (in /home/utnso/Escritorio/TP/tp-2021-1c-Unnamed-Group/MiRAMHQ/main)
==26849== 
==26849== 96 bytes in 1 blocks are still reachable in loss record 11 of 35
==26849==    at 0x483021B: malloc (in /usr/lib/valgrind/vgpreload_memcheck-x86-linux.so)
==26849==    by 0x4B9D6B0: _nc_doalloc (in /lib/i386-linux-gnu/libtinfo.so.5.9)
==26849==    by 0x4870B1B: ??? (in /lib/i386-linux-gnu/libncurses.so.5.9)
==26849==    by 0x4885EA5: doupdate (in /lib/i386-linux-gnu/libncurses.so.5.9)
==26849==    by 0x487D7A8: wrefresh (in /lib/i386-linux-gnu/libncurses.so.5.9)
==26849==    by 0x4868035: nivel_gui_inicializar (in /usr/lib/libnivel-gui.so)
==26849==    by 0x111366: create_map (in /home/utnso/Escritorio/TP/tp-2021-1c-Unnamed-Group/MiRAMHQ/main)
==26849==    by 0x109C30: main (in /home/utnso/Escritorio/TP/tp-2021-1c-Unnamed-Group/MiRAMHQ/main)
==26849== 
==26849== 96 bytes in 1 blocks are still reachable in loss record 12 of 35
==26849==    at 0x48321A6: calloc (in /usr/lib/valgrind/vgpreload_memcheck-x86-linux.so)
==26849==    by 0x4871694: ??? (in /lib/i386-linux-gnu/libncurses.so.5.9)
==26849==    by 0x4870A1B: ??? (in /lib/i386-linux-gnu/libncurses.so.5.9)
==26849==    by 0x4885EA5: doupdate (in /lib/i386-linux-gnu/libncurses.so.5.9)
==26849==    by 0x487D7A8: wrefresh (in /lib/i386-linux-gnu/libncurses.so.5.9)
==26849==    by 0x4868035: nivel_gui_inicializar (in /usr/lib/libnivel-gui.so)
==26849==    by 0x111366: create_map (in /home/utnso/Escritorio/TP/tp-2021-1c-Unnamed-Group/MiRAMHQ/main)
==26849==    by 0x109C30: main (in /home/utnso/Escritorio/TP/tp-2021-1c-Unnamed-Group/MiRAMHQ/main)
==26849== 
==26849== 96 bytes in 1 blocks are still reachable in loss record 13 of 35
==26849==    at 0x48321A6: calloc (in /usr/lib/valgrind/vgpreload_memcheck-x86-linux.so)
==26849==    by 0x4871819: ??? (in /lib/i386-linux-gnu/libncurses.so.5.9)
==26849==    by 0x4870A1B: ??? (in /lib/i386-linux-gnu/libncurses.so.5.9)
==26849==    by 0x4885EA5: doupdate (in /lib/i386-linux-gnu/libncurses.so.5.9)
==26849==    by 0x487D7A8: wrefresh (in /lib/i386-linux-gnu/libncurses.so.5.9)
==26849==    by 0x4868035: nivel_gui_inicializar (in /usr/lib/libnivel-gui.so)
==26849==    by 0x111366: create_map (in /home/utnso/Escritorio/TP/tp-2021-1c-Unnamed-Group/MiRAMHQ/main)
==26849==    by 0x109C30: main (in /home/utnso/Escritorio/TP/tp-2021-1c-Unnamed-Group/MiRAMHQ/main)
==26849== 
==26849== 103 bytes in 1 blocks are still reachable in loss record 14 of 35
==26849==    at 0x48323BB: realloc (in /usr/lib/valgrind/vgpreload_memcheck-x86-linux.so)
==26849==    by 0x4B9D693: _nc_doalloc (in /lib/i386-linux-gnu/libtinfo.so.5.9)
==26849==    by 0x4BA1260: _nc_tparm_analyze (in /lib/i386-linux-gnu/libtinfo.so.5.9)
==26849==    by 0x4BA1524: tparm (in /lib/i386-linux-gnu/libtinfo.so.5.9)
==26849==    by 0x48739E8: ??? (in /lib/i386-linux-gnu/libncurses.so.5.9)
==26849==    by 0x4874D36: ??? (in /lib/i386-linux-gnu/libncurses.so.5.9)
==26849==    by 0x4885CC0: doupdate (in /lib/i386-linux-gnu/libncurses.so.5.9)
==26849==    by 0x487D7A8: wrefresh (in /lib/i386-linux-gnu/libncurses.so.5.9)
==26849==    by 0x4867FC5: nivel_gui_inicializar (in /usr/lib/libnivel-gui.so)
==26849==    by 0x111366: create_map (in /home/utnso/Escritorio/TP/tp-2021-1c-Unnamed-Group/MiRAMHQ/main)
==26849==    by 0x109C30: main (in /home/utnso/Escritorio/TP/tp-2021-1c-Unnamed-Group/MiRAMHQ/main)
==26849== 
==26849== 128 bytes in 1 blocks are still reachable in loss record 15 of 35
==26849==    at 0x48321A6: calloc (in /usr/lib/valgrind/vgpreload_memcheck-x86-linux.so)
==26849==    by 0x487E7F9: ??? (in /lib/i386-linux-gnu/libncurses.so.5.9)
==26849==    by 0x487BE26: newterm (in /lib/i386-linux-gnu/libncurses.so.5.9)
==26849==    by 0x4878470: initscr (in /lib/i386-linux-gnu/libncurses.so.5.9)
==26849==    by 0x4867F26: nivel_gui_inicializar (in /usr/lib/libnivel-gui.so)
==26849==    by 0x111366: create_map (in /home/utnso/Escritorio/TP/tp-2021-1c-Unnamed-Group/MiRAMHQ/main)
==26849==    by 0x109C30: main (in /home/utnso/Escritorio/TP/tp-2021-1c-Unnamed-Group/MiRAMHQ/main)
==26849== 
==26849== 172 bytes in 1 blocks are still reachable in loss record 16 of 35
==26849==    at 0x48321A6: calloc (in /usr/lib/valgrind/vgpreload_memcheck-x86-linux.so)
==26849==    by 0x4BA0064: _nc_setupterm (in /lib/i386-linux-gnu/libtinfo.so.5.9)
==26849==    by 0x487BDDB: newterm (in /lib/i386-linux-gnu/libncurses.so.5.9)
==26849==    by 0x4878470: initscr (in /lib/i386-linux-gnu/libncurses.so.5.9)
==26849==    by 0x4867F26: nivel_gui_inicializar (in /usr/lib/libnivel-gui.so)
==26849==    by 0x111366: create_map (in /home/utnso/Escritorio/TP/tp-2021-1c-Unnamed-Group/MiRAMHQ/main)
==26849==    by 0x109C30: main (in /home/utnso/Escritorio/TP/tp-2021-1c-Unnamed-Group/MiRAMHQ/main)
==26849== 
==26849== 252 bytes in 21 blocks are still reachable in loss record 17 of 35
==26849==    at 0x48321A6: calloc (in /usr/lib/valgrind/vgpreload_memcheck-x86-linux.so)
==26849==    by 0x4B9B38C: _nc_add_to_try (in /lib/i386-linux-gnu/libtinfo.so.5.9)
==26849==    by 0x4B9DBAC: ??? (in /lib/i386-linux-gnu/libtinfo.so.5.9)
==26849==    by 0x4B9ED1E: _nc_keypad (in /lib/i386-linux-gnu/libtinfo.so.5.9)
==26849==    by 0x4B9ED67: keypad (in /lib/i386-linux-gnu/libtinfo.so.5.9)
==26849==    by 0x4867F3F: nivel_gui_inicializar (in /usr/lib/libnivel-gui.so)
==26849==    by 0x111366: create_map (in /home/utnso/Escritorio/TP/tp-2021-1c-Unnamed-Group/MiRAMHQ/main)
==26849==    by 0x109C30: main (in /home/utnso/Escritorio/TP/tp-2021-1c-Unnamed-Group/MiRAMHQ/main)
==26849== 
==26849== 256 bytes in 1 blocks are still reachable in loss record 18 of 35
==26849==    at 0x48321A6: calloc (in /usr/lib/valgrind/vgpreload_memcheck-x86-linux.so)
==26849==    by 0x4873D0A: ??? (in /lib/i386-linux-gnu/libncurses.so.5.9)
==26849==    by 0x4873E16: start_color (in /lib/i386-linux-gnu/libncurses.so.5.9)
==26849==    by 0x4867F4C: nivel_gui_inicializar (in /usr/lib/libnivel-gui.so)
==26849==    by 0x111366: create_map (in /home/utnso/Escritorio/TP/tp-2021-1c-Unnamed-Group/MiRAMHQ/main)
==26849==    by 0x109C30: main (in /home/utnso/Escritorio/TP/tp-2021-1c-Unnamed-Group/MiRAMHQ/main)
==26849== 
==26849== 264 bytes in 1 blocks are still reachable in loss record 19 of 35
==26849==    at 0x48321A6: calloc (in /usr/lib/valgrind/vgpreload_memcheck-x86-linux.so)
==26849==    by 0x4BA53AF: _nc_read_termtype (in /lib/i386-linux-gnu/libtinfo.so.5.9)
==26849==    by 0x4BA55E6: ??? (in /lib/i386-linux-gnu/libtinfo.so.5.9)
==26849==    by 0x4BA58E3: ??? (in /lib/i386-linux-gnu/libtinfo.so.5.9)
==26849==    by 0x4BA5ADD: _nc_read_entry (in /lib/i386-linux-gnu/libtinfo.so.5.9)
==26849==    by 0x4B9FCFA: ??? (in /lib/i386-linux-gnu/libtinfo.so.5.9)
==26849==    by 0x4BA007B: _nc_setupterm (in /lib/i386-linux-gnu/libtinfo.so.5.9)
==26849==    by 0x487BDDB: newterm (in /lib/i386-linux-gnu/libncurses.so.5.9)
==26849==    by 0x4878470: initscr (in /lib/i386-linux-gnu/libncurses.so.5.9)
==26849==    by 0x4867F26: nivel_gui_inicializar (in /usr/lib/libnivel-gui.so)
==26849==    by 0x111366: create_map (in /home/utnso/Escritorio/TP/tp-2021-1c-Unnamed-Group/MiRAMHQ/main)
==26849==    by 0x109C30: main (in /home/utnso/Escritorio/TP/tp-2021-1c-Unnamed-Group/MiRAMHQ/main)
==26849== 
==26849== 288 bytes in 1 blocks are still reachable in loss record 20 of 35
==26849==    at 0x48321A6: calloc (in /usr/lib/valgrind/vgpreload_memcheck-x86-linux.so)
==26849==    by 0x487C4D1: ??? (in /lib/i386-linux-gnu/libncurses.so.5.9)
==26849==    by 0x487C70C: newwin (in /lib/i386-linux-gnu/libncurses.so.5.9)
==26849==    by 0x487EC29: ??? (in /lib/i386-linux-gnu/libncurses.so.5.9)
==26849==    by 0x487BE26: newterm (in /lib/i386-linux-gnu/libncurses.so.5.9)
==26849==    by 0x4878470: initscr (in /lib/i386-linux-gnu/libncurses.so.5.9)
==26849==    by 0x4867F26: nivel_gui_inicializar (in /usr/lib/libnivel-gui.so)
==26849==    by 0x111366: create_map (in /home/utnso/Escritorio/TP/tp-2021-1c-Unnamed-Group/MiRAMHQ/main)
==26849==    by 0x109C30: main (in /home/utnso/Escritorio/TP/tp-2021-1c-Unnamed-Group/MiRAMHQ/main)
==26849== 
==26849== 288 bytes in 1 blocks are still reachable in loss record 21 of 35
==26849==    at 0x48321A6: calloc (in /usr/lib/valgrind/vgpreload_memcheck-x86-linux.so)
==26849==    by 0x487C4D1: ??? (in /lib/i386-linux-gnu/libncurses.so.5.9)
==26849==    by 0x487C70C: newwin (in /lib/i386-linux-gnu/libncurses.so.5.9)
==26849==    by 0x487EC48: ??? (in /lib/i386-linux-gnu/libncurses.so.5.9)
==26849==    by 0x487BE26: newterm (in /lib/i386-linux-gnu/libncurses.so.5.9)
==26849==    by 0x4878470: initscr (in /lib/i386-linux-gnu/libncurses.so.5.9)
==26849==    by 0x4867F26: nivel_gui_inicializar (in /usr/lib/libnivel-gui.so)
==26849==    by 0x111366: create_map (in /home/utnso/Escritorio/TP/tp-2021-1c-Unnamed-Group/MiRAMHQ/main)
==26849==    by 0x109C30: main (in /home/utnso/Escritorio/TP/tp-2021-1c-Unnamed-Group/MiRAMHQ/main)
==26849== 
==26849== 512 bytes in 1 blocks are still reachable in loss record 22 of 35
==26849==    at 0x48321A6: calloc (in /usr/lib/valgrind/vgpreload_memcheck-x86-linux.so)
==26849==    by 0x487E7D9: ??? (in /lib/i386-linux-gnu/libncurses.so.5.9)
==26849==    by 0x487BE26: newterm (in /lib/i386-linux-gnu/libncurses.so.5.9)
==26849==    by 0x4878470: initscr (in /lib/i386-linux-gnu/libncurses.so.5.9)
==26849==    by 0x4867F26: nivel_gui_inicializar (in /usr/lib/libnivel-gui.so)
==26849==    by 0x111366: create_map (in /home/utnso/Escritorio/TP/tp-2021-1c-Unnamed-Group/MiRAMHQ/main)
==26849==    by 0x109C30: main (in /home/utnso/Escritorio/TP/tp-2021-1c-Unnamed-Group/MiRAMHQ/main)
==26849== 
==26849== 600 bytes in 50 blocks are still reachable in loss record 23 of 35
==26849==    at 0x48321A6: calloc (in /usr/lib/valgrind/vgpreload_memcheck-x86-linux.so)
==26849==    by 0x4B9B3EC: _nc_add_to_try (in /lib/i386-linux-gnu/libtinfo.so.5.9)
==26849==    by 0x4B9DBAC: ??? (in /lib/i386-linux-gnu/libtinfo.so.5.9)
==26849==    by 0x4B9ED1E: _nc_keypad (in /lib/i386-linux-gnu/libtinfo.so.5.9)
==26849==    by 0x4B9ED67: keypad (in /lib/i386-linux-gnu/libtinfo.so.5.9)
==26849==    by 0x4867F3F: nivel_gui_inicializar (in /usr/lib/libnivel-gui.so)
==26849==    by 0x111366: create_map (in /home/utnso/Escritorio/TP/tp-2021-1c-Unnamed-Group/MiRAMHQ/main)
==26849==    by 0x109C30: main (in /home/utnso/Escritorio/TP/tp-2021-1c-Unnamed-Group/MiRAMHQ/main)
==26849== 
==26849== 771 bytes in 1 blocks are still reachable in loss record 24 of 35
==26849==    at 0x483021B: malloc (in /usr/lib/valgrind/vgpreload_memcheck-x86-linux.so)
==26849==    by 0x4BA547C: _nc_read_termtype (in /lib/i386-linux-gnu/libtinfo.so.5.9)
==26849==    by 0x4BA55E6: ??? (in /lib/i386-linux-gnu/libtinfo.so.5.9)
==26849==    by 0x4BA58E3: ??? (in /lib/i386-linux-gnu/libtinfo.so.5.9)
==26849==    by 0x4BA5ADD: _nc_read_entry (in /lib/i386-linux-gnu/libtinfo.so.5.9)
==26849==    by 0x4B9FCFA: ??? (in /lib/i386-linux-gnu/libtinfo.so.5.9)
==26849==    by 0x4BA007B: _nc_setupterm (in /lib/i386-linux-gnu/libtinfo.so.5.9)
==26849==    by 0x487BDDB: newterm (in /lib/i386-linux-gnu/libncurses.so.5.9)
==26849==    by 0x4878470: initscr (in /lib/i386-linux-gnu/libncurses.so.5.9)
==26849==    by 0x4867F26: nivel_gui_inicializar (in /usr/lib/libnivel-gui.so)
==26849==    by 0x111366: create_map (in /home/utnso/Escritorio/TP/tp-2021-1c-Unnamed-Group/MiRAMHQ/main)
==26849==    by 0x109C30: main (in /home/utnso/Escritorio/TP/tp-2021-1c-Unnamed-Group/MiRAMHQ/main)
==26849== 
==26849== 840 bytes in 70 blocks are still reachable in loss record 25 of 35
==26849==    at 0x48321A6: calloc (in /usr/lib/valgrind/vgpreload_memcheck-x86-linux.so)
==26849==    by 0x4B9B38C: _nc_add_to_try (in /lib/i386-linux-gnu/libtinfo.so.5.9)
==26849==    by 0x4B9DB00: ??? (in /lib/i386-linux-gnu/libtinfo.so.5.9)
==26849==    by 0x4B9ED1E: _nc_keypad (in /lib/i386-linux-gnu/libtinfo.so.5.9)
==26849==    by 0x4B9ED67: keypad (in /lib/i386-linux-gnu/libtinfo.so.5.9)
==26849==    by 0x4867F3F: nivel_gui_inicializar (in /usr/lib/libnivel-gui.so)
==26849==    by 0x111366: create_map (in /home/utnso/Escritorio/TP/tp-2021-1c-Unnamed-Group/MiRAMHQ/main)
==26849==    by 0x109C30: main (in /home/utnso/Escritorio/TP/tp-2021-1c-Unnamed-Group/MiRAMHQ/main)
==26849== 
==26849== 1,000 bytes in 1 blocks are still reachable in loss record 26 of 35
==26849==    at 0x483021B: malloc (in /usr/lib/valgrind/vgpreload_memcheck-x86-linux.so)
==26849==    by 0x48714F9: ??? (in /lib/i386-linux-gnu/libncurses.so.5.9)
==26849==    by 0x4870A1B: ??? (in /lib/i386-linux-gnu/libncurses.so.5.9)
==26849==    by 0x4885EA5: doupdate (in /lib/i386-linux-gnu/libncurses.so.5.9)
==26849==    by 0x487D7A8: wrefresh (in /lib/i386-linux-gnu/libncurses.so.5.9)
==26849==    by 0x4868035: nivel_gui_inicializar (in /usr/lib/libnivel-gui.so)
==26849==    by 0x111366: create_map (in /home/utnso/Escritorio/TP/tp-2021-1c-Unnamed-Group/MiRAMHQ/main)
==26849==    by 0x109C30: main (in /home/utnso/Escritorio/TP/tp-2021-1c-Unnamed-Group/MiRAMHQ/main)
==26849== 
==26849== 1,044 bytes in 87 blocks are still reachable in loss record 27 of 35
==26849==    at 0x48321A6: calloc (in /usr/lib/valgrind/vgpreload_memcheck-x86-linux.so)
==26849==    by 0x4B9B3EC: _nc_add_to_try (in /lib/i386-linux-gnu/libtinfo.so.5.9)
==26849==    by 0x4B9DB00: ??? (in /lib/i386-linux-gnu/libtinfo.so.5.9)
==26849==    by 0x4B9ED1E: _nc_keypad (in /lib/i386-linux-gnu/libtinfo.so.5.9)
==26849==    by 0x4B9ED67: keypad (in /lib/i386-linux-gnu/libtinfo.so.5.9)
==26849==    by 0x4867F3F: nivel_gui_inicializar (in /usr/lib/libnivel-gui.so)
==26849==    by 0x111366: create_map (in /home/utnso/Escritorio/TP/tp-2021-1c-Unnamed-Group/MiRAMHQ/main)
==26849==    by 0x109C30: main (in /home/utnso/Escritorio/TP/tp-2021-1c-Unnamed-Group/MiRAMHQ/main)
==26849== 
==26849== 1,340 bytes in 1 blocks are still reachable in loss record 28 of 35
==26849==    at 0x48321A6: calloc (in /usr/lib/valgrind/vgpreload_memcheck-x86-linux.so)
==26849==    by 0x487E7B1: ??? (in /lib/i386-linux-gnu/libncurses.so.5.9)
==26849==    by 0x487BE26: newterm (in /lib/i386-linux-gnu/libncurses.so.5.9)
==26849==    by 0x4878470: initscr (in /lib/i386-linux-gnu/libncurses.so.5.9)
==26849==    by 0x4867F26: nivel_gui_inicializar (in /usr/lib/libnivel-gui.so)
==26849==    by 0x111366: create_map (in /home/utnso/Escritorio/TP/tp-2021-1c-Unnamed-Group/MiRAMHQ/main)
==26849==    by 0x109C30: main (in /home/utnso/Escritorio/TP/tp-2021-1c-Unnamed-Group/MiRAMHQ/main)
==26849== 
==26849== 1,576 bytes in 1 blocks are still reachable in loss record 29 of 35
==26849==    at 0x483021B: malloc (in /usr/lib/valgrind/vgpreload_memcheck-x86-linux.so)
==26849==    by 0x4BA4C92: _nc_read_termtype (in /lib/i386-linux-gnu/libtinfo.so.5.9)
==26849==    by 0x4BA55E6: ??? (in /lib/i386-linux-gnu/libtinfo.so.5.9)
==26849==    by 0x4BA58E3: ??? (in /lib/i386-linux-gnu/libtinfo.so.5.9)
==26849==    by 0x4BA5ADD: _nc_read_entry (in /lib/i386-linux-gnu/libtinfo.so.5.9)
==26849==    by 0x4B9FCFA: ??? (in /lib/i386-linux-gnu/libtinfo.so.5.9)
==26849==    by 0x4BA007B: _nc_setupterm (in /lib/i386-linux-gnu/libtinfo.so.5.9)
==26849==    by 0x487BDDB: newterm (in /lib/i386-linux-gnu/libncurses.so.5.9)
==26849==    by 0x4878470: initscr (in /lib/i386-linux-gnu/libncurses.so.5.9)
==26849==    by 0x4867F26: nivel_gui_inicializar (in /usr/lib/libnivel-gui.so)
==26849==    by 0x111366: create_map (in /home/utnso/Escritorio/TP/tp-2021-1c-Unnamed-Group/MiRAMHQ/main)
==26849==    by 0x109C30: main (in /home/utnso/Escritorio/TP/tp-2021-1c-Unnamed-Group/MiRAMHQ/main)
==26849== 
==26849== 1,912 bytes in 1 blocks are still reachable in loss record 30 of 35
==26849==    at 0x48323BB: realloc (in /usr/lib/valgrind/vgpreload_memcheck-x86-linux.so)
==26849==    by 0x4B9D693: _nc_doalloc (in /lib/i386-linux-gnu/libtinfo.so.5.9)
==26849==    by 0x4BA522B: _nc_read_termtype (in /lib/i386-linux-gnu/libtinfo.so.5.9)
==26849==    by 0x4BA55E6: ??? (in /lib/i386-linux-gnu/libtinfo.so.5.9)
==26849==    by 0x4BA58E3: ??? (in /lib/i386-linux-gnu/libtinfo.so.5.9)
==26849==    by 0x4BA5ADD: _nc_read_entry (in /lib/i386-linux-gnu/libtinfo.so.5.9)
==26849==    by 0x4B9FCFA: ??? (in /lib/i386-linux-gnu/libtinfo.so.5.9)
==26849==    by 0x4BA007B: _nc_setupterm (in /lib/i386-linux-gnu/libtinfo.so.5.9)
==26849==    by 0x487BDDB: newterm (in /lib/i386-linux-gnu/libncurses.so.5.9)
==26849==    by 0x4878470: initscr (in /lib/i386-linux-gnu/libncurses.so.5.9)
==26849==    by 0x4867F26: nivel_gui_inicializar (in /usr/lib/libnivel-gui.so)
==26849==    by 0x111366: create_map (in /home/utnso/Escritorio/TP/tp-2021-1c-Unnamed-Group/MiRAMHQ/main)
==26849== 
==26849== 1,945 bytes in 1 blocks are still reachable in loss record 31 of 35
==26849==    at 0x483021B: malloc (in /usr/lib/valgrind/vgpreload_memcheck-x86-linux.so)
==26849==    by 0x4B9D6B0: _nc_doalloc (in /lib/i386-linux-gnu/libtinfo.so.5.9)
==26849==    by 0x488190A: ??? (in /lib/i386-linux-gnu/libncurses.so.5.9)
==26849==    by 0x487D2DB: vwprintw (in /lib/i386-linux-gnu/libncurses.so.5.9)
==26849==    by 0x487D337: printw (in /lib/i386-linux-gnu/libncurses.so.5.9)
==26849==    by 0x4868232: nivel_gui_dibujar (in /usr/lib/libnivel-gui.so)
==26849==    by 0x111393: create_map (in /home/utnso/Escritorio/TP/tp-2021-1c-Unnamed-Group/MiRAMHQ/main)
==26849==    by 0x109C30: main (in /home/utnso/Escritorio/TP/tp-2021-1c-Unnamed-Group/MiRAMHQ/main)
==26849== 
==26849== 2,236 bytes in 1 blocks are still reachable in loss record 32 of 35
==26849==    at 0x483021B: malloc (in /usr/lib/valgrind/vgpreload_memcheck-x86-linux.so)
==26849==    by 0x487E949: ??? (in /lib/i386-linux-gnu/libncurses.so.5.9)
==26849==    by 0x487BE26: newterm (in /lib/i386-linux-gnu/libncurses.so.5.9)
==26849==    by 0x4878470: initscr (in /lib/i386-linux-gnu/libncurses.so.5.9)
==26849==    by 0x4867F26: nivel_gui_inicializar (in /usr/lib/libnivel-gui.so)
==26849==    by 0x111366: create_map (in /home/utnso/Escritorio/TP/tp-2021-1c-Unnamed-Group/MiRAMHQ/main)
==26849==    by 0x109C30: main (in /home/utnso/Escritorio/TP/tp-2021-1c-Unnamed-Group/MiRAMHQ/main)
==26849== 
==26849== 7,168 bytes in 1 blocks are still reachable in loss record 33 of 35
==26849==    at 0x48321A6: calloc (in /usr/lib/valgrind/vgpreload_memcheck-x86-linux.so)
==26849==    by 0x4874055: start_color (in /lib/i386-linux-gnu/libncurses.so.5.9)
==26849==    by 0x4867F4C: nivel_gui_inicializar (in /usr/lib/libnivel-gui.so)
==26849==    by 0x111366: create_map (in /home/utnso/Escritorio/TP/tp-2021-1c-Unnamed-Group/MiRAMHQ/main)
==26849==    by 0x109C30: main (in /home/utnso/Escritorio/TP/tp-2021-1c-Unnamed-Group/MiRAMHQ/main)
==26849== 
==26849== 7,680 bytes in 24 blocks are still reachable in loss record 34 of 35
==26849==    at 0x48321A6: calloc (in /usr/lib/valgrind/vgpreload_memcheck-x86-linux.so)
==26849==    by 0x487C74A: newwin (in /lib/i386-linux-gnu/libncurses.so.5.9)
==26849==    by 0x487EC29: ??? (in /lib/i386-linux-gnu/libncurses.so.5.9)
==26849==    by 0x487BE26: newterm (in /lib/i386-linux-gnu/libncurses.so.5.9)
==26849==    by 0x4878470: initscr (in /lib/i386-linux-gnu/libncurses.so.5.9)
==26849==    by 0x4867F26: nivel_gui_inicializar (in /usr/lib/libnivel-gui.so)
==26849==    by 0x111366: create_map (in /home/utnso/Escritorio/TP/tp-2021-1c-Unnamed-Group/MiRAMHQ/main)
==26849==    by 0x109C30: main (in /home/utnso/Escritorio/TP/tp-2021-1c-Unnamed-Group/MiRAMHQ/main)
==26849== 
==26849== 7,680 bytes in 24 blocks are still reachable in loss record 35 of 35
==26849==    at 0x48321A6: calloc (in /usr/lib/valgrind/vgpreload_memcheck-x86-linux.so)
==26849==    by 0x487C74A: newwin (in /lib/i386-linux-gnu/libncurses.so.5.9)
==26849==    by 0x487EC48: ??? (in /lib/i386-linux-gnu/libncurses.so.5.9)
==26849==    by 0x487BE26: newterm (in /lib/i386-linux-gnu/libncurses.so.5.9)
==26849==    by 0x4878470: initscr (in /lib/i386-linux-gnu/libncurses.so.5.9)
==26849==    by 0x4867F26: nivel_gui_inicializar (in /usr/lib/libnivel-gui.so)
==26849==    by 0x111366: create_map (in /home/utnso/Escritorio/TP/tp-2021-1c-Unnamed-Group/MiRAMHQ/main)
==26849==    by 0x109C30: main (in /home/utnso/Escritorio/TP/tp-2021-1c-Unnamed-Group/MiRAMHQ/main)
==26849== 
==26849== LEAK SUMMARY:
==26849==    definitely lost: 0 bytes in 0 blocks
==26849==    indirectly lost: 0 bytes in 0 blocks
==26849==      possibly lost: 0 bytes in 0 blocks
==26849==    still reachable: 38,768 bytes in 305 blocks
==26849==         suppressed: 0 bytes in 0 blocks
==26849== 
==26849== ERROR SUMMARY: 225 errors from 2 contexts (suppressed: 0 from 0)
==26849== 
==26849== 75 errors in context 1 of 2:
==26849== Thread 2:
==26849== Conditional jump or move depends on uninitialised value(s)
==26849==    at 0x10AF98: segmentation_handler (in /home/utnso/Escritorio/TP/tp-2021-1c-Unnamed-Group/MiRAMHQ/main)
==26849==    by 0x4863B22: _thread_function (in /usr/lib/libunnamed.so)
==26849==    by 0x499A3BC: start_thread (pthread_create.c:463)
==26849==    by 0x4AACC95: clone (clone.S:108)
==26849==  Uninitialised value was created by a stack allocation
==26849==    at 0x10A19E: segmentation_handler (in /home/utnso/Escritorio/TP/tp-2021-1c-Unnamed-Group/MiRAMHQ/main)
==26849== 
==26849== 
==26849== 150 errors in context 2 of 2:
==26849== Conditional jump or move depends on uninitialised value(s)
==26849==    at 0x10AD42: segmentation_handler (in /home/utnso/Escritorio/TP/tp-2021-1c-Unnamed-Group/MiRAMHQ/main)
==26849==    by 0x4863B22: _thread_function (in /usr/lib/libunnamed.so)
==26849==    by 0x499A3BC: start_thread (pthread_create.c:463)
==26849==    by 0x4AACC95: clone (clone.S:108)
==26849==  Uninitialised value was created by a stack allocation
==26849==    at 0x10A19E: segmentation_handler (in /home/utnso/Escritorio/TP/tp-2021-1c-Unnamed-Group/MiRAMHQ/main)
==26849== 
==26849== ERROR SUMMARY: 225 errors from 2 contexts (suppressed: 0 from 0)
