[INFO] 23:34:13:702 IMS/(11220:11220): [Shared Library]: Se creo un socket listenner en el puerto: 5001 
[INFO] 23:34:13:703 IMS/(11220:11220): [Shared Library]: Esperando conexiones en el puerto: 5001
[INFO] 23:34:33:216 IMS/(11220:11220): [Shared Library]: Nueva conexion con id: 5, ip: 127.0.0.1, port: 56490
[INFO] 23:34:33:217 IMS/(11220:11220): comando: 1702129253
[INFO] 23:34:33:217 IMS/(11220:11220): [Shared Library]: El cliente 5 se desconecto.
[INFO] 23:38:28:142 IMS/(12055:12055): [Shared Library]: Se creo un socket listenner en el puerto: 5001 
[INFO] 23:38:28:143 IMS/(12055:12055): [Shared Library]: Esperando conexiones en el puerto: 5001
[INFO] 23:38:36:487 IMS/(12055:12055): [Shared Library]: Nueva conexion con id: 5, ip: 127.0.0.1, port: 56496
[INFO] 23:38:36:554 IMS/(12055:12055): comando: 1
[INFO] 23:38:36:554 IMS/(12055:12055): hola
[INFO] 23:38:36:554 IMS/(12055:12055): 
[INFO] 23:38:36:555 IMS/(12055:12055): [Shared Library]: El cliente 5 se desconecto.
[INFO] 23:44:10:013 IMS/(12744:12744): [Shared Library]: Se creo un socket listenner en el puerto: 5001 
[INFO] 23:44:10:014 IMS/(12744:12744): [Shared Library]: Esperando conexiones en el puerto: 5001
[INFO] 23:44:13:390 IMS/(12744:12744): [Shared Library]: Nueva conexion con id: 5, ip: 127.0.0.1, port: 56504
[INFO] 23:44:13:391 IMS/(12744:12744): comando: 1
[INFO] 23:44:13:391 IMS/(12744:12744): hola
[INFO] 23:44:13:392 IMS/(12744:12744): testingSerializacionA] 23:44)
[INFO] 23:44:13:392 IMS/(12744:12744): [Shared Library]: El cliente 5 se desconecto.
[INFO] 23:45:09:670 IMS/(12875:12875): [Shared Library]: Se creo un socket listenner en el puerto: 5001 
[INFO] 23:45:09:671 IMS/(12875:12875): [Shared Library]: Esperando conexiones en el puerto: 5001
[INFO] 23:45:11:807 IMS/(12875:12875): [Shared Library]: Nueva conexion con id: 5, ip: 127.0.0.1, port: 56506
[INFO] 23:45:11:808 IMS/(12875:12875): comando: 1
[INFO] 23:45:11:808 IMS/(12875:12875): hola
[INFO] 23:45:11:808 IMS/(12875:12875): testingSerializacionA
[INFO] 23:45:11:809 IMS/(12875:12875): [Shared Library]: El cliente 5 se desconecto.
[INFO] 23:47:35:996 IMS/(13183:13183): [Shared Library]: Se creo un socket listenner en el puerto: 5001 
[INFO] 23:47:35:996 IMS/(13183:13183): [Shared Library]: Esperando conexiones en el puerto: 5001
[INFO] 23:47:39:453 IMS/(13183:13183): [Shared Library]: Nueva conexion con id: 5, ip: 127.0.0.1, port: 56510
[INFO] 23:47:39:454 IMS/(13183:13183): comando: 1
[INFO] 23:47:39:454 IMS/(13183:13183): hola
[INFO] 23:47:39:455 IMS/(13183:13183): testingSerializacionA
[INFO] 23:47:39:455 IMS/(13183:13183): [Shared Library]: El cliente 5 se desconecto.
[INFO] 00:03:15:494 IMS/(15194:15194): [Shared Library]: Se creo un socket listenner en el puerto: 5001 
[INFO] 00:03:15:496 IMS/(15194:15194): [Shared Library]: Esperando conexiones en el puerto: 5001
[INFO] 00:12:22:455 IMS/(3734:3734): [Shared Library]: Se creo un socket listenner en el puerto: 5001 
[INFO] 00:12:22:456 IMS/(3734:3734): [Shared Library]: Esperando conexiones en el puerto: 5001
[INFO] 00:12:33:707 IMS/(3734:3734): [Shared Library]: Nueva conexion con id: 5, ip: 127.0.0.1, port: 42964
[INFO] 00:12:33:708 IMS/(3734:3734): comando: 1
[INFO] 00:12:33:709 IMS/(3734:3734): hola
[INFO] 00:12:33:709 IMS/(3734:3734): testingSerializacion
[INFO] 00:12:33:710 IMS/(3734:3734): [Shared Library]: El cliente 5 se desconecto.
[INFO] 00:13:21:714 IMS/(3734:3734): [Shared Library]: Nueva conexion con id: 5, ip: 127.0.0.1, port: 42966
[INFO] 00:13:21:715 IMS/(3734:3734): comando: 1
[INFO] 00:13:21:715 IMS/(3734:3734): hola
[INFO] 00:13:21:716 IMS/(3734:3734): testingSerializacion
[INFO] 00:13:21:716 IMS/(3734:3734): [Shared Library]: El cliente 5 se desconecto.
[INFO] 00:13:50:806 IMS/(3734:3734): [Shared Library]: Nueva conexion con id: 5, ip: 127.0.0.1, port: 42968
[INFO] 00:13:50:807 IMS/(3734:3734): comando: 1
[INFO] 00:13:50:808 IMS/(3734:3734): hola
[INFO] 00:13:50:808 IMS/(3734:3734): testingSerializacionA
[INFO] 00:13:50:809 IMS/(3734:3734): [Shared Library]: El cliente 5 se desconecto.
[INFO] 00:14:56:898 IMS/(3734:3734): [Shared Library]: Nueva conexion con id: 5, ip: 127.0.0.1, port: 42972
[INFO] 00:14:56:900 IMS/(3734:3734): comando: 1
[INFO] 00:14:56:900 IMS/(3734:3734): hola
[INFO] 00:14:56:901 IMS/(3734:3734): testingSerializacion
[INFO] 00:14:56:901 IMS/(3734:3734): [Shared Library]: El cliente 5 se desconecto.
[INFO] 16:34:42:424 IMS/(18863:18863): No se encontró archivo Blocks.ims entonces se crea uno
[ERROR] 16:35:04:590 IMS/(18912:18912): No se encontró archivo Blocks.ims entonces se crea uno
[ERROR] 16:42:59:132 IMS/(20036:20036): No se encontró archivo Blocks.ims entonces no existe un Filesystem anterior. Se crea Uno
[ERROR] 16:45:42:151 IMS/(20417:20417): No se encontró archivo Blocks.ims entonces no existe un Filesystem anterior. Se crea Uno
[INFO] 16:45:42:153 IMS/(20417:20417): Se buscaron los valores de la metadata en superBloque
[INFO] 16:45:42:153 IMS/(20417:20417): Cantidad de Bloques: 8
 Tamaño de bloque:32 

[ERROR] 16:45:51:600 IMS/(20445:20445): No se encontró archivo Blocks.ims entonces no existe un Filesystem anterior. Se crea Uno
[INFO] 16:45:51:601 IMS/(20445:20445): Se buscaron los valores de la metadata en superBloque
[INFO] 16:45:51:602 IMS/(20445:20445): 
Cantidad de Bloques: 8
 Tamaño de bloque:32 

[ERROR] 16:45:58:186 IMS/(20467:20467): No se encontró archivo Blocks.ims entonces no existe un Filesystem anterior. Se crea Uno
[INFO] 16:45:58:187 IMS/(20467:20467): Se buscaron los valores de la metadata en superBloque
[INFO] 16:45:58:187 IMS/(20467:20467): 
Cantidad de Bloques: 8
Tamaño de bloque:32 

[ERROR] 16:58:04:391 IMS/(22178:22178): No se encontró archivo Blocks.ims entonces no existe un Filesystem anterior. Se crea Uno
[INFO] 16:58:04:393 IMS/(22178:22178): Se buscaron los valores de la metadata en superBloque
[INFO] 16:58:04:393 IMS/(22178:22178): 
Cantidad de Bloques: 8
Tamaño de bloque:32 

[INFO] 16:58:04:393 IMS/(22178:22178): Se crea archivo Blocks.ims
[INFO] 16:58:04:395 IMS/(22178:22178): Se crea las Bitácoras
[ERROR] 17:00:47:357 IMS/(22651:22651): No se encontró archivo Blocks.ims entonces no existe un Filesystem anterior. Se crea Uno
[INFO] 17:00:47:358 IMS/(22651:22651): Se buscaron los valores de la metadata en superBloque
[INFO] 17:00:47:358 IMS/(22651:22651): 
Cantidad de Bloques: 8
Tamaño de bloque:32 

[INFO] 17:00:47:359 IMS/(22651:22651): Se crea archivo Blocks.ims
[INFO] 17:00:47:360 IMS/(22651:22651): Se crea las Bitácoras
[ERROR] 17:01:08:207 IMS/(22698:22698): No se encontró archivo Blocks.ims entonces no existe un Filesystem anterior. Se crea Uno
[INFO] 17:01:08:209 IMS/(22698:22698): Se buscaron los valores de la metadata en superBloque
[INFO] 17:01:08:209 IMS/(22698:22698): 
Cantidad de Bloques: 8
Tamaño de bloque:32 

[INFO] 17:01:08:209 IMS/(22698:22698): Se crea archivo Blocks.ims
[ERROR] 17:02:54:335 IMS/(22951:22951): No se encontró archivo Blocks.ims entonces no existe un Filesystem anterior. Se crea Uno
[INFO] 17:02:54:337 IMS/(22951:22951): Se buscaron los valores de la metadata en superBloque
[INFO] 17:02:54:337 IMS/(22951:22951): 
Cantidad de Bloques: 8
Tamaño de bloque:32 

[INFO] 17:02:54:338 IMS/(22951:22951): Se crea archivo Blocks.ims
[INFO] 17:02:54:339 IMS/(22951:22951): Se crea las Bitácoras
[ERROR] 17:03:22:231 IMS/(23028:23028): No se encontró archivo Blocks.ims entonces no existe un Filesystem anterior. Se crea Uno
[INFO] 17:03:22:233 IMS/(23028:23028): Se buscaron los valores de la metadata en superBloque
[INFO] 17:03:22:233 IMS/(23028:23028): 
Cantidad de Bloques: 8
Tamaño de bloque:32 

[INFO] 17:03:22:233 IMS/(23028:23028): Se crea archivo Blocks.ims
[INFO] 17:03:22:235 IMS/(23028:23028): Se crea las Bitácoras
[ERROR] 17:03:41:742 IMS/(23083:23083): No se encontró archivo Blocks.ims entonces no existe un Filesystem anterior. Se crea Uno
[INFO] 17:03:41:743 IMS/(23083:23083): Se buscaron los valores de la metadata en superBloque
[INFO] 17:03:41:744 IMS/(23083:23083): 
Cantidad de Bloques: 8
Tamaño de bloque:32 

[INFO] 17:03:41:744 IMS/(23083:23083): Se crea archivo Blocks.ims
[INFO] 17:03:41:745 IMS/(23083:23083): Se crea las Bitácoras
[ERROR] 17:04:55:648 IMS/(23233:23233): No se encontró archivo Blocks.ims entonces no existe un Filesystem anterior. Se crea Uno
[INFO] 17:04:55:650 IMS/(23233:23233): Se buscaron los valores de la metadata en superBloque
[INFO] 17:04:55:651 IMS/(23233:23233): 
Cantidad de Bloques: 8
Tamaño de bloque:32 

[INFO] 17:04:55:651 IMS/(23233:23233): Se crea archivo Blocks.ims
[INFO] 17:04:55:653 IMS/(23233:23233): Se crea las Bitácoras
[ERROR] 17:06:16:286 IMS/(23402:23402): No se encontró archivo Blocks.ims entonces no existe un Filesystem anterior. Se crea Uno
[INFO] 17:06:16:288 IMS/(23402:23402): Se buscaron los valores de la metadata en superBloque
[INFO] 17:06:16:288 IMS/(23402:23402): 
Cantidad de Bloques: 8
Tamaño de bloque:32 

[INFO] 17:06:16:288 IMS/(23402:23402): Se crea archivo Blocks.ims
[INFO] 17:06:16:289 IMS/(23402:23402): Se crea las Bitácoras
[ERROR] 17:06:53:062 IMS/(23486:23486): No se encontró archivo Blocks.ims entonces no existe un Filesystem anterior. Se crea Uno
[INFO] 17:06:53:064 IMS/(23486:23486): Se buscaron los valores de la metadata en superBloque
[INFO] 17:06:53:065 IMS/(23486:23486): 
Cantidad de Bloques: 8
Tamaño de bloque:32 

[INFO] 17:06:53:065 IMS/(23486:23486): Se crea archivo Blocks.ims
[INFO] 17:06:53:066 IMS/(23486:23486): Se crea las Bitácoras
[INFO] 17:08:56:497 IMS/(23816:23816): Existe archivo Blocks.ims. Se levanta Filesystem anterior
[ERROR] 17:09:11:975 IMS/(23853:23853): No se encontró archivo Blocks.ims entonces no existe un Filesystem anterior. Se crea Uno
[INFO] 17:09:11:977 IMS/(23853:23853): Se buscaron los valores de la metadata en superBloque
[INFO] 17:09:11:977 IMS/(23853:23853): 
Cantidad de Bloques: 8
Tamaño de bloque:32 

[INFO] 17:09:11:977 IMS/(23853:23853): Se crea archivo Blocks.ims
[INFO] 17:09:11:979 IMS/(23853:23853): Se crea las Bitácoras
[INFO] 17:30:04:590 IMS/(27135:27135): Existe archivo Blocks.ims. Se levanta Filesystem anterior
[ERROR] 17:31:07:799 IMS/(27290:27290): No se encontró archivo Blocks.ims entonces no existe un Filesystem anterior. Se crea Uno
[INFO] 17:31:07:801 IMS/(27290:27290): Se buscaron los valores de la metadata en superBloque
[INFO] 17:31:07:801 IMS/(27290:27290): 
Cantidad de Bloques: 8
Tamaño de bloque:32 

[INFO] 17:31:07:801 IMS/(27290:27290): Se crea archivo Blocks.ims
[INFO] 17:31:07:803 IMS/(27290:27290): Se crea las Bitácoras
[ERROR] 18:27:34:343 IMS/(2301:2301): No se encontró archivo Blocks.ims entonces no existe un Filesystem anterior. Se crea Uno
[INFO] 18:27:34:352 IMS/(2301:2301): Se buscaron los valores de la metadata en superBloque
[INFO] 18:27:34:353 IMS/(2301:2301): 
Cantidad de Bloques: 8
Tamaño de bloque:32 

[INFO] 18:27:34:353 IMS/(2301:2301): Generando bitmap asociado a filesystem..
[INFO] 18:27:34:354 IMS/(2301:2301): Se asigno el bloque 1
[INFO] 18:27:34:355 IMS/(2301:2301): Se asigno el bloque 2
[ERROR] 18:28:09:865 IMS/(2411:2411): No se encontró archivo Blocks.ims entonces no existe un Filesystem anterior. Se crea Uno
[INFO] 18:28:09:867 IMS/(2411:2411): Se buscaron los valores de la metadata en superBloque
[INFO] 18:28:09:868 IMS/(2411:2411): 
Cantidad de Bloques: 8
Tamaño de bloque:32 

[INFO] 18:28:09:868 IMS/(2411:2411): Generando bitmap asociado a filesystem..
[INFO] 18:28:09:869 IMS/(2411:2411): Se asigno el bloque 1
[INFO] 18:28:09:870 IMS/(2411:2411): Se asigno el bloque 2
[ERROR] 18:45:46:255 IMS/(4588:4588): No se encontró archivo Blocks.ims entonces no existe un Filesystem anterior. Se crea Uno
[ERROR] 18:46:25:188 IMS/(4668:4668): No se encontró archivo Blocks.ims entonces no existe un Filesystem anterior. Se crea Uno
[ERROR] 18:46:28:932 IMS/(4688:4688): No se encontró archivo Blocks.ims entonces no existe un Filesystem anterior. Se crea Uno
[ERROR] 18:46:50:319 IMS/(4742:4742): No se encontró archivo Blocks.ims entonces no existe un Filesystem anterior. Se crea Uno
[ERROR] 20:58:50:798 IMS/(16269:16269): No se encontró archivo Blocks.ims entonces no existe un Filesystem anterior. Se crea Uno
[ERROR] 20:59:00:342 IMS/(16289:16289): No se encontró archivo Blocks.ims entonces no existe un Filesystem anterior. Se crea Uno
[ERROR] 21:00:16:252 IMS/(16401:16401): No se encontró archivo Blocks.ims entonces no existe un Filesystem anterior. Se crea Uno
[ERROR] 21:02:13:588 IMS/(16570:16570): No se encontró archivo Blocks.ims entonces no existe un Filesystem anterior. Se crea Uno
[ERROR] 21:02:35:345 IMS/(16605:16605): No se encontró archivo Blocks.ims entonces no existe un Filesystem anterior. Se crea Uno
[ERROR] 21:04:06:513 IMS/(16854:16854): No se encontró archivo Blocks.ims entonces no existe un Filesystem anterior. Se crea Uno
[INFO] 21:04:06:515 IMS/(16854:16854): 16
[ERROR] 21:04:38:235 IMS/(16901:16901): No se encontró archivo Blocks.ims entonces no existe un Filesystem anterior. Se crea Uno
[INFO] 21:04:38:237 IMS/(16901:16901): 16
[ERROR] 21:05:29:124 IMS/(16993:16993): No se encontró archivo Blocks.ims entonces no existe un Filesystem anterior. Se crea Uno
[INFO] 21:05:29:125 IMS/(16993:16993): 16
[ERROR] 21:05:37:486 IMS/(17013:17013): No se encontró archivo Blocks.ims entonces no existe un Filesystem anterior. Se crea Uno
[INFO] 21:05:37:487 IMS/(17013:17013): 16
[ERROR] 21:06:01:128 IMS/(17044:17044): No se encontró archivo Blocks.ims entonces no existe un Filesystem anterior. Se crea Uno
[INFO] 21:06:01:129 IMS/(17044:17044): 16
[ERROR] 21:06:03:551 IMS/(17058:17058): No se encontró archivo Blocks.ims entonces no existe un Filesystem anterior. Se crea Uno
[INFO] 21:06:03:552 IMS/(17058:17058): 16
[ERROR] 21:07:51:501 IMS/(17218:17218): No se encontró archivo Blocks.ims entonces no existe un Filesystem anterior. Se crea Uno
[INFO] 21:07:51:502 IMS/(17218:17218): 64
[ERROR] 21:08:00:262 IMS/(17239:17239): No se encontró archivo Blocks.ims entonces no existe un Filesystem anterior. Se crea Uno
[INFO] 21:08:00:264 IMS/(17239:17239): 64
[ERROR] 21:08:11:526 IMS/(17252:17252): No se encontró archivo Blocks.ims entonces no existe un Filesystem anterior. Se crea Uno
[INFO] 21:08:11:592 IMS/(17252:17252): 64
[ERROR] 21:08:32:307 IMS/(17289:17289): No se encontró archivo Blocks.ims entonces no existe un Filesystem anterior. Se crea Uno
[INFO] 21:08:32:369 IMS/(17289:17289): 64
[ERROR] 21:08:56:660 IMS/(17329:17329): No se encontró archivo Blocks.ims entonces no existe un Filesystem anterior. Se crea Uno
[INFO] 21:08:56:721 IMS/(17329:17329): 64
[ERROR] 21:09:37:604 IMS/(17390:17390): No se encontró archivo Blocks.ims entonces no existe un Filesystem anterior. Se crea Uno
[INFO] 21:09:37:683 IMS/(17390:17390): 64
[ERROR] 21:09:53:702 IMS/(17420:17420): No se encontró archivo Blocks.ims entonces no existe un Filesystem anterior. Se crea Uno
[INFO] 21:09:53:772 IMS/(17420:17420): 64
[ERROR] 21:10:08:109 IMS/(17448:17448): No se encontró archivo Blocks.ims entonces no existe un Filesystem anterior. Se crea Uno
[INFO] 21:10:08:187 IMS/(17448:17448): 64
[ERROR] 21:10:24:004 IMS/(17470:17470): No se encontró archivo Blocks.ims entonces no existe un Filesystem anterior. Se crea Uno
[INFO] 21:10:24:070 IMS/(17470:17470): 64
[ERROR] 22:13:01:028 IMS/(22600:22600): No se encontró archivo Blocks.ims entonces no existe un Filesystem anterior. Se crea Uno
[INFO] 22:13:01:030 IMS/(22600:22600): Se buscaron valores del superbloque. TamañoBloque:16 y CantidadBloques:64
[ERROR] 22:13:22:387 IMS/(22639:22639): No se encontró archivo Blocks.ims entonces no existe un Filesystem anterior. Se crea Uno
[INFO] 22:13:22:389 IMS/(22639:22639): Se buscaron valores del superbloque. TamañoBloque:0 y CantidadBloques:0
[ERROR] 22:13:42:607 IMS/(22673:22673): No se encontró archivo Blocks.ims entonces no existe un Filesystem anterior. Se crea Uno
[INFO] 22:13:42:612 IMS/(22673:22673): Se buscaron valores del superbloque. TamañoBloque:64 y CantidadBloques:16
[ERROR] 22:15:57:420 IMS/(22853:22853): No se encontró archivo Blocks.ims entonces no existe un Filesystem anterior. Se crea Uno
[INFO] 22:15:57:421 IMS/(22853:22853): Se buscaron valores del superbloque. TamañoBloque:64 y CantidadBloques:16
[INFO] 22:15:57:423 IMS/(22853:22853): hola
[ERROR] 22:16:56:950 IMS/(22940:22940): No se encontró archivo Blocks.ims entonces no existe un Filesystem anterior. Se crea Uno
[INFO] 22:16:56:953 IMS/(22940:22940): Se buscaron valores del superbloque. TamañoBloque:64 y CantidadBloques:16
[INFO] 22:16:56:956 IMS/(22940:22940): Hola
[ERROR] 22:21:17:106 IMS/(23291:23291): No se encontró archivo Blocks.ims entonces no existe un Filesystem anterior. Se crea Uno
[INFO] 22:21:17:107 IMS/(23291:23291): Se buscaron valores del superbloque. TamañoBloque:0 y CantidadBloques:0
[INFO] 22:21:17:107 IMS/(23291:23291): Guarde espacio para el bitmap en superbloque
[ERROR] 22:21:27:157 IMS/(23314:23314): No se encontró archivo Blocks.ims entonces no existe un Filesystem anterior. Se crea Uno
[INFO] 22:21:27:158 IMS/(23314:23314): Se buscaron valores del superbloque. TamañoBloque:0 y CantidadBloques:0
[INFO] 22:21:27:158 IMS/(23314:23314): Guarde espacio para el bitmap en superbloque
[ERROR] 22:21:53:148 IMS/(23349:23349): No se encontró archivo Blocks.ims entonces no existe un Filesystem anterior. Se crea Uno
[INFO] 22:21:53:149 IMS/(23349:23349): Se buscaron valores del superbloque. TamañoBloque:0 y CantidadBloques:0
[INFO] 22:21:53:149 IMS/(23349:23349): Guarde espacio para el bitmap en superbloque
[ERROR] 22:21:56:813 IMS/(23364:23364): No se encontró archivo Blocks.ims entonces no existe un Filesystem anterior. Se crea Uno
[INFO] 22:21:56:814 IMS/(23364:23364): Se buscaron valores del superbloque. TamañoBloque:0 y CantidadBloques:0
[INFO] 22:21:56:814 IMS/(23364:23364): Guarde espacio para el bitmap en superbloque
[ERROR] 22:32:11:136 IMS/(24203:24203): No se encontró archivo Blocks.ims entonces no existe un Filesystem anterior. Se crea Uno
[INFO] 22:32:11:137 IMS/(24203:24203): Se buscaron valores del superbloque. TamañoBloque:0 y CantidadBloques:0
[INFO] 22:32:11:137 IMS/(24203:24203): Guarde espacio para el bitmap en superbloque
[INFO] 22:32:11:138 IMS/(24203:24203): hoee
[ERROR] 22:34:53:407 IMS/(24413:24413): No se encontró archivo Blocks.ims entonces no existe un Filesystem anterior. Se crea Uno
[INFO] 22:34:53:409 IMS/(24413:24413): Se buscaron valores del superbloque. TamañoBloque:64 y CantidadBloques:16
[INFO] 22:34:53:411 IMS/(24413:24413): Guarde espacio para el bitmap en superbloque
[ERROR] 22:35:19:575 IMS/(24457:24457): No se encontró archivo Blocks.ims entonces no existe un Filesystem anterior. Se crea Uno
[INFO] 22:35:19:577 IMS/(24457:24457): Se buscaron valores del superbloque. TamañoBloque:64 y CantidadBloques:16
[INFO] 22:35:19:579 IMS/(24457:24457): Guarde espacio para el bitmap en superbloque
[INFO] 22:35:19:579 IMS/(24457:24457): hoee
[ERROR] 22:40:16:501 IMS/(24850:24850): No se encontró archivo Blocks.ims entonces no existe un Filesystem anterior. Se crea Uno
[INFO] 22:40:16:502 IMS/(24850:24850): Se buscaron valores del superbloque. TamañoBloque:64 y CantidadBloques:16
[INFO] 22:40:16:504 IMS/(24850:24850): Guarde espacio para el bitmap en superbloque
[ERROR] 22:41:05:994 IMS/(24924:24924): No se encontró archivo Blocks.ims entonces no existe un Filesystem anterior. Se crea Uno
[INFO] 22:41:05:996 IMS/(24924:24924): Se buscaron valores del superbloque. TamañoBloque:64 y CantidadBloques:16
[INFO] 22:41:05:997 IMS/(24924:24924): Guarde espacio para el bitmap en superbloque
[INFO] 22:41:05:998 IMS/(24924:24924): holaaaaa
[INFO] 22:41:05:998 IMS/(24924:24924): holaaaaa
[INFO] 22:41:05:999 IMS/(24924:24924): holaaaaa
[INFO] 22:41:05:999 IMS/(24924:24924): holaaaaa
[ERROR] 22:41:44:004 IMS/(24987:24987): No se encontró archivo Blocks.ims entonces no existe un Filesystem anterior. Se crea Uno
[INFO] 22:41:44:006 IMS/(24987:24987): Se buscaron valores del superbloque. TamañoBloque:64 y CantidadBloques:16
[INFO] 22:41:44:007 IMS/(24987:24987): Guarde espacio para el bitmap en superbloque
[INFO] 22:41:44:008 IMS/(24987:24987): aaaaaaaaaaaaaaaaaaaaaaaaaaaaaaaaaaaaaaaaaaaaa
[INFO] 22:41:44:008 IMS/(24987:24987): aaaaaaaaaaaaaaaaaaaaaaaaaaaaaaaaaaaaaaaaaaaaa
[INFO] 22:41:44:008 IMS/(24987:24987): aaaaaaaaaaaaaaaaaaaaaaaaaaaaaaaaaaaaaaaaaaaaa
[INFO] 22:41:44:009 IMS/(24987:24987): aaaaaaaaaaaaaaaaaaaaaaaaaaaaaaaaaaaaaaaaaaaaa
[INFO] 22:41:44:009 IMS/(24987:24987): aaaaaaaaaaaaaaaaaaaaaaaaaaaaaaaaaaaaaaaaaaaaa
[ERROR] 22:42:02:050 IMS/(25021:25021): No se encontró archivo Blocks.ims entonces no existe un Filesystem anterior. Se crea Uno
[INFO] 22:42:02:051 IMS/(25021:25021): Se buscaron valores del superbloque. TamañoBloque:64 y CantidadBloques:16
[INFO] 22:42:02:053 IMS/(25021:25021): Guarde espacio para el bitmap en superbloque
[INFO] 22:42:02:054 IMS/(25021:25021): aaaaaaaaaaaaaaaaaaaaaaaaaaaaaaaaaaaaaaaaaaaaa
[INFO] 22:42:02:054 IMS/(25021:25021): aaaaaaaaaaaaaaaaaaaaaaaaaaaaaaaaaaaaaaaaaaaaa
[INFO] 22:42:02:054 IMS/(25021:25021): aaaaaaaaaaaaaaaaaaaaaaaaaaaaaaaaaaaaaaaaaaaaa
[INFO] 22:42:02:055 IMS/(25021:25021): aaaaaaaaaaaaaaaaaaaaaaaaaaaaaaaaaaaaaaaaaaaaa
[INFO] 22:42:02:055 IMS/(25021:25021): aaaaaaaaaaaaaaaaaaaaaaaaaaaaaaaaaaaaaaaaaaaaa
[ERROR] 22:43:34:759 IMS/(25163:25163): No se encontró archivo Blocks.ims entonces no existe un Filesystem anterior. Se crea Uno
[INFO] 22:43:34:761 IMS/(25163:25163): Se buscaron valores del superbloque. TamañoBloque:64 y CantidadBloques:16
[INFO] 22:43:34:762 IMS/(25163:25163): Guarde espacio para el bitmap en superbloque
[ERROR] 22:44:10:823 IMS/(25225:25225): No se encontró archivo Blocks.ims entonces no existe un Filesystem anterior. Se crea Uno
[INFO] 22:44:10:824 IMS/(25225:25225): Se buscaron valores del superbloque. TamañoBloque:64 y CantidadBloques:16
[INFO] 22:44:10:825 IMS/(25225:25225): Guarde espacio para el bitmap en superbloque
[INFO] 22:44:10:827 IMS/(25225:25225): Setee bitmap en 0 todo
[ERROR] 22:56:34:296 IMS/(26430:26430): No se encontró archivo Blocks.ims entonces no existe un Filesystem anterior. Se crea Uno
[INFO] 22:56:34:300 IMS/(26430:26430): Se buscaron valores del superbloque. TamañoBloque:64 y CantidadBloques:16
[INFO] 22:56:34:303 IMS/(26430:26430): Guarde espacio para el bitmap en superbloque
[INFO] 22:56:34:305 IMS/(26430:26430): Setee bitmap en 0 todo
[ERROR] 22:59:51:919 IMS/(26734:26734): No se encontró archivo Blocks.ims entonces no existe un Filesystem anterior. Se crea Uno
[INFO] 22:59:51:922 IMS/(26734:26734): Se buscaron valores del superbloque. TamañoBloque:64 y CantidadBloques:16
[INFO] 22:59:51:926 IMS/(26734:26734): Guarde espacio para el bitmap en superbloque
[INFO] 22:59:51:928 IMS/(26734:26734): Setee bitmap en 0 todo
[INFO] 22:59:51:928 IMS/(26734:26734): 0
[INFO] 22:59:51:929 IMS/(26734:26734): 0
[INFO] 22:59:51:929 IMS/(26734:26734): 0
[INFO] 22:59:51:929 IMS/(26734:26734): 0
[INFO] 22:59:51:930 IMS/(26734:26734): 0
[INFO] 22:59:51:930 IMS/(26734:26734): 0
[INFO] 22:59:51:930 IMS/(26734:26734): 0
[INFO] 22:59:51:931 IMS/(26734:26734): 0
[INFO] 22:59:51:931 IMS/(26734:26734): 0
[INFO] 22:59:51:932 IMS/(26734:26734): 0
[INFO] 22:59:51:932 IMS/(26734:26734): 0
[INFO] 22:59:51:932 IMS/(26734:26734): 0
[INFO] 22:59:51:933 IMS/(26734:26734): 0
[INFO] 22:59:51:933 IMS/(26734:26734): 0
[INFO] 22:59:51:940 IMS/(26734:26734): 0
[INFO] 22:59:51:941 IMS/(26734:26734): 0
[INFO] 22:59:51:941 IMS/(26734:26734): Testo bits Success
[ERROR] 23:00:44:854 IMS/(26823:26823): No se encontró archivo Blocks.ims entonces no existe un Filesystem anterior. Se crea Uno
[INFO] 23:00:44:857 IMS/(26823:26823): Se buscaron valores del superbloque. TamañoBloque:64 y CantidadBloques:16
[INFO] 23:00:44:860 IMS/(26823:26823): Guarde espacio para el bitmap en superbloque
[INFO] 23:00:44:861 IMS/(26823:26823): Setee bitmap en 0 todo......16
[INFO] 23:00:44:862 IMS/(26823:26823): 0
[INFO] 23:00:44:862 IMS/(26823:26823): 0
[INFO] 23:00:44:862 IMS/(26823:26823): 0
[INFO] 23:00:44:863 IMS/(26823:26823): 0
[INFO] 23:00:44:863 IMS/(26823:26823): 0
[INFO] 23:00:44:863 IMS/(26823:26823): 0
[INFO] 23:00:44:864 IMS/(26823:26823): 0
[INFO] 23:00:44:864 IMS/(26823:26823): 0
[INFO] 23:00:44:865 IMS/(26823:26823): 0
[INFO] 23:00:44:865 IMS/(26823:26823): 0
[INFO] 23:00:44:866 IMS/(26823:26823): 0
[INFO] 23:00:44:866 IMS/(26823:26823): 0
[INFO] 23:00:44:867 IMS/(26823:26823): 0
[INFO] 23:00:44:867 IMS/(26823:26823): 0
[INFO] 23:00:44:868 IMS/(26823:26823): 0
[INFO] 23:00:44:884 IMS/(26823:26823): 0
[INFO] 23:00:44:884 IMS/(26823:26823): Testo bits Success
[ERROR] 23:12:57:539 IMS/(27776:27776): No se encontró archivo Blocks.ims entonces no existe un Filesystem anterior. Se crea Uno
[INFO] 23:12:57:609 IMS/(27776:27776): Se buscaron valores del superbloque. TamañoBloque:64 y CantidadBloques:16
[INFO] 23:12:57:618 IMS/(27776:27776): Guarde espacio para el bitmap en superbloque
[INFO] 23:12:57:623 IMS/(27776:27776): Setee bitmap en 0 todo......16
[INFO] 23:12:57:626 IMS/(27776:27776): 0
[INFO] 23:12:57:635 IMS/(27776:27776): 0
[INFO] 23:12:57:639 IMS/(27776:27776): 0
[INFO] 23:12:57:640 IMS/(27776:27776): 0
[INFO] 23:12:57:640 IMS/(27776:27776): 0
[INFO] 23:12:57:641 IMS/(27776:27776): 0
[INFO] 23:12:57:641 IMS/(27776:27776): 0
[INFO] 23:12:57:641 IMS/(27776:27776): 0
[INFO] 23:12:57:641 IMS/(27776:27776): 0
[INFO] 23:12:57:642 IMS/(27776:27776): 0
[INFO] 23:12:57:642 IMS/(27776:27776): 0
[INFO] 23:12:57:643 IMS/(27776:27776): 0
[INFO] 23:12:57:644 IMS/(27776:27776): 0
[INFO] 23:12:57:645 IMS/(27776:27776): 0
[INFO] 23:12:57:646 IMS/(27776:27776): 0
[INFO] 23:12:57:646 IMS/(27776:27776): 0
[INFO] 23:12:57:647 IMS/(27776:27776): Testo bits Success
[INFO] 18:29:12:547 IMS/(30271:30271): No se encontró archivo superBloque.ims
[INFO] 18:29:12:548 IMS/(30271:30271): Ingresar tamaño de cada bloque
[INFO] 18:29:19:637 IMS/(30271:30271): Ingresar cantidad de bloques
[INFO] 18:29:24:558 IMS/(30298:30298): Se encontró el archivo superBloque.ims
[INFO] 18:30:31:216 IMS/(30442:30442): Se encontró el archivo superBloque.ims
[INFO] 18:30:31:218 IMS/(30442:30442): El tamaño del bloque que estaba es: 24
[INFO] 18:30:31:219 IMS/(30442:30442): La cantidad de bloques que estaba es: 0
[INFO] 18:30:52:391 IMS/(30486:30486): Se encontró el archivo superBloque.ims
[INFO] 18:30:52:394 IMS/(30486:30486): El tamaño del bloque que estaba es: 24
[INFO] 18:30:52:395 IMS/(30486:30486): La cantidad de bloques que estaba es: 10
[INFO] 18:31:05:585 IMS/(30517:30517): No se encontró archivo superBloque.ims
[INFO] 18:31:05:586 IMS/(30517:30517): Ingresar tamaño de cada bloque
[INFO] 18:31:09:377 IMS/(30517:30517): Ingresar cantidad de bloques
[INFO] 18:31:16:808 IMS/(30542:30542): Se encontró el archivo superBloque.ims
[INFO] 18:31:16:811 IMS/(30542:30542): El tamaño del bloque que estaba es: 35
[INFO] 18:31:16:811 IMS/(30542:30542): La cantidad de bloques que estaba es: 10
[INFO] 19:47:40:587 IMS/(8052:8052): validando existencia de superbloque.ims....
[INFO] 19:47:40:589 IMS/(8052:8052): Se encontró el archivo superBloque.ims
[INFO] 19:47:40:592 IMS/(8052:8052): Se procede a validar la existencia de archivo Blocks.ims
[ERROR] 19:47:40:593 IMS/(8052:8052): No se encontró archivo Blocks.ims. Se crea archivo
[INFO] 19:47:40:599 IMS/(8052:8052): Guarde espacio para el bitmap en superbloque
[INFO] 19:47:40:602 IMS/(8052:8052): Setee bitmap en 0 todo......0
[INFO] 19:47:40:602 IMS/(8052:8052): Testo bits Success
[INFO] 19:50:58:243 IMS/(8534:8534): validando existencia de superbloque.ims....
[INFO] 19:50:58:245 IMS/(8534:8534): Se encontró el archivo superBloque.ims
[INFO] 19:50:58:245 IMS/(8534:8534): Se procede a validar la existencia de archivo Blocks.ims
[INFO] 19:50:58:246 IMS/(8534:8534): Existe archivo Blocks.ims. Se levanta Filesystem anterior
[INFO] 19:52:49:559 IMS/(8790:8790): validando existencia de superbloque.ims....
[INFO] 19:52:49:560 IMS/(8790:8790): Se encontró el archivo superBloque.ims
[INFO] 19:52:49:563 IMS/(8790:8790): Se procede a validar la existencia de archivo Blocks.ims
[ERROR] 19:52:49:565 IMS/(8790:8790): No se encontró archivo Blocks.ims. Se crea archivo
[INFO] 19:52:49:575 IMS/(8790:8790): Guarde espacio para el bitmap en superbloque
[INFO] 19:52:49:577 IMS/(8790:8790): Setee bitmap en 0 todo......0
[INFO] 19:52:49:585 IMS/(8790:8790): Testo bits Success
[INFO] 19:55:15:504 IMS/(9026:9026): validando existencia de superbloque.ims....
[INFO] 19:55:15:506 IMS/(9026:9026): Se encontró el archivo superBloque.ims
[INFO] 19:55:15:509 IMS/(9026:9026): Se procede a validar la existencia de archivo Blocks.ims
[INFO] 19:55:15:510 IMS/(9026:9026): Existe archivo Blocks.ims. Se levanta Filesystem anterior
[INFO] 19:56:49:714 IMS/(9182:9182): validando existencia de superbloque.ims....
[INFO] 19:56:49:716 IMS/(9182:9182): No se encontró archivo superBloque.ims. Se crea archivo
[INFO] 19:56:49:718 IMS/(9182:9182): Ingresar tamaño de cada bloque
[INFO] 19:56:52:610 IMS/(9182:9182): Ingresar cantidad de bloques
[INFO] 19:57:24:133 IMS/(9231:9231): validando existencia de superbloque.ims....
[INFO] 19:57:24:135 IMS/(9231:9231): Se encontró el archivo superBloque.ims
[INFO] 19:57:24:135 IMS/(9231:9231): Se procede a validar la existencia de archivo Blocks.ims
[ERROR] 19:57:24:139 IMS/(9231:9231): No se encontró archivo Blocks.ims. Se crea archivo
[INFO] 19:57:24:165 IMS/(9231:9231): Guarde espacio para el bitmap en superbloque
[INFO] 19:57:24:168 IMS/(9231:9231): hola
[INFO] 19:57:24:169 IMS/(9231:9231): hola
[INFO] 19:57:24:169 IMS/(9231:9231): hola
[INFO] 19:57:24:170 IMS/(9231:9231): hola
[INFO] 19:57:24:170 IMS/(9231:9231): Setee bitmap en 0 todo......0
[INFO] 20:50:09:184 IMS/(13751:13751): Validando existencia de superbloque.ims....
[INFO] 20:50:09:185 IMS/(13751:13751): Se encontró el archivo superBloque.ims
[INFO] 20:50:09:189 IMS/(13751:13751): Se muestra los datos del superBloque
. Tamaño de bloque:  0.
Cantidad de bloques: 0

[INFO] 20:50:09:190 IMS/(13751:13751): Validando existencia de Blocks.ims....
[INFO] 20:50:09:191 IMS/(13751:13751): Existe archivo Blocks.ims.
[INFO] 20:50:09:194 IMS/(13751:13751): Guarde espacio para el bitmap en superbloque
[INFO] 20:50:09:196 IMS/(13751:13751): Setee bitmap en 0 todo......0
[INFO] 20:50:42:420 IMS/(13800:13800): Validando existencia de superbloque.ims....
[ERROR] 20:50:42:421 IMS/(13800:13800): No se encontró archivo superBloque.ims. Se crea archivo
[INFO] 20:50:42:422 IMS/(13800:13800): Ingresar tamaño de cada bloque
[INFO] 20:50:46:505 IMS/(13800:13800): Ingresar cantidad de bloques
[INFO] 20:50:48:278 IMS/(13800:13800): Se creó archivo superBloque.ims
[INFO] 20:50:48:278 IMS/(13800:13800): Validando existencia de Blocks.ims....
[ERROR] 20:50:48:279 IMS/(13800:13800): No se encontró archivo Blocks.ims. Se crea archivo
[INFO] 20:50:48:281 IMS/(13800:13800): Se creó archivo Blocks.ims
[INFO] 20:50:48:283 IMS/(13800:13800): Guarde espacio para el bitmap en superbloque
[INFO] 20:53:05:407 IMS/(13997:13997): Validando existencia de superbloque.ims....
[INFO] 20:53:05:408 IMS/(13997:13997): Se encontró el archivo superBloque.ims
[INFO] 20:53:05:412 IMS/(13997:13997): Se muestra los datos del superBloque
. Tamaño de bloque:  0.
Cantidad de bloques: 0

[INFO] 20:53:05:413 IMS/(13997:13997): Validando existencia de Blocks.ims....
[INFO] 20:53:05:414 IMS/(13997:13997): Existe archivo Blocks.ims.
[INFO] 20:53:05:415 IMS/(13997:13997): Guarde espacio para el bitmap en superbloque
[INFO] 20:53:05:416 IMS/(13997:13997): Setee bitmap en 0 todo......0
[INFO] 20:56:20:727 IMS/(14353:14353): Validando existencia de superbloque.ims....
[ERROR] 20:56:20:729 IMS/(14353:14353): No se encontró archivo superBloque.ims. Se crea archivo
[INFO] 20:56:20:729 IMS/(14353:14353): Ingresar tamaño de cada bloque
[INFO] 20:56:23:414 IMS/(14353:14353): Ingresar cantidad de bloques
[INFO] 20:56:24:703 IMS/(14353:14353): Se creó archivo superBloque.ims
[INFO] 20:56:29:725 IMS/(14366:14366): Validando existencia de superbloque.ims....
[INFO] 20:56:29:726 IMS/(14366:14366): Se encontró el archivo superBloque.ims
[INFO] 20:56:29:729 IMS/(14366:14366): Se muestra los datos del superBloque
. Tamaño de bloque:  10.
Cantidad de bloques: 0

[INFO] 20:57:11:533 IMS/(14429:14429): Validando existencia de superbloque.ims....
[ERROR] 20:57:11:534 IMS/(14429:14429): No se encontró archivo superBloque.ims. Se crea archivo
[INFO] 20:57:11:534 IMS/(14429:14429): Ingresar tamaño de cada bloque
[INFO] 20:57:12:953 IMS/(14429:14429): Ingresar cantidad de bloques
[INFO] 20:57:13:900 IMS/(14429:14429): Se creó archivo superBloque.ims
[INFO] 20:57:15:778 IMS/(14438:14438): Validando existencia de superbloque.ims....
[INFO] 20:57:15:779 IMS/(14438:14438): Se encontró el archivo superBloque.ims
[INFO] 20:57:15:784 IMS/(14438:14438): Se muestra los datos del superBloque
. Tamaño de bloque:  10.
Cantidad de bloques: 2

[INFO] 20:57:54:517 IMS/(14495:14495): Validando existencia de superbloque.ims....
[ERROR] 20:57:54:519 IMS/(14495:14495): No se encontró archivo superBloque.ims. Se crea archivo
[INFO] 20:57:54:519 IMS/(14495:14495): Ingresar tamaño de cada bloque
[INFO] 20:57:55:789 IMS/(14495:14495): Ingresar cantidad de bloques
[INFO] 20:57:56:155 IMS/(14495:14495): Se creó archivo superBloque.ims
[INFO] 20:57:58:531 IMS/(14502:14502): Validando existencia de superbloque.ims....
[INFO] 20:57:58:533 IMS/(14502:14502): Se encontró el archivo superBloque.ims
[INFO] 20:57:58:535 IMS/(14502:14502): Se muestra los datos del superBloque.
Tamaño de bloque:  10.
Cantidad de bloques:   2

[INFO] 20:58:53:758 IMS/(14585:14585): Validando existencia de superbloque.ims....
[ERROR] 20:58:53:760 IMS/(14585:14585): No se encontró archivo superBloque.ims. Se crea archivo
[INFO] 20:58:53:762 IMS/(14585:14585): Ingresar tamaño de cada bloque
[INFO] 20:58:54:912 IMS/(14585:14585): Ingresar cantidad de bloques
[INFO] 20:58:55:713 IMS/(14585:14585): Se creó archivo superBloque.ims
[INFO] 20:58:55:713 IMS/(14585:14585): Validando existencia de Blocks.ims....
[ERROR] 20:58:55:714 IMS/(14585:14585): No se encontró archivo Blocks.ims. Se crea archivo
[INFO] 20:58:55:715 IMS/(14585:14585): Se creó archivo Blocks.ims
[INFO] 20:58:59:714 IMS/(14592:14592): Validando existencia de superbloque.ims....
[INFO] 20:58:59:715 IMS/(14592:14592): Se encontró el archivo superBloque.ims
[INFO] 20:58:59:717 IMS/(14592:14592): Se muestra los datos del superBloque.
Tamaño de bloque:10
Cantidad de bloques:3

[INFO] 20:58:59:720 IMS/(14592:14592): Validando existencia de Blocks.ims....
[INFO] 20:58:59:721 IMS/(14592:14592): Existe archivo Blocks.ims.
[INFO] 21:00:22:736 IMS/(14708:14708): Validando existencia de superbloque.ims....
[ERROR] 21:00:22:737 IMS/(14708:14708): No se encontró archivo superBloque.ims. Se crea archivo
[INFO] 21:00:22:738 IMS/(14708:14708): Ingresar tamaño de cada bloque
[INFO] 21:00:24:519 IMS/(14708:14708): Ingresar cantidad de bloques
[INFO] 21:00:26:451 IMS/(14708:14708): Se creó archivo superBloque.ims
[INFO] 21:00:26:451 IMS/(14708:14708): Validando existencia de Blocks.ims....
[ERROR] 21:00:26:451 IMS/(14708:14708): No se encontró archivo Blocks.ims. Se crea archivo
[INFO] 21:00:26:453 IMS/(14708:14708): Se creó archivo Blocks.ims
[INFO] 21:00:28:741 IMS/(14718:14718): Validando existencia de superbloque.ims....
[INFO] 21:00:28:742 IMS/(14718:14718): Se encontró el archivo superBloque.ims
[INFO] 21:00:28:746 IMS/(14718:14718): Se muestra los datos del superBloque.
Tamaño de bloque:10
Cantidad de bloques:30

[INFO] 21:00:28:747 IMS/(14718:14718): Validando existencia de Blocks.ims....
[INFO] 21:00:28:748 IMS/(14718:14718): Existe archivo Blocks.ims.
[INFO] 21:01:11:487 IMS/(14779:14779): Validando existencia de superbloque.ims....
[ERROR] 21:01:11:489 IMS/(14779:14779): No se encontró archivo superBloque.ims. Se crea archivo
[INFO] 21:01:11:489 IMS/(14779:14779): Ingresar tamaño de cada bloque
[INFO] 21:01:16:749 IMS/(14779:14779): Ingresar cantidad de bloques
[INFO] 21:01:18:476 IMS/(14779:14779): Se creó archivo superBloque.ims
[INFO] 21:01:18:477 IMS/(14779:14779): Validando existencia de Blocks.ims....
[ERROR] 21:01:18:478 IMS/(14779:14779): No se encontró archivo Blocks.ims. Se crea archivo
[INFO] 21:01:18:481 IMS/(14779:14779): Se creó archivo Blocks.ims
[INFO] 21:01:18:483 IMS/(14779:14779): Guarde espacio para el bitmap en superbloque
[INFO] 21:02:12:042 IMS/(14868:14868): Validando existencia de superbloque.ims....
[INFO] 21:02:12:043 IMS/(14868:14868): Se encontró el archivo superBloque.ims
[INFO] 21:02:12:046 IMS/(14868:14868): Se muestra los datos del superBloque.
Tamaño de bloque:-1216528368
Cantidad de bloques:0

[INFO] 21:02:12:048 IMS/(14868:14868): Validando existencia de Blocks.ims....
[INFO] 21:02:12:049 IMS/(14868:14868): Existe archivo Blocks.ims.
[INFO] 21:02:12:051 IMS/(14868:14868): Guarde espacio para el bitmap en superbloque
[INFO] 21:02:12:051 IMS/(14868:14868): h
[INFO] 21:02:12:052 IMS/(14868:14868): h
[INFO] 21:02:12:052 IMS/(14868:14868): h
[INFO] 21:02:12:053 IMS/(14868:14868): h
[INFO] 21:02:12:053 IMS/(14868:14868): h
[INFO] 21:02:12:053 IMS/(14868:14868): Setee bitmap en 0 todo......0
[INFO] 21:06:09:484 IMS/(15337:15337): Validando existencia de superbloque.ims....
[INFO] 21:06:09:486 IMS/(15337:15337): Se encontró el archivo superBloque.ims
[INFO] 21:06:09:493 IMS/(15337:15337): Se muestra los datos del superBloque.
Tamaño de bloque:-1216720880
Cantidad de bloques:0

[INFO] 21:06:09:493 IMS/(15337:15337): Validando existencia de Blocks.ims....
[INFO] 21:06:09:494 IMS/(15337:15337): Existe archivo Blocks.ims.
[INFO] 21:06:09:496 IMS/(15337:15337): Guarde espacio para el bitmap en superbloque
[INFO] 21:06:09:497 IMS/(15337:15337): Setee bitmap en 0 todo......0
[INFO] 21:06:24:683 IMS/(15365:15365): Validando existencia de superbloque.ims....
[INFO] 21:06:24:684 IMS/(15365:15365): Se encontró el archivo superBloque.ims
[INFO] 21:06:24:687 IMS/(15365:15365): Se muestra los datos del superBloque.
Tamaño de bloque:-1217269744
Cantidad de bloques:0

[INFO] 21:06:24:689 IMS/(15365:15365): Validando existencia de Blocks.ims....
[INFO] 21:06:24:690 IMS/(15365:15365): Existe archivo Blocks.ims.
[INFO] 21:06:24:692 IMS/(15365:15365): Guarde espacio para el bitmap en superbloque
[INFO] 21:06:24:693 IMS/(15365:15365): Setee bitmap en 0 todo......0
[INFO] 21:06:50:569 IMS/(15404:15404): Validando existencia de superbloque.ims....
[INFO] 21:06:50:570 IMS/(15404:15404): Se encontró el archivo superBloque.ims
[INFO] 21:06:50:573 IMS/(15404:15404): Se muestra los datos del superBloque.
Tamaño de bloque:-1217335280
Cantidad de bloques:0

[INFO] 21:06:50:573 IMS/(15404:15404): Validando existencia de Blocks.ims....
[INFO] 21:06:50:576 IMS/(15404:15404): Existe archivo Blocks.ims.
[INFO] 21:06:50:578 IMS/(15404:15404): Guarde espacio para el bitmap en superbloque
[INFO] 21:06:50:579 IMS/(15404:15404): Setee bitmap en 0 todo......0
[INFO] 21:06:52:612 IMS/(15412:15412): Validando existencia de superbloque.ims....
[INFO] 21:06:52:613 IMS/(15412:15412): Se encontró el archivo superBloque.ims
[INFO] 21:06:52:615 IMS/(15412:15412): Se muestra los datos del superBloque.
Tamaño de bloque:-1217003504
Cantidad de bloques:0

[INFO] 21:06:52:616 IMS/(15412:15412): Validando existencia de Blocks.ims....
[INFO] 21:06:52:616 IMS/(15412:15412): Existe archivo Blocks.ims.
[INFO] 21:06:52:620 IMS/(15412:15412): Guarde espacio para el bitmap en superbloque
[INFO] 21:06:52:621 IMS/(15412:15412): holi
[INFO] 21:06:52:622 IMS/(15412:15412): Setee bitmap en 0 todo......0
[INFO] 21:07:23:553 IMS/(15458:15458): Validando existencia de superbloque.ims....
[INFO] 21:07:23:554 IMS/(15458:15458): Se encontró el archivo superBloque.ims
[INFO] 21:07:23:556 IMS/(15458:15458): Se muestra los datos del superBloque.
Tamaño de bloque:-1216876528
Cantidad de bloques:0

[INFO] 21:07:23:556 IMS/(15458:15458): Validando existencia de Blocks.ims....
[INFO] 21:07:23:559 IMS/(15458:15458): Existe archivo Blocks.ims.
[INFO] 21:07:23:561 IMS/(15458:15458): Guarde espacio para el bitmap en superbloque
[INFO] 21:07:23:562 IMS/(15458:15458): Setee bitmap en 0 todo......0
[INFO] 21:07:35:992 IMS/(15484:15484): Validando existencia de superbloque.ims....
[INFO] 21:07:35:994 IMS/(15484:15484): Se encontró el archivo superBloque.ims
[INFO] 21:07:35:999 IMS/(15484:15484): Se muestra los datos del superBloque.
Tamaño de bloque:-1216503792
Cantidad de bloques:0

[INFO] 21:07:35:999 IMS/(15484:15484): Validando existencia de Blocks.ims....
[INFO] 21:07:36:000 IMS/(15484:15484): Existe archivo Blocks.ims.
[INFO] 21:07:36:002 IMS/(15484:15484): Guarde espacio para el bitmap en superbloque
[INFO] 21:07:36:003 IMS/(15484:15484): Setee bitmap en 0 todo......0
[INFO] 21:07:52:640 IMS/(15511:15511): Validando existencia de superbloque.ims....
[INFO] 21:07:52:645 IMS/(15511:15511): Se encontró el archivo superBloque.ims
[INFO] 21:07:52:649 IMS/(15511:15511): Se muestra los datos del superBloque.
Tamaño de bloque:-1216638960
Cantidad de bloques:0

[INFO] 21:07:52:650 IMS/(15511:15511): Validando existencia de Blocks.ims....
[INFO] 21:07:52:651 IMS/(15511:15511): Existe archivo Blocks.ims.
[INFO] 21:07:52:654 IMS/(15511:15511): Guarde espacio para el bitmap en superbloque
[INFO] 21:07:52:666 IMS/(15511:15511): Setee bitmap en 0 todo......0
[INFO] 21:09:59:303 IMS/(15694:15694): Validando existencia de superbloque.ims....
[INFO] 21:09:59:305 IMS/(15694:15694): Se encontró el archivo superBloque.ims
[INFO] 21:09:59:311 IMS/(15694:15694): Se muestra los datos del superBloque.
Tamaño de bloque:-1216589808
Cantidad de bloques:0

[INFO] 21:09:59:312 IMS/(15694:15694): Validando existencia de Blocks.ims....
[INFO] 21:09:59:313 IMS/(15694:15694): Existe archivo Blocks.ims.
[INFO] 21:09:59:316 IMS/(15694:15694): Guarde espacio para el bitmap en superbloque
[INFO] 21:09:59:318 IMS/(15694:15694): Setee bitmap en 0 todo......0
[INFO] 21:11:11:280 IMS/(15791:15791): Validando existencia de superbloque.ims....
[INFO] 21:11:11:281 IMS/(15791:15791): Se encontró el archivo superBloque.ims
[INFO] 21:11:11:283 IMS/(15791:15791): Se muestra los datos del superBloque.
Tamaño de bloque:-1216884720
Cantidad de bloques:0

[INFO] 21:11:11:284 IMS/(15791:15791): Validando existencia de Blocks.ims....
[INFO] 21:11:11:285 IMS/(15791:15791): Existe archivo Blocks.ims.
[INFO] 21:11:11:286 IMS/(15791:15791): Guarde espacio para el bitmap en superbloque
[INFO] 21:12:09:062 IMS/(15874:15874): Validando existencia de superbloque.ims....
[INFO] 21:12:09:063 IMS/(15874:15874): Se encontró el archivo superBloque.ims
[INFO] 21:12:09:074 IMS/(15874:15874): Se muestra los datos del superBloque.
Tamaño de bloque:-1217343472
Cantidad de bloques:0

[INFO] 21:12:09:074 IMS/(15874:15874): Validando existencia de Blocks.ims....
[INFO] 21:12:09:075 IMS/(15874:15874): Existe archivo Blocks.ims.
[INFO] 21:12:09:076 IMS/(15874:15874): Guarde espacio para el bitmap en superbloque
[INFO] 21:12:09:080 IMS/(15874:15874): Setee bitmap en 0 todo......-1217728512
[INFO] 21:12:34:520 IMS/(15913:15913): Validando existencia de superbloque.ims....
[ERROR] 21:12:34:521 IMS/(15913:15913): No se encontró archivo superBloque.ims. Se crea archivo
[INFO] 21:12:34:522 IMS/(15913:15913): Ingresar tamaño de cada bloque
[INFO] 21:12:42:472 IMS/(15931:15931): Validando existencia de superbloque.ims....
[ERROR] 21:12:42:473 IMS/(15931:15931): No se encontró archivo superBloque.ims. Se crea archivo
[INFO] 21:12:42:473 IMS/(15931:15931): Ingresar tamaño de cada bloque
[INFO] 21:12:44:567 IMS/(15931:15931): Ingresar cantidad de bloques
[INFO] 21:12:45:530 IMS/(15931:15931): Se creó archivo superBloque.ims
[INFO] 21:12:45:530 IMS/(15931:15931): Validando existencia de Blocks.ims....
[ERROR] 21:12:45:530 IMS/(15931:15931): No se encontró archivo Blocks.ims. Se crea archivo
[INFO] 21:12:45:532 IMS/(15931:15931): Se creó archivo Blocks.ims
[INFO] 21:12:45:534 IMS/(15931:15931): Guarde espacio para el bitmap en superbloque
[INFO] 21:12:45:538 IMS/(15931:15931): holi
[INFO] 21:13:42:385 IMS/(16014:16014): Validando existencia de superbloque.ims....
[INFO] 21:13:42:386 IMS/(16014:16014): Se encontró el archivo superBloque.ims
[INFO] 21:13:42:392 IMS/(16014:16014): Se muestra los datos del superBloque.
Tamaño de bloque:-1216995312
Cantidad de bloques:0

[INFO] 21:13:42:393 IMS/(16014:16014): Validando existencia de Blocks.ims....
[INFO] 21:13:42:394 IMS/(16014:16014): Existe archivo Blocks.ims.
[INFO] 21:13:42:398 IMS/(16014:16014): Guarde espacio para el bitmap en superbloque
[INFO] 21:13:42:399 IMS/(16014:16014): Setee bitmap en 0 todo......-1217380352
[INFO] 21:36:34:502 IMS/(18000:18000): Validando existencia de superbloque.ims....
[INFO] 21:36:34:504 IMS/(18000:18000): Se encontró el archivo superBloque.ims
[INFO] 21:36:34:527 IMS/(18000:18000): Se muestra los datos del superBloque.
Tamaño de bloque:-1217175536
Cantidad de bloques:0

[INFO] 21:36:34:527 IMS/(18000:18000): Validando existencia de Blocks.ims....
[INFO] 21:36:34:528 IMS/(18000:18000): Existe archivo Blocks.ims.
[INFO] 21:36:34:533 IMS/(18000:18000): Guarde espacio para el bitmap en superbloque
[INFO] 21:36:34:534 IMS/(18000:18000): Setee bitmap en 0 todo......-1217560576
[INFO] 21:37:03:847 IMS/(18058:18058): Validando existencia de superbloque.ims....
[ERROR] 21:37:03:848 IMS/(18058:18058): No se encontró archivo superBloque.ims. Se crea archivo
[INFO] 21:37:03:848 IMS/(18058:18058): Ingresar tamaño de cada bloque
[INFO] 21:37:05:337 IMS/(18058:18058): Ingresar cantidad de bloques
[INFO] 21:37:06:070 IMS/(18058:18058): Se creó archivo superBloque.ims
[INFO] 21:37:06:070 IMS/(18058:18058): Validando existencia de Blocks.ims....
[ERROR] 21:37:06:071 IMS/(18058:18058): No se encontró archivo Blocks.ims. Se crea archivo
[INFO] 21:37:06:072 IMS/(18058:18058): Se creó archivo Blocks.ims
[INFO] 21:37:06:076 IMS/(18058:18058): Guarde espacio para el bitmap en superbloque
[INFO] 21:37:06:076 IMS/(18058:18058): holi
[INFO] 21:37:06:077 IMS/(18058:18058): holi
[INFO] 21:37:06:077 IMS/(18058:18058): holi
[INFO] 21:37:06:077 IMS/(18058:18058): holi
[INFO] 21:37:06:078 IMS/(18058:18058): holi
[INFO] 21:37:06:078 IMS/(18058:18058): holi
[INFO] 21:37:06:078 IMS/(18058:18058): holi
[INFO] 21:37:06:078 IMS/(18058:18058): holi
[INFO] 21:37:06:078 IMS/(18058:18058): holi
[INFO] 21:37:06:078 IMS/(18058:18058): holi
[INFO] 21:37:06:078 IMS/(18058:18058): holi
[INFO] 21:37:06:079 IMS/(18058:18058): holi
[INFO] 21:37:06:079 IMS/(18058:18058): holi
[INFO] 21:37:06:079 IMS/(18058:18058): holi
[INFO] 21:37:06:081 IMS/(18058:18058): holi
[INFO] 21:37:06:081 IMS/(18058:18058): holi
[INFO] 21:37:06:081 IMS/(18058:18058): holi
[INFO] 21:37:06:081 IMS/(18058:18058): holi
[INFO] 21:37:06:081 IMS/(18058:18058): holi
[INFO] 21:37:06:081 IMS/(18058:18058): holi
[INFO] 21:37:06:081 IMS/(18058:18058): holi
[INFO] 21:37:06:081 IMS/(18058:18058): holi
[INFO] 21:37:06:081 IMS/(18058:18058): holi
[INFO] 21:37:06:082 IMS/(18058:18058): holi
[INFO] 21:37:06:082 IMS/(18058:18058): holi
[INFO] 21:37:06:082 IMS/(18058:18058): holi
[INFO] 21:37:06:082 IMS/(18058:18058): holi
[INFO] 21:37:06:082 IMS/(18058:18058): holi
[INFO] 21:37:06:082 IMS/(18058:18058): holi
[INFO] 21:37:06:082 IMS/(18058:18058): holi
[INFO] 21:37:06:082 IMS/(18058:18058): holi
[INFO] 21:37:06:082 IMS/(18058:18058): holi
[INFO] 21:37:06:082 IMS/(18058:18058): holi
[INFO] 21:37:06:083 IMS/(18058:18058): holi
[INFO] 21:37:06:083 IMS/(18058:18058): holi
[INFO] 21:37:06:083 IMS/(18058:18058): holi
[INFO] 21:37:06:083 IMS/(18058:18058): holi
[INFO] 21:37:06:083 IMS/(18058:18058): holi
[INFO] 21:37:06:083 IMS/(18058:18058): holi
[INFO] 21:37:06:083 IMS/(18058:18058): holi
[INFO] 21:37:06:083 IMS/(18058:18058): holi
[INFO] 21:37:06:083 IMS/(18058:18058): holi
[INFO] 21:37:06:083 IMS/(18058:18058): Setee bitmap en 0 todo......-1217290219
[INFO] 21:37:06:083 IMS/(18058:18058): 0
[INFO] 21:37:06:084 IMS/(18058:18058): 0
[INFO] 21:37:06:084 IMS/(18058:18058): 0
[INFO] 21:37:06:084 IMS/(18058:18058): 0
[INFO] 21:37:06:084 IMS/(18058:18058): 0
[INFO] 21:37:06:084 IMS/(18058:18058): 0
[INFO] 21:37:06:084 IMS/(18058:18058): 0
[INFO] 21:37:06:084 IMS/(18058:18058): 0
[INFO] 21:37:06:084 IMS/(18058:18058): 0
[INFO] 21:37:06:084 IMS/(18058:18058): 0
[INFO] 21:37:06:084 IMS/(18058:18058): 0
[INFO] 21:37:06:084 IMS/(18058:18058): 0
[INFO] 21:37:06:084 IMS/(18058:18058): 0
[INFO] 21:37:06:085 IMS/(18058:18058): 0
[INFO] 21:37:06:085 IMS/(18058:18058): 0
[INFO] 21:37:06:085 IMS/(18058:18058): 0
[INFO] 21:37:06:085 IMS/(18058:18058): 0
[INFO] 21:37:06:085 IMS/(18058:18058): 0
[INFO] 21:37:06:085 IMS/(18058:18058): 0
[INFO] 21:37:06:085 IMS/(18058:18058): 0
[INFO] 21:37:06:085 IMS/(18058:18058): 0
[INFO] 21:48:35:460 IMS/(19223:19223): Validando existencia de superbloque.ims....
[ERROR] 21:48:35:461 IMS/(19223:19223): No se encontró archivo superBloque.ims. Se crea archivo
[INFO] 21:48:35:461 IMS/(19223:19223): Ingresar tamaño de cada bloque
[INFO] 21:48:36:928 IMS/(19223:19223): Ingresar cantidad de bloques
[INFO] 21:48:37:767 IMS/(19223:19223): Se creó archivo superBloque.ims
[INFO] 21:48:37:767 IMS/(19223:19223): Validando existencia de Blocks.ims....
[ERROR] 21:48:37:767 IMS/(19223:19223): No se encontró archivo Blocks.ims. Se crea archivo
[INFO] 21:48:37:768 IMS/(19223:19223): Se creó archivo Blocks.ims
[INFO] 21:48:37:771 IMS/(19223:19223): Guarde espacio para el bitmap en superbloque
[INFO] 21:48:37:772 IMS/(19223:19223): Setee bitmap en 0 todo. (Cantidad de bloques en bitmap-->-1217757174)
[INFO] 21:48:37:772 IMS/(19223:19223): 0
[INFO] 21:48:37:772 IMS/(19223:19223): 0
[INFO] 21:48:37:772 IMS/(19223:19223): 0
[INFO] 21:48:37:772 IMS/(19223:19223): 0
[INFO] 21:48:37:773 IMS/(19223:19223): 0
[INFO] 21:48:37:773 IMS/(19223:19223): 0
[INFO] 21:48:37:773 IMS/(19223:19223): 0
[INFO] 21:48:37:773 IMS/(19223:19223): 0
[INFO] 21:48:37:773 IMS/(19223:19223): 0
[INFO] 21:48:37:773 IMS/(19223:19223): 0
